INFO 2023-11-30 02:01:27,027  8708  Watching for file changes with StatReloader
INFO 2023-11-30 02:02:36,061  21180  Watching for file changes with StatReloader
INFO 2023-11-30 02:05:07,469  22632  Watching for file changes with StatReloader
INFO 2023-11-30 02:07:06,730  23352  Watching for file changes with StatReloader
WARNING 2023-11-30 02:09:00,278  21180  Not Found: /cdn-cgi/scripts/5c5dd728/cloudflare-static/email-decode.min.js
WARNING 2023-11-30 02:09:07,003  21180  Not Found: /cdn-cgi/scripts/5c5dd728/cloudflare-static/email-decode.min.js
WARNING 2023-11-30 02:09:09,880  21180  Not Found: /cdn-cgi/scripts/5c5dd728/cloudflare-static/email-decode.min.js
INFO 2023-11-30 02:58:45,970  14208  Watching for file changes with StatReloader
WARNING 2023-11-30 02:59:05,193  14208  Not Found: /cdn-cgi/scripts/5c5dd728/cloudflare-static/email-decode.min.js
WARNING 2023-11-30 02:59:06,753  14208  Not Found: /cdn-cgi/scripts/5c5dd728/cloudflare-static/email-decode.min.js
WARNING 2023-11-30 02:59:17,813  14208  Not Found: /cdn-cgi/scripts/5c5dd728/cloudflare-static/email-decode.min.js
WARNING 2023-11-30 02:59:24,882  14208  Not Found: /cdn-cgi/scripts/5c5dd728/cloudflare-static/email-decode.min.js
INFO 2023-11-30 02:59:57,437  5332  Watching for file changes with StatReloader
INFO 2023-11-30 03:01:19,833  14552  Watching for file changes with StatReloader
WARNING 2023-11-30 03:01:22,141  5332  Not Found: /cdn-cgi/scripts/5c5dd728/cloudflare-static/email-decode.min.js
WARNING 2023-11-30 03:01:25,687  5332  Not Found: /cdn-cgi/scripts/5c5dd728/cloudflare-static/email-decode.min.js
WARNING 2023-11-30 03:01:28,932  5332  Not Found: /cdn-cgi/scripts/5c5dd728/cloudflare-static/email-decode.min.js
WARNING 2023-11-30 03:01:35,188  5332  Not Found: /cdn-cgi/scripts/5c5dd728/cloudflare-static/email-decode.min.js
INFO 2023-11-30 03:03:12,458  20536  Watching for file changes with StatReloader
WARNING 2023-11-30 03:03:14,322  5332  Not Found: /cdn-cgi/scripts/5c5dd728/cloudflare-static/email-decode.min.js
WARNING 2023-11-30 03:03:17,339  5332  Not Found: /cdn-cgi/scripts/5c5dd728/cloudflare-static/email-decode.min.js
INFO 2023-11-30 03:05:24,701  2248  Watching for file changes with StatReloader
WARNING 2023-11-30 03:05:26,470  5332  Not Found: /cdn-cgi/scripts/5c5dd728/cloudflare-static/email-decode.min.js
WARNING 2023-11-30 03:05:27,752  5332  Not Found: /cdn-cgi/scripts/5c5dd728/cloudflare-static/email-decode.min.js
WARNING 2023-11-30 03:05:32,052  5332  Not Found: /cdn-cgi/scripts/5c5dd728/cloudflare-static/email-decode.min.js
WARNING 2023-11-30 03:06:08,783  5332  Not Found: /cdn-cgi/scripts/5c5dd728/cloudflare-static/email-decode.min.js
WARNING 2023-11-30 03:06:10,226  5332  Not Found: /cdn-cgi/scripts/5c5dd728/cloudflare-static/email-decode.min.js
INFO 2023-11-30 03:06:38,312  14852  Watching for file changes with StatReloader
WARNING 2023-11-30 03:06:39,821  5332  Not Found: /cdn-cgi/scripts/5c5dd728/cloudflare-static/email-decode.min.js
WARNING 2023-11-30 03:06:41,527  5332  Not Found: /cdn-cgi/scripts/5c5dd728/cloudflare-static/email-decode.min.js
INFO 2023-11-30 03:07:13,909  22900  Watching for file changes with StatReloader
WARNING 2023-11-30 03:07:15,366  5332  Not Found: /cdn-cgi/scripts/5c5dd728/cloudflare-static/email-decode.min.js
WARNING 2023-11-30 03:07:17,031  5332  Not Found: /cdn-cgi/scripts/5c5dd728/cloudflare-static/email-decode.min.js
INFO 2023-11-30 03:07:35,938  18036  Watching for file changes with StatReloader
WARNING 2023-11-30 03:07:37,433  5332  Not Found: /cdn-cgi/scripts/5c5dd728/cloudflare-static/email-decode.min.js
WARNING 2023-11-30 03:07:39,527  5332  Not Found: /cdn-cgi/scripts/5c5dd728/cloudflare-static/email-decode.min.js
WARNING 2023-11-30 03:07:46,379  5332  Not Found: /cdn-cgi/scripts/5c5dd728/cloudflare-static/email-decode.min.js
WARNING 2023-11-30 03:08:27,440  5332  Not Found: /cdn-cgi/scripts/5c5dd728/cloudflare-static/email-decode.min.js
WARNING 2023-11-30 03:08:29,643  5332  Not Found: /cdn-cgi/scripts/5c5dd728/cloudflare-static/email-decode.min.js
WARNING 2023-11-30 03:08:33,134  5332  Not Found: /cdn-cgi/scripts/5c5dd728/cloudflare-static/email-decode.min.js
WARNING 2023-11-30 03:08:35,367  5332  Not Found: /cdn-cgi/scripts/5c5dd728/cloudflare-static/email-decode.min.js
WARNING 2023-11-30 03:08:37,233  5332  Not Found: /cdn-cgi/scripts/5c5dd728/cloudflare-static/email-decode.min.js
WARNING 2023-11-30 03:08:38,701  5332  Not Found: /cdn-cgi/scripts/5c5dd728/cloudflare-static/email-decode.min.js
WARNING 2023-11-30 03:08:40,699  5332  Not Found: /cdn-cgi/scripts/5c5dd728/cloudflare-static/email-decode.min.js
WARNING 2023-11-30 03:08:44,648  5332  Not Found: /cdn-cgi/scripts/5c5dd728/cloudflare-static/email-decode.min.js
WARNING 2023-11-30 03:08:46,704  5332  Not Found: /cdn-cgi/scripts/5c5dd728/cloudflare-static/email-decode.min.js
WARNING 2023-11-30 03:08:48,869  5332  Not Found: /cdn-cgi/scripts/5c5dd728/cloudflare-static/email-decode.min.js
WARNING 2023-11-30 03:08:51,134  5332  Not Found: /cdn-cgi/scripts/5c5dd728/cloudflare-static/email-decode.min.js
WARNING 2023-11-30 03:08:57,746  5332  Not Found: /cdn-cgi/scripts/5c5dd728/cloudflare-static/email-decode.min.js
WARNING 2023-11-30 03:10:18,646  5332  Not Found: /cdn-cgi/scripts/5c5dd728/cloudflare-static/email-decode.min.js
WARNING 2023-11-30 03:10:20,240  5332  Not Found: /cdn-cgi/scripts/5c5dd728/cloudflare-static/email-decode.min.js
WARNING 2023-11-30 03:10:21,425  5332  Not Found: /cdn-cgi/scripts/5c5dd728/cloudflare-static/email-decode.min.js
WARNING 2023-11-30 03:10:23,435  5332  Not Found: /cdn-cgi/scripts/5c5dd728/cloudflare-static/email-decode.min.js
WARNING 2023-11-30 03:10:24,646  5332  Not Found: /cdn-cgi/scripts/5c5dd728/cloudflare-static/email-decode.min.js
WARNING 2023-11-30 03:10:26,448  5332  Not Found: /cdn-cgi/scripts/5c5dd728/cloudflare-static/email-decode.min.js
WARNING 2023-11-30 03:10:32,497  5332  Not Found: /cdn-cgi/scripts/5c5dd728/cloudflare-static/email-decode.min.js
WARNING 2023-11-30 03:10:44,580  5332  Not Found: /cdn-cgi/scripts/5c5dd728/cloudflare-static/email-decode.min.js
WARNING 2023-11-30 03:10:46,445  5332  Not Found: /cdn-cgi/scripts/5c5dd728/cloudflare-static/email-decode.min.js
WARNING 2023-11-30 03:10:47,842  5332  Not Found: /cdn-cgi/scripts/5c5dd728/cloudflare-static/email-decode.min.js
WARNING 2023-11-30 03:10:50,608  5332  Not Found: /cdn-cgi/scripts/5c5dd728/cloudflare-static/email-decode.min.js
WARNING 2023-11-30 03:11:40,573  5332  Not Found: /cdn-cgi/scripts/5c5dd728/cloudflare-static/email-decode.min.js
WARNING 2023-11-30 03:11:46,514  5332  Not Found: /cdn-cgi/scripts/5c5dd728/cloudflare-static/email-decode.min.js
WARNING 2023-11-30 03:11:51,965  5332  Not Found: /cdn-cgi/scripts/5c5dd728/cloudflare-static/email-decode.min.js
INFO 2023-11-30 03:13:38,600  21164  Watching for file changes with StatReloader
WARNING 2023-11-30 03:13:40,154  5332  Not Found: /cdn-cgi/scripts/5c5dd728/cloudflare-static/email-decode.min.js
WARNING 2023-11-30 03:13:46,171  5332  Not Found: /cdn-cgi/scripts/5c5dd728/cloudflare-static/email-decode.min.js
INFO 2023-11-30 03:14:17,356  7096  Watching for file changes with StatReloader
WARNING 2023-11-30 03:14:22,592  5332  Not Found: /cdn-cgi/scripts/5c5dd728/cloudflare-static/email-decode.min.js
WARNING 2023-11-30 03:14:26,416  5332  Not Found: /cdn-cgi/scripts/5c5dd728/cloudflare-static/email-decode.min.js
WARNING 2023-11-30 03:14:28,302  5332  Not Found: /cdn-cgi/scripts/5c5dd728/cloudflare-static/email-decode.min.js
WARNING 2023-11-30 03:15:32,534  5332  Not Found: /cdn-cgi/scripts/5c5dd728/cloudflare-static/email-decode.min.js
WARNING 2023-11-30 03:15:49,340  5332  Not Found: /cdn-cgi/scripts/5c5dd728/cloudflare-static/email-decode.min.js
WARNING 2023-11-30 03:16:01,079  5332  Not Found: /cdn-cgi/scripts/5c5dd728/cloudflare-static/email-decode.min.js
INFO 2023-11-30 03:16:28,101  5332  C:\Users\vkori\Desktop\Django2\ClimateActionFrontier_EmobilisProjectShowcasing\ClimateActionFrontier_EmobilisProjectShowcasing\settings.py changed, reloading.
INFO 2023-11-30 03:16:28,928  1248  Watching for file changes with StatReloader
INFO 2023-11-30 03:16:29,371  24320  Watching for file changes with StatReloader
WARNING 2023-11-30 03:16:31,017  1248  Not Found: /cdn-cgi/scripts/5c5dd728/cloudflare-static/email-decode.min.js
WARNING 2023-11-30 03:16:31,033  1248  Not Found: /static/app/assets/js/tweenmax.min.js a
WARNING 2023-11-30 03:16:31,067  1248  Not Found: /static/app/ assets/img/team/team-shape-2.png
WARNING 2023-11-30 03:16:31,398  1248  Not Found: /static/app/ assets/img/team/team-shape-2.png
WARNING 2023-11-30 03:16:33,857  1248  Not Found: /cdn-cgi/scripts/5c5dd728/cloudflare-static/email-decode.min.js
WARNING 2023-11-30 03:16:33,861  1248  Not Found: /static/app/assets/js/tweenmax.min.js a
WARNING 2023-11-30 03:16:36,730  1248  Not Found: /cdn-cgi/scripts/5c5dd728/cloudflare-static/email-decode.min.js
WARNING 2023-11-30 03:16:36,738  1248  Not Found: /static/app/assets/js/tweenmax.min.js a
WARNING 2023-11-30 03:16:42,392  1248  Not Found: /cdn-cgi/scripts/5c5dd728/cloudflare-static/email-decode.min.js
WARNING 2023-11-30 03:16:42,392  1248  Not Found: /static/app/assets/js/tweenmax.min.js a
WARNING 2023-11-30 03:16:45,070  1248  Not Found: /static/app/assets/js/tweenmax.min.js a
WARNING 2023-11-30 03:16:45,070  1248  Not Found: /cdn-cgi/scripts/5c5dd728/cloudflare-static/email-decode.min.js
WARNING 2023-11-30 03:16:46,947  1248  Not Found: /cdn-cgi/scripts/5c5dd728/cloudflare-static/email-decode.min.js
WARNING 2023-11-30 03:16:46,947  1248  Not Found: /static/app/assets/js/tweenmax.min.js a
WARNING 2023-11-30 03:16:50,476  1248  Not Found: /cdn-cgi/scripts/5c5dd728/cloudflare-static/email-decode.min.js
WARNING 2023-11-30 03:16:50,479  1248  Not Found: /static/app/assets/js/tweenmax.min.js a
WARNING 2023-11-30 03:16:56,272  1248  Not Found: /cdn-cgi/scripts/5c5dd728/cloudflare-static/email-decode.min.js
WARNING 2023-11-30 03:16:56,275  1248  Not Found: /static/app/assets/js/tweenmax.min.js a
INFO 2023-11-30 03:19:12,570  5156  Watching for file changes with StatReloader
WARNING 2023-11-30 03:19:14,647  1248  Not Found: /cdn-cgi/scripts/5c5dd728/cloudflare-static/email-decode.min.js
WARNING 2023-11-30 03:19:14,661  1248  Not Found: /static/app/assets/js/tweenmax.min.js a
WARNING 2023-11-30 03:19:14,695  1248  Not Found: /static/app/ assets/img/team/team-shape-2.png
WARNING 2023-11-30 03:19:15,031  1248  Not Found: /static/app/ assets/img/team/team-shape-2.png
WARNING 2023-11-30 03:19:20,832  1248  Not Found: /403
WARNING 2023-11-30 03:19:20,914  1248  Not Found: /static/app/assets/img/404.jpg
WARNING 2023-11-30 03:19:20,916  1248  Not Found: /cdn-cgi/scripts/5c5dd728/cloudflare-static/email-decode.min.js
WARNING 2023-11-30 03:19:20,934  1248  Not Found: /static/app/assets/js/tweenmax.min.js a
WARNING 2023-11-30 03:19:20,940  1248  Not Found: /static/app/assets/img/404.png
WARNING 2023-11-30 03:19:32,520  1248  Not Found: /40
WARNING 2023-11-30 03:19:32,588  1248  Not Found: /static/app/assets/img/404.jpg
WARNING 2023-11-30 03:19:32,592  1248  Not Found: /cdn-cgi/scripts/5c5dd728/cloudflare-static/email-decode.min.js
WARNING 2023-11-30 03:19:32,609  1248  Not Found: /static/app/assets/js/tweenmax.min.js a
WARNING 2023-11-30 03:19:32,622  1248  Not Found: /static/app/assets/img/404.png
WARNING 2023-11-30 03:19:36,102  1248  Not Found: /404
WARNING 2023-11-30 03:19:36,168  1248  Not Found: /static/app/assets/img/404.jpg
WARNING 2023-11-30 03:19:36,173  1248  Not Found: /static/app/assets/img/404.png
WARNING 2023-11-30 03:19:36,173  1248  Not Found: /cdn-cgi/scripts/5c5dd728/cloudflare-static/email-decode.min.js
WARNING 2023-11-30 03:19:36,209  1248  Not Found: /static/app/assets/js/tweenmax.min.js a
WARNING 2023-11-30 03:19:39,937  1248  Not Found: /404
WARNING 2023-11-30 03:19:39,992  1248  Not Found: /static/app/assets/img/404.jpg
WARNING 2023-11-30 03:19:39,992  1248  Not Found: /static/app/assets/img/404.png
WARNING 2023-11-30 03:19:40,004  1248  Not Found: /cdn-cgi/scripts/5c5dd728/cloudflare-static/email-decode.min.js
WARNING 2023-11-30 03:19:40,040  1248  Not Found: /static/app/assets/js/tweenmax.min.js a
INFO 2023-11-30 03:21:02,554  19812  Watching for file changes with StatReloader
WARNING 2023-11-30 03:21:04,238  1248  Not Found: /cdn-cgi/scripts/5c5dd728/cloudflare-static/email-decode.min.js
WARNING 2023-11-30 03:21:04,268  1248  Not Found: /static/app/assets/js/tweenmax.min.js a
WARNING 2023-11-30 03:21:04,306  1248  Not Found: /static/app/ assets/img/team/team-shape-2.png
WARNING 2023-11-30 03:21:04,590  1248  Not Found: /static/app/ assets/img/team/team-shape-2.png
WARNING 2023-11-30 03:21:08,491  1248  Not Found: /cdn-cgi/scripts/5c5dd728/cloudflare-static/email-decode.min.js
WARNING 2023-11-30 03:21:08,495  1248  Not Found: /static/app/assets/js/tweenmax.min.js a
WARNING 2023-11-30 03:21:11,202  1248  Not Found: /cdn-cgi/scripts/5c5dd728/cloudflare-static/email-decode.min.js
WARNING 2023-11-30 03:21:11,206  1248  Not Found: /static/app/assets/js/tweenmax.min.js a
WARNING 2023-11-30 03:21:14,908  1248  Not Found: /cdn-cgi/scripts/5c5dd728/cloudflare-static/email-decode.min.js
WARNING 2023-11-30 03:21:14,910  1248  Not Found: /static/app/assets/js/tweenmax.min.js a
WARNING 2023-11-30 03:21:33,439  1248  Not Found: /cdn-cgi/scripts/5c5dd728/cloudflare-static/email-decode.min.js
WARNING 2023-11-30 03:21:33,439  1248  Not Found: /static/app/assets/js/tweenmax.min.js a
WARNING 2023-11-30 03:22:01,709  1248  Not Found: /static/app/assets/js/tweenmax.min.js a
WARNING 2023-11-30 03:22:01,713  1248  Not Found: /cdn-cgi/scripts/5c5dd728/cloudflare-static/email-decode.min.js
WARNING 2023-11-30 03:22:08,591  1248  Not Found: /cdn-cgi/scripts/5c5dd728/cloudflare-static/email-decode.min.js
WARNING 2023-11-30 03:22:08,592  1248  Not Found: /static/app/assets/js/tweenmax.min.js a
WARNING 2023-11-30 03:22:13,649  1248  Not Found: /cdn-cgi/scripts/5c5dd728/cloudflare-static/email-decode.min.js
WARNING 2023-11-30 03:22:13,654  1248  Not Found: /static/app/assets/js/tweenmax.min.js a
WARNING 2023-11-30 03:22:14,834  1248  Not Found: /cdn-cgi/scripts/5c5dd728/cloudflare-static/email-decode.min.js
WARNING 2023-11-30 03:22:14,839  1248  Not Found: /static/app/assets/js/tweenmax.min.js a
WARNING 2023-11-30 03:22:15,582  1248  Not Found: /cdn-cgi/scripts/5c5dd728/cloudflare-static/email-decode.min.js
WARNING 2023-11-30 03:22:15,586  1248  Not Found: /static/app/assets/js/tweenmax.min.js a
WARNING 2023-11-30 03:22:16,297  1248  Not Found: /cdn-cgi/scripts/5c5dd728/cloudflare-static/email-decode.min.js
WARNING 2023-11-30 03:22:16,303  1248  Not Found: /static/app/assets/js/tweenmax.min.js a
WARNING 2023-11-30 03:22:26,502  1248  Not Found: /cdn-cgi/scripts/5c5dd728/cloudflare-static/email-decode.min.js
WARNING 2023-11-30 03:22:26,509  1248  Not Found: /static/app/assets/js/tweenmax.min.js a
WARNING 2023-11-30 03:22:31,955  1248  Not Found: /cdn-cgi/scripts/5c5dd728/cloudflare-static/email-decode.min.js
WARNING 2023-11-30 03:22:31,955  1248  Not Found: /static/app/assets/js/tweenmax.min.js a
INFO 2023-11-30 03:23:18,535  19564  Watching for file changes with StatReloader
WARNING 2023-11-30 03:23:23,850  19564  Not Found: /cdn-cgi/scripts/5c5dd728/cloudflare-static/email-decode.min.js
WARNING 2023-11-30 03:23:23,894  19564  Not Found: /static/app/assets/js/tweenmax.min.js a
WARNING 2023-11-30 03:23:23,946  19564  Not Found: /static/app/ assets/img/team/team-shape-2.png
WARNING 2023-11-30 03:23:24,573  19564  Not Found: /static/app/ assets/img/team/team-shape-2.png
WARNING 2023-11-30 03:23:25,854  19564  Not Found: /static/app/ assets/img/team/team-shape-2.png
WARNING 2023-11-30 03:23:29,607  19564  Not Found: /static/admin/css/login.css
WARNING 2023-11-30 03:23:29,667  19564  Not Found: /static/admin/img/icon-yes.svg
WARNING 2023-11-30 03:23:29,715  19564  Not Found: /static/admin/img/icon-yes.svg
WARNING 2023-11-30 03:23:29,742  19564  Not Found: /favicon.ico
WARNING 2023-11-30 03:23:41,986  19564  Not Found: /static/admin/css/login.css
WARNING 2023-11-30 03:23:50,116  19564  Not Found: /static/admin/css/login.css
WARNING 2023-11-30 03:24:02,263  19564  Not Found: /static/admin/css/login.css
INFO 2023-11-30 03:24:53,826  2216  Watching for file changes with StatReloader
WARNING 2023-11-30 03:24:56,015  2216  Not Found: /cdn-cgi/scripts/5c5dd728/cloudflare-static/email-decode.min.js
WARNING 2023-11-30 03:24:56,022  2216  Not Found: /static/app/assets/js/tweenmax.min.js a
WARNING 2023-11-30 03:24:56,055  2216  Not Found: /static/app/ assets/img/team/team-shape-2.png
WARNING 2023-11-30 03:24:56,369  2216  Not Found: /static/app/ assets/img/team/team-shape-2.png
WARNING 2023-11-30 03:24:59,178  2216  Not Found: /cdn-cgi/scripts/5c5dd728/cloudflare-static/email-decode.min.js
WARNING 2023-11-30 03:24:59,182  2216  Not Found: /static/app/assets/js/tweenmax.min.js a
WARNING 2023-11-30 03:25:12,552  2216  Not Found: /cdn-cgi/scripts/5c5dd728/cloudflare-static/email-decode.min.js
WARNING 2023-11-30 03:25:12,597  2216  Not Found: /static/app/assets/js/tweenmax.min.js a
WARNING 2023-11-30 03:25:12,645  2216  Not Found: /static/app/ assets/img/team/team-shape-2.png
WARNING 2023-11-30 03:25:12,773  2216  Not Found: /static/app/ assets/img/team/team-shape-2.png
WARNING 2023-11-30 03:25:19,554  2216  Not Found: /cdn-cgi/scripts/5c5dd728/cloudflare-static/email-decode.min.js
WARNING 2023-11-30 03:25:19,558  2216  Not Found: /static/app/assets/js/tweenmax.min.js a
WARNING 2023-11-30 03:25:32,106  2216  Not Found: /cdn-cgi/scripts/5c5dd728/cloudflare-static/email-decode.min.js
WARNING 2023-11-30 03:25:32,110  2216  Not Found: /static/app/assets/js/tweenmax.min.js a
WARNING 2023-11-30 03:25:53,443  2216  Not Found: /static/admin/css/login.css
WARNING 2023-11-30 03:25:53,484  2216  Not Found: /static/admin/img/icon-yes.svg
WARNING 2023-11-30 03:25:53,526  2216  Not Found: /static/admin/img/icon-yes.svg
WARNING 2023-11-30 03:26:10,605  2216  Not Found: /static/admin/js/vendor/jquery/jquery.min.js
WARNING 2023-11-30 03:26:10,610  2216  Not Found: /static/admin/js/vendor/xregexp/xregexp.min.js
WARNING 2023-11-30 03:26:10,616  2216  Not Found: /static/admin/img/search.svg
WARNING 2023-11-30 03:26:10,620  2216  Not Found: /static/admin/img/icon-yes.svg
WARNING 2023-11-30 03:26:22,591  2216  Not Found: /static/admin/js/vendor/jquery/jquery.min.js
WARNING 2023-11-30 03:26:22,591  2216  Not Found: /static/admin/js/vendor/xregexp/xregexp.min.js
WARNING 2023-11-30 03:26:43,092  2216  Not Found: /static/admin/js/vendor/xregexp/xregexp.min.js
WARNING 2023-11-30 03:26:43,095  2216  Not Found: /static/admin/js/vendor/jquery/jquery.min.js
WARNING 2023-11-30 03:26:43,097  2216  Not Found: /static/admin/js/SelectFilter2.js
WARNING 2023-11-30 03:26:43,102  2216  Not Found: /static/admin/js/SelectBox.js
WARNING 2023-11-30 03:26:43,136  2216  Not Found: /static/admin/img/icon-yes.svg
WARNING 2023-11-30 03:26:43,202  2216  Not Found: /static/admin/img/icon-yes.svg
WARNING 2023-11-30 03:27:31,008  2216  Not Found: /static/admin/img/icon-yes.svg
WARNING 2023-11-30 03:27:52,451  2216  Not Found: /static/admin/js/vendor/jquery/jquery.min.js
WARNING 2023-11-30 03:27:52,471  2216  Not Found: /static/admin/js/SelectBox.js
WARNING 2023-11-30 03:27:52,481  2216  Not Found: /static/admin/js/SelectFilter2.js
WARNING 2023-11-30 03:27:52,485  2216  Not Found: /static/admin/js/vendor/xregexp/xregexp.min.js
WARNING 2023-11-30 03:28:06,271  2216  Not Found: /static/admin/js/vendor/jquery/jquery.min.js
WARNING 2023-11-30 03:28:06,286  2216  Not Found: /static/admin/js/SelectBox.js
WARNING 2023-11-30 03:28:06,290  2216  Not Found: /static/admin/js/SelectFilter2.js
WARNING 2023-11-30 03:28:06,297  2216  Not Found: /static/admin/js/vendor/xregexp/xregexp.min.js
WARNING 2023-11-30 03:28:15,142  2216  Not Found: /static/admin/js/vendor/xregexp/xregexp.min.js
WARNING 2023-11-30 03:28:15,151  2216  Not Found: /static/admin/img/icon-yes.svg
WARNING 2023-11-30 03:28:15,153  2216  Not Found: /static/admin/img/search.svg
WARNING 2023-11-30 03:28:15,166  2216  Not Found: /static/admin/js/vendor/jquery/jquery.min.js
WARNING 2023-11-30 03:28:15,184  2216  Not Found: /static/admin/img/icon-yes.svg
WARNING 2023-11-30 03:28:19,921  2216  Not Found: /static/admin/js/vendor/jquery/jquery.min.js
WARNING 2023-11-30 03:28:19,922  2216  Not Found: /static/admin/js/SelectFilter2.js
WARNING 2023-11-30 03:28:19,929  2216  Not Found: /static/admin/js/vendor/xregexp/xregexp.min.js
WARNING 2023-11-30 03:28:19,933  2216  Not Found: /static/admin/js/SelectBox.js
WARNING 2023-11-30 03:28:28,992  2216  Not Found: /static/admin/js/vendor/xregexp/xregexp.min.js
WARNING 2023-11-30 03:28:29,003  2216  Not Found: /static/admin/js/vendor/jquery/jquery.min.js
INFO 2023-11-30 03:29:01,705  2216  C:\Users\vkori\Desktop\Django2\ClimateActionFrontier_EmobilisProjectShowcasing\mainapp\models.py changed, reloading.
INFO 2023-11-30 03:29:02,563  12960  Watching for file changes with StatReloader
WARNING 2023-11-30 03:29:43,580  12960  Not Found: /static/admin/js/vendor/jquery/jquery.min.js
WARNING 2023-11-30 03:29:43,582  12960  Not Found: /static/admin/js/vendor/xregexp/xregexp.min.js
WARNING 2023-11-30 03:29:55,652  12960  Not Found: /static/admin/css/login.css
WARNING 2023-11-30 03:30:06,025  12960  Not Found: /static/admin/js/vendor/jquery/jquery.min.js
WARNING 2023-11-30 03:30:06,029  12960  Not Found: /static/admin/img/search.svg
WARNING 2023-11-30 03:30:06,036  12960  Not Found: /static/admin/js/vendor/xregexp/xregexp.min.js
WARNING 2023-11-30 03:30:06,040  12960  Not Found: /static/admin/img/icon-yes.svg
WARNING 2023-11-30 03:30:09,168  12960  Not Found: /static/admin/js/vendor/jquery/jquery.min.js
WARNING 2023-11-30 03:30:09,171  12960  Not Found: /static/admin/js/SelectBox.js
WARNING 2023-11-30 03:30:09,174  12960  Not Found: /static/admin/js/SelectFilter2.js
WARNING 2023-11-30 03:30:09,178  12960  Not Found: /static/admin/js/vendor/xregexp/xregexp.min.js
WARNING 2023-11-30 03:30:53,919  12960  Not Found: /static/admin/img/icon-yes.svg
WARNING 2023-11-30 03:30:53,937  12960  Not Found: /static/admin/img/search.svg
WARNING 2023-11-30 03:30:53,947  12960  Not Found: /static/admin/js/vendor/xregexp/xregexp.min.js
WARNING 2023-11-30 03:30:53,951  12960  Not Found: /static/admin/js/vendor/jquery/jquery.min.js
WARNING 2023-11-30 03:30:53,979  12960  Not Found: /static/admin/img/icon-yes.svg
WARNING 2023-11-30 03:31:01,058  12960  Not Found: /static/admin/js/vendor/xregexp/xregexp.min.js
WARNING 2023-11-30 03:31:01,068  12960  Not Found: /static/admin/img/search.svg
WARNING 2023-11-30 03:31:01,072  12960  Not Found: /static/admin/js/vendor/jquery/jquery.min.js
WARNING 2023-11-30 03:31:03,021  12960  Not Found: /static/admin/img/search.svg
WARNING 2023-11-30 03:31:03,025  12960  Not Found: /static/admin/js/vendor/jquery/jquery.min.js
WARNING 2023-11-30 03:31:03,035  12960  Not Found: /static/admin/js/vendor/xregexp/xregexp.min.js
WARNING 2023-11-30 03:31:04,383  12960  Not Found: /static/admin/js/vendor/jquery/jquery.min.js
WARNING 2023-11-30 03:31:04,386  12960  Not Found: /static/admin/js/vendor/xregexp/xregexp.min.js
WARNING 2023-11-30 03:31:04,388  12960  Not Found: /static/admin/js/SelectFilter2.js
WARNING 2023-11-30 03:31:04,401  12960  Not Found: /static/admin/js/SelectBox.js
WARNING 2023-11-30 03:31:10,763  12960  Not Found: /cdn-cgi/scripts/5c5dd728/cloudflare-static/email-decode.min.js
WARNING 2023-11-30 03:31:10,780  12960  Not Found: /static/app/assets/js/tweenmax.min.js a
WARNING 2023-11-30 03:31:10,817  12960  Not Found: /static/app/ assets/img/team/team-shape-2.png
WARNING 2023-11-30 03:31:11,137  12960  Not Found: /static/app/ assets/img/team/team-shape-2.png
WARNING 2023-11-30 03:31:12,432  12960  Not Found: /cdn-cgi/scripts/5c5dd728/cloudflare-static/email-decode.min.js
WARNING 2023-11-30 03:31:12,435  12960  Not Found: /static/app/assets/js/tweenmax.min.js a
WARNING 2023-11-30 03:31:15,874  12960  Not Found: /cdn-cgi/scripts/5c5dd728/cloudflare-static/email-decode.min.js
WARNING 2023-11-30 03:31:15,880  12960  Not Found: /static/app/assets/js/tweenmax.min.js a
WARNING 2023-11-30 03:31:17,407  12960  Not Found: /cdn-cgi/scripts/5c5dd728/cloudflare-static/email-decode.min.js
WARNING 2023-11-30 03:31:17,413  12960  Not Found: /static/app/assets/js/tweenmax.min.js a
WARNING 2023-11-30 03:31:32,263  12960  Not Found: /static/app/ assets/img/team/team-shape-2.png
WARNING 2023-11-30 03:31:32,266  12960  Not Found: /cdn-cgi/scripts/5c5dd728/cloudflare-static/email-decode.min.js
WARNING 2023-11-30 03:31:32,270  12960  Not Found: /static/app/assets/js/tweenmax.min.js a
WARNING 2023-11-30 03:31:32,439  12960  Not Found: /static/app/ assets/img/team/team-shape-2.png
WARNING 2023-11-30 03:31:34,703  12960  Not Found: /cdn-cgi/scripts/5c5dd728/cloudflare-static/email-decode.min.js
WARNING 2023-11-30 03:31:34,709  12960  Not Found: /static/app/assets/js/tweenmax.min.js a
WARNING 2023-11-30 03:31:36,182  12960  Forbidden (Permission denied): /search
Traceback (most recent call last):
  File "C:\Users\vkori\Desktop\Django2\ClimateActionFrontier_EmobilisProjectShowcasing\venv\Lib\site-packages\django\core\handlers\exception.py", line 55, in inner
    response = get_response(request)
               ^^^^^^^^^^^^^^^^^^^^^
  File "C:\Users\vkori\Desktop\Django2\ClimateActionFrontier_EmobilisProjectShowcasing\venv\Lib\site-packages\django\core\handlers\base.py", line 197, in _get_response
    response = wrapped_callback(request, *callback_args, **callback_kwargs)
               ^^^^^^^^^^^^^^^^^^^^^^^^^^^^^^^^^^^^^^^^^^^^^^^^^^^^^^^^^^^^
  File "C:\Users\vkori\Desktop\Django2\ClimateActionFrontier_EmobilisProjectShowcasing\venv\Lib\site-packages\django\contrib\auth\decorators.py", line 23, in _wrapper_view
    return view_func(request, *args, **kwargs)
           ^^^^^^^^^^^^^^^^^^^^^^^^^^^^^^^^^^^
  File "C:\Users\vkori\Desktop\Django2\ClimateActionFrontier_EmobilisProjectShowcasing\venv\Lib\site-packages\django\contrib\auth\decorators.py", line 22, in _wrapper_view
    if test_func(request.user):
       ^^^^^^^^^^^^^^^^^^^^^^^
  File "C:\Users\vkori\Desktop\Django2\ClimateActionFrontier_EmobilisProjectShowcasing\venv\Lib\site-packages\django\contrib\auth\decorators.py", line 78, in check_perms
    raise PermissionDenied
django.core.exceptions.PermissionDenied
WARNING 2023-11-30 03:31:36,245  12960  Not Found: /static/app/assets/img/404.png
WARNING 2023-11-30 03:31:36,259  12960  Not Found: /static/app/assets/img/404.jpg
WARNING 2023-11-30 03:31:36,263  12960  Not Found: /cdn-cgi/scripts/5c5dd728/cloudflare-static/email-decode.min.js
WARNING 2023-11-30 03:31:36,283  12960  Not Found: /static/app/assets/js/tweenmax.min.js a
WARNING 2023-11-30 03:31:39,311  12960  Not Found: /cdn-cgi/scripts/5c5dd728/cloudflare-static/email-decode.min.js
WARNING 2023-11-30 03:31:39,315  12960  Not Found: /static/app/assets/js/tweenmax.min.js a
WARNING 2023-11-30 03:31:42,638  12960  Forbidden (Permission denied): /donors
Traceback (most recent call last):
  File "C:\Users\vkori\Desktop\Django2\ClimateActionFrontier_EmobilisProjectShowcasing\venv\Lib\site-packages\django\core\handlers\exception.py", line 55, in inner
    response = get_response(request)
               ^^^^^^^^^^^^^^^^^^^^^
  File "C:\Users\vkori\Desktop\Django2\ClimateActionFrontier_EmobilisProjectShowcasing\venv\Lib\site-packages\django\core\handlers\base.py", line 197, in _get_response
    response = wrapped_callback(request, *callback_args, **callback_kwargs)
               ^^^^^^^^^^^^^^^^^^^^^^^^^^^^^^^^^^^^^^^^^^^^^^^^^^^^^^^^^^^^
  File "C:\Users\vkori\Desktop\Django2\ClimateActionFrontier_EmobilisProjectShowcasing\venv\Lib\site-packages\django\contrib\auth\decorators.py", line 23, in _wrapper_view
    return view_func(request, *args, **kwargs)
           ^^^^^^^^^^^^^^^^^^^^^^^^^^^^^^^^^^^
  File "C:\Users\vkori\Desktop\Django2\ClimateActionFrontier_EmobilisProjectShowcasing\venv\Lib\site-packages\django\contrib\auth\decorators.py", line 22, in _wrapper_view
    if test_func(request.user):
       ^^^^^^^^^^^^^^^^^^^^^^^
  File "C:\Users\vkori\Desktop\Django2\ClimateActionFrontier_EmobilisProjectShowcasing\venv\Lib\site-packages\django\contrib\auth\decorators.py", line 78, in check_perms
    raise PermissionDenied
django.core.exceptions.PermissionDenied
WARNING 2023-11-30 03:31:42,713  12960  Not Found: /static/app/assets/img/404.jpg
WARNING 2023-11-30 03:31:42,721  12960  Not Found: /cdn-cgi/scripts/5c5dd728/cloudflare-static/email-decode.min.js
WARNING 2023-11-30 03:31:42,757  12960  Not Found: /static/app/assets/img/404.png
WARNING 2023-11-30 03:31:42,760  12960  Not Found: /static/app/assets/js/tweenmax.min.js a
INFO 2023-11-30 03:48:39,850  22076  Watching for file changes with StatReloader
WARNING 2023-11-30 03:48:47,159  22076  Not Found: /cdn-cgi/scripts/5c5dd728/cloudflare-static/email-decode.min.js
WARNING 2023-11-30 03:48:47,191  22076  Not Found: /static/app/assets/js/tweenmax.min.js a
WARNING 2023-11-30 03:48:47,252  22076  Not Found: /static/app/ assets/img/team/team-shape-2.png
WARNING 2023-11-30 03:48:47,903  22076  Not Found: /static/app/ assets/img/team/team-shape-2.png
WARNING 2023-11-30 03:48:51,839  22076  Not Found: /cdn-cgi/scripts/5c5dd728/cloudflare-static/email-decode.min.js
WARNING 2023-11-30 03:48:51,844  22076  Not Found: /static/app/assets/js/tweenmax.min.js a
WARNING 2023-11-30 03:48:55,075  22076  Forbidden (Permission denied): /donors
Traceback (most recent call last):
  File "C:\Users\vkori\Desktop\Django2\ClimateActionFrontier_EmobilisProjectShowcasing\venv\Lib\site-packages\django\core\handlers\exception.py", line 55, in inner
    response = get_response(request)
               ^^^^^^^^^^^^^^^^^^^^^
  File "C:\Users\vkori\Desktop\Django2\ClimateActionFrontier_EmobilisProjectShowcasing\venv\Lib\site-packages\django\core\handlers\base.py", line 197, in _get_response
    response = wrapped_callback(request, *callback_args, **callback_kwargs)
               ^^^^^^^^^^^^^^^^^^^^^^^^^^^^^^^^^^^^^^^^^^^^^^^^^^^^^^^^^^^^
  File "C:\Users\vkori\Desktop\Django2\ClimateActionFrontier_EmobilisProjectShowcasing\venv\Lib\site-packages\django\contrib\auth\decorators.py", line 23, in _wrapper_view
    return view_func(request, *args, **kwargs)
           ^^^^^^^^^^^^^^^^^^^^^^^^^^^^^^^^^^^
  File "C:\Users\vkori\Desktop\Django2\ClimateActionFrontier_EmobilisProjectShowcasing\venv\Lib\site-packages\django\contrib\auth\decorators.py", line 22, in _wrapper_view
    if test_func(request.user):
       ^^^^^^^^^^^^^^^^^^^^^^^
  File "C:\Users\vkori\Desktop\Django2\ClimateActionFrontier_EmobilisProjectShowcasing\venv\Lib\site-packages\django\contrib\auth\decorators.py", line 78, in check_perms
    raise PermissionDenied
django.core.exceptions.PermissionDenied
WARNING 2023-11-30 03:48:55,140  22076  Not Found: /static/app/assets/img/404.jpg
WARNING 2023-11-30 03:48:55,155  22076  Not Found: /static/app/assets/img/404.png
WARNING 2023-11-30 03:48:55,157  22076  Not Found: /cdn-cgi/scripts/5c5dd728/cloudflare-static/email-decode.min.js
WARNING 2023-11-30 03:48:55,195  22076  Not Found: /static/app/assets/js/tweenmax.min.js a
WARNING 2023-11-30 03:48:59,290  22076  Not Found: /cdn-cgi/scripts/5c5dd728/cloudflare-static/email-decode.min.js
WARNING 2023-11-30 03:48:59,290  22076  Not Found: /static/app/ assets/img/team/team-shape-2.png
WARNING 2023-11-30 03:48:59,305  22076  Not Found: /static/app/assets/js/tweenmax.min.js a
WARNING 2023-11-30 03:48:59,466  22076  Not Found: /static/app/ assets/img/team/team-shape-2.png
WARNING 2023-11-30 03:49:20,175  22076  Not Found: /cdn-cgi/scripts/5c5dd728/cloudflare-static/email-decode.min.js
WARNING 2023-11-30 03:49:20,185  22076  Not Found: /static/app/assets/js/tweenmax.min.js a
WARNING 2023-11-30 03:49:20,215  22076  Not Found: /static/app/ assets/img/team/team-shape-2.png
WARNING 2023-11-30 03:49:20,369  22076  Not Found: /static/app/ assets/img/team/team-shape-2.png
WARNING 2023-11-30 03:49:21,826  22076  Not Found: /cdn-cgi/scripts/5c5dd728/cloudflare-static/email-decode.min.js
WARNING 2023-11-30 03:49:21,876  22076  Not Found: /static/app/assets/js/tweenmax.min.js a
WARNING 2023-11-30 03:49:25,281  22076  Not Found: /abouty
WARNING 2023-11-30 03:49:25,349  22076  Not Found: /static/app/assets/img/404.jpg
WARNING 2023-11-30 03:49:25,366  22076  Not Found: /cdn-cgi/scripts/5c5dd728/cloudflare-static/email-decode.min.js
WARNING 2023-11-30 03:49:25,368  22076  Not Found: /static/app/assets/img/404.png
WARNING 2023-11-30 03:49:25,387  22076  Not Found: /static/app/assets/js/tweenmax.min.js a
WARNING 2023-11-30 03:49:28,492  22076  Not Found: /cdn-cgi/scripts/5c5dd728/cloudflare-static/email-decode.min.js
WARNING 2023-11-30 03:49:28,501  22076  Not Found: /static/app/assets/js/tweenmax.min.js a
WARNING 2023-11-30 03:49:28,505  22076  Not Found: /static/app/ assets/img/team/team-shape-2.png
WARNING 2023-11-30 03:49:28,657  22076  Not Found: /static/app/ assets/img/team/team-shape-2.png
INFO 2023-11-30 03:52:06,099  11296  Watching for file changes with StatReloader
WARNING 2023-11-30 03:52:08,090  11296  Not Found: /cdn-cgi/scripts/5c5dd728/cloudflare-static/email-decode.min.js
WARNING 2023-11-30 03:52:08,121  11296  Not Found: /static/app/assets/js/tweenmax.min.js a
WARNING 2023-11-30 03:52:08,154  11296  Not Found: /static/app/ assets/img/team/team-shape-2.png
WARNING 2023-11-30 03:52:08,552  11296  Not Found: /static/app/ assets/img/team/team-shape-2.png
WARNING 2023-11-30 03:52:14,685  11296  Not Found: /admin2
WARNING 2023-11-30 03:52:14,766  11296  Not Found: /static/app/assets/img/404.jpeg
WARNING 2023-11-30 03:52:14,768  11296  Not Found: /cdn-cgi/scripts/5c5dd728/cloudflare-static/email-decode.min.js
WARNING 2023-11-30 03:52:14,789  11296  Not Found: /static/app/assets/img/404.png
WARNING 2023-11-30 03:52:14,805  11296  Not Found: /static/app/assets/js/tweenmax.min.js a
INFO 2023-11-30 03:52:50,798  12116  Watching for file changes with StatReloader
WARNING 2023-11-30 03:52:52,362  12116  Not Found: /cdn-cgi/scripts/5c5dd728/cloudflare-static/email-decode.min.js
WARNING 2023-11-30 03:52:52,371  12116  Not Found: /static/app/assets/js/tweenmax.min.js a
WARNING 2023-11-30 03:52:52,410  12116  Not Found: /static/app/ assets/img/team/team-shape-2.png
WARNING 2023-11-30 03:52:52,731  12116  Not Found: /static/app/ assets/img/team/team-shape-2.png
WARNING 2023-11-30 03:52:53,808  12116  Not Found: /cdn-cgi/scripts/5c5dd728/cloudflare-static/email-decode.min.js
WARNING 2023-11-30 03:52:53,821  12116  Not Found: /static/app/assets/img/404.jpeg
WARNING 2023-11-30 03:52:53,860  12116  Not Found: /static/app/assets/img/404.png
WARNING 2023-11-30 03:52:53,867  12116  Not Found: /static/app/assets/js/tweenmax.min.js a
INFO 2023-11-30 03:54:28,666  17960  Watching for file changes with StatReloader
WARNING 2023-11-30 03:54:31,045  17960  Not Found: /cdn-cgi/scripts/5c5dd728/cloudflare-static/email-decode.min.js
WARNING 2023-11-30 03:54:31,057  17960  Not Found: /static/app/assets/js/tweenmax.min.js a
WARNING 2023-11-30 03:54:31,094  17960  Not Found: /static/app/ assets/img/team/team-shape-2.png
WARNING 2023-11-30 03:54:31,416  17960  Not Found: /static/app/ assets/img/team/team-shape-2.png
WARNING 2023-11-30 03:54:35,463  17960  Not Found: /404
WARNING 2023-11-30 03:54:35,539  17960  Not Found: /static/app/assets/img/404.png
WARNING 2023-11-30 03:54:35,548  17960  Not Found: /cdn-cgi/scripts/5c5dd728/cloudflare-static/email-decode.min.js
WARNING 2023-11-30 03:54:35,568  17960  Not Found: /static/app/assets/js/tweenmax.min.js a
INFO 2023-11-30 10:48:19,845  21920  Watching for file changes with StatReloader
WARNING 2023-11-30 10:48:22,425  21920  Not Found: /static/app/assets/img/logo.png 
WARNING 2023-11-30 10:48:22,437  21920  Not Found: /cdn-cgi/scripts/5c5dd728/cloudflare-static/email-decode.min.js
WARNING 2023-11-30 10:48:22,451  21920  Not Found: /static/app/assets/js/tweenmax.min.js a
WARNING 2023-11-30 10:48:22,502  21920  Not Found: /static/app/ assets/img/team/team-shape-2.png
WARNING 2023-11-30 10:48:22,989  21920  Not Found: /static/app/ assets/img/team/team-shape-2.png
WARNING 2023-11-30 10:48:23,211  21920  Not Found: /static/app/assets/img/favicon.png 
WARNING 2023-11-30 10:48:24,245  21920  Not Found: /static/app/ assets/img/team/team-shape-2.png
WARNING 2023-11-30 10:48:30,582  21920  Not Found: /static/app/assets/img/logo.png 
WARNING 2023-11-30 10:48:30,592  21920  Not Found: /cdn-cgi/scripts/5c5dd728/cloudflare-static/email-decode.min.js
WARNING 2023-11-30 10:48:30,601  21920  Not Found: /static/app/assets/js/tweenmax.min.js a
WARNING 2023-11-30 10:48:30,605  21920  Not Found: /static/app/ assets/img/team/team-shape-2.png
WARNING 2023-11-30 10:48:30,755  21920  Not Found: /static/app/ assets/img/team/team-shape-2.png
INFO 2023-11-30 10:49:10,946  19756  Watching for file changes with StatReloader
WARNING 2023-11-30 10:49:14,519  19756  Not Found: /static/app/assets/img/logo.png 
WARNING 2023-11-30 10:49:14,541  19756  Not Found: /cdn-cgi/scripts/5c5dd728/cloudflare-static/email-decode.min.js
WARNING 2023-11-30 10:49:14,568  19756  Not Found: /static/app/assets/js/tweenmax.min.js a
WARNING 2023-11-30 10:49:14,600  19756  Not Found: /static/app/ assets/img/team/team-shape-2.png
WARNING 2023-11-30 10:49:14,898  19756  Not Found: /static/app/ assets/img/team/team-shape-2.png
WARNING 2023-11-30 10:49:35,144  19756  Not Found: /static/app/assets/img/logo.png 
WARNING 2023-11-30 10:49:35,203  19756  Not Found: /cdn-cgi/scripts/5c5dd728/cloudflare-static/email-decode.min.js
WARNING 2023-11-30 10:49:35,207  19756  Not Found: /static/app/assets/js/tweenmax.min.js a
WARNING 2023-11-30 10:49:35,244  19756  Not Found: /static/app/assets/img/logo.png 
WARNING 2023-11-30 10:49:43,772  19756  Not Found: /static/app/assets/img/logo.png 
WARNING 2023-11-30 10:49:43,806  19756  Not Found: /cdn-cgi/scripts/5c5dd728/cloudflare-static/email-decode.min.js
WARNING 2023-11-30 10:49:43,811  19756  Not Found: /static/app/assets/js/tweenmax.min.js a
WARNING 2023-11-30 10:49:43,814  19756  Not Found: /static/app/assets/img/logo.png 
INFO 2023-11-30 10:50:17,752  19756  254728552650 1
DEBUG 2023-11-30 10:50:17,755  19756  Starting new HTTPS connection (1): sandbox.safaricom.co.ke:443
DEBUG 2023-11-30 10:50:18,894  19756  https://sandbox.safaricom.co.ke:443 "GET /oauth/v1/generate?grant_type=client_credentials HTTP/1.1" 200 None
DEBUG 2023-11-30 10:50:18,905  19756  Starting new HTTPS connection (1): sandbox.safaricom.co.ke:443
DEBUG 2023-11-30 10:50:20,392  19756  https://sandbox.safaricom.co.ke:443 "POST /mpesa/stkpush/v1/processrequest HTTP/1.1" 200 None
DEBUG 2023-11-30 10:50:20,393  19756  {'MerchantRequestID': '7178-33782859-1', 'CheckoutRequestID': 'ws_CO_30112023105220131728552650', 'ResponseCode': '0', 'ResponseDescription': 'Success. Request accepted for processing', 'CustomerMessage': 'Success. Request accepted for processing'}
WARNING 2023-11-30 10:50:20,475  19756  Not Found: /static/app/assets/img/logo.png 
WARNING 2023-11-30 10:50:20,479  19756  Not Found: /cdn-cgi/scripts/5c5dd728/cloudflare-static/email-decode.min.js
WARNING 2023-11-30 10:50:20,541  19756  Not Found: /static/app/assets/js/tweenmax.min.js a
WARNING 2023-11-30 10:50:20,565  19756  Not Found: /static/app/assets/img/logo.png 
INFO 2023-11-30 10:55:05,261  4288  Watching for file changes with StatReloader
WARNING 2023-11-30 10:55:08,655  4288  Not Found: /static/app/assets/img/logo.png 
WARNING 2023-11-30 10:55:08,682  4288  Not Found: /cdn-cgi/scripts/5c5dd728/cloudflare-static/email-decode.min.js
WARNING 2023-11-30 10:55:08,711  4288  Not Found: /static/app/assets/js/tweenmax.min.js a
WARNING 2023-11-30 10:55:08,757  4288  Not Found: /static/app/ assets/img/team/team-shape-2.png
WARNING 2023-11-30 10:55:09,176  4288  Not Found: /static/app/ assets/img/team/team-shape-2.png
WARNING 2023-11-30 10:55:14,213  4288  Not Found: /cdn-cgi/scripts/5c5dd728/cloudflare-static/email-decode.min.js
WARNING 2023-11-30 10:55:14,219  4288  Not Found: /static/app/assets/js/tweenmax.min.js a
WARNING 2023-11-30 10:55:14,225  4288  Not Found: /static/app/assets/img/logo.png 
WARNING 2023-11-30 10:55:15,889  4288  Not Found: /static/app/assets/img/logo.png 
WARNING 2023-11-30 10:55:15,894  4288  Not Found: /cdn-cgi/scripts/5c5dd728/cloudflare-static/email-decode.min.js
WARNING 2023-11-30 10:55:15,903  4288  Not Found: /static/app/assets/js/tweenmax.min.js a
WARNING 2023-11-30 10:55:15,921  4288  Not Found: /static/app/assets/img/logo.png 
WARNING 2023-11-30 10:55:19,922  4288  Not Found: /static/app/assets/img/logo.png 
WARNING 2023-11-30 10:55:19,933  4288  Not Found: /cdn-cgi/scripts/5c5dd728/cloudflare-static/email-decode.min.js
WARNING 2023-11-30 10:55:19,940  4288  Not Found: /static/app/assets/js/tweenmax.min.js a
WARNING 2023-11-30 10:55:19,950  4288  Not Found: /static/app/assets/img/logo.png 
WARNING 2023-11-30 10:55:20,195  4288  Not Found: /static/app/assets/img/logo.png 
WARNING 2023-11-30 10:55:20,204  4288  Not Found: /cdn-cgi/scripts/5c5dd728/cloudflare-static/email-decode.min.js
WARNING 2023-11-30 10:55:20,211  4288  Not Found: /static/app/assets/js/tweenmax.min.js a
WARNING 2023-11-30 10:55:20,223  4288  Not Found: /static/app/assets/img/logo.png 
WARNING 2023-11-30 10:55:20,438  4288  Not Found: /static/app/assets/img/logo.png 
WARNING 2023-11-30 10:55:20,440  4288  Not Found: /cdn-cgi/scripts/5c5dd728/cloudflare-static/email-decode.min.js
WARNING 2023-11-30 10:55:20,451  4288  Not Found: /static/app/assets/js/tweenmax.min.js a
INFO 2023-11-30 10:56:09,238  15292  Watching for file changes with StatReloader
WARNING 2023-11-30 10:56:11,888  15292  Not Found: /static/app/assets/img/logo1.png 
WARNING 2023-11-30 10:56:11,901  15292  Not Found: /cdn-cgi/scripts/5c5dd728/cloudflare-static/email-decode.min.js
WARNING 2023-11-30 10:56:11,976  15292  Not Found: /static/app/assets/js/tweenmax.min.js a
WARNING 2023-11-30 10:56:12,030  15292  Not Found: /static/app/ assets/img/team/team-shape-2.png
WARNING 2023-11-30 10:56:12,054  15292  Not Found: /static/app/assets/img/logo.png 
WARNING 2023-11-30 10:56:12,713  15292  Not Found: /static/app/ assets/img/team/team-shape-2.png
INFO 2023-11-30 11:00:39,468  8660  Watching for file changes with StatReloader
WARNING 2023-11-30 11:00:43,795  8660  Not Found: /static/app/assets/img/logo1.png 
WARNING 2023-11-30 11:00:43,812  8660  Not Found: /cdn-cgi/scripts/5c5dd728/cloudflare-static/email-decode.min.js
WARNING 2023-11-30 11:00:43,864  8660  Not Found: /static/app/assets/js/tweenmax.min.js a
WARNING 2023-11-30 11:00:43,910  8660  Not Found: /static/app/ assets/img/team/team-shape-2.png
WARNING 2023-11-30 11:00:43,929  8660  Not Found: /static/app/assets/img/logo.png 
WARNING 2023-11-30 11:00:44,555  8660  Not Found: /static/app/ assets/img/team/team-shape-2.png
INFO 2023-11-30 11:09:45,009  5124  Watching for file changes with StatReloader
WARNING 2023-11-30 11:09:47,702  5124  Not Found: /static/app/assets/img/logo1.png 
WARNING 2023-11-30 11:09:47,713  5124  Not Found: /cdn-cgi/scripts/5c5dd728/cloudflare-static/email-decode.min.js
WARNING 2023-11-30 11:09:47,755  5124  Not Found: /static/app/assets/js/tweenmax.min.js a
WARNING 2023-11-30 11:09:47,800  5124  Not Found: /static/app/ assets/img/team/team-shape-2.png
WARNING 2023-11-30 11:09:47,817  5124  Not Found: /static/app/assets/img/logo.png 
WARNING 2023-11-30 11:09:48,245  5124  Not Found: /static/app/ assets/img/team/team-shape-2.png
WARNING 2023-11-30 11:09:50,506  5124  Not Found: /static/app/assets/img/logo1.png 
WARNING 2023-11-30 11:09:50,513  5124  Not Found: /cdn-cgi/scripts/5c5dd728/cloudflare-static/email-decode.min.js
WARNING 2023-11-30 11:09:50,523  5124  Not Found: /static/app/ assets/img/team/team-shape-2.png
WARNING 2023-11-30 11:09:50,529  5124  Not Found: /static/app/assets/js/tweenmax.min.js a
WARNING 2023-11-30 11:09:50,534  5124  Not Found: /static/app/assets/img/logo.png 
WARNING 2023-11-30 11:09:50,718  5124  Not Found: /static/app/ assets/img/team/team-shape-2.png
INFO 2023-11-30 11:10:53,350  15764  Watching for file changes with StatReloader
WARNING 2023-11-30 11:10:55,227  15764  Not Found: /static/app/assets/img/logo1.png 
WARNING 2023-11-30 11:10:55,248  15764  Not Found: /cdn-cgi/scripts/5c5dd728/cloudflare-static/email-decode.min.js
WARNING 2023-11-30 11:10:55,276  15764  Not Found: /static/app/assets/js/tweenmax.min.js a
WARNING 2023-11-30 11:10:55,322  15764  Not Found: /static/app/ assets/img/team/team-shape-2.png
WARNING 2023-11-30 11:10:55,341  15764  Not Found: /static/app/assets/img/logo.png 
WARNING 2023-11-30 11:10:55,951  15764  Not Found: /static/app/ assets/img/team/team-shape-2.png
INFO 2023-11-30 11:12:13,249  14196  Watching for file changes with StatReloader
WARNING 2023-11-30 11:12:15,125  14196  Not Found: /static/app/assets/img/logo1.png 
WARNING 2023-11-30 11:12:15,150  14196  Not Found: /cdn-cgi/scripts/5c5dd728/cloudflare-static/email-decode.min.js
WARNING 2023-11-30 11:12:15,182  14196  Not Found: /static/app/assets/js/tweenmax.min.js a
WARNING 2023-11-30 11:12:15,219  14196  Not Found: /static/app/ assets/img/team/team-shape-2.png
WARNING 2023-11-30 11:12:15,231  14196  Not Found: /static/app/assets/img/logo.png 
WARNING 2023-11-30 11:12:15,651  14196  Not Found: /static/app/ assets/img/team/team-shape-2.png
WARNING 2023-11-30 11:12:29,025  14196  Not Found: /static/app/assets/css/bootstrap.min.css
WARNING 2023-11-30 11:12:29,038  14196  Not Found: /static/app/assets/css/fancybox.css 
WARNING 2023-11-30 11:12:29,048  14196  Not Found: /static/app/assets/css/flaticon.css 
WARNING 2023-11-30 11:12:29,059  14196  Not Found: /static/app/assets/css/remixicon.css 
WARNING 2023-11-30 11:12:29,069  14196  Not Found: /static/app/assets/css/aos.css 
WARNING 2023-11-30 11:12:29,130  14196  Not Found: /static/app/assets/css/owl.carousel.min.css 
WARNING 2023-11-30 11:12:29,131  14196  Not Found: /static/app/assets/css/dark-theme.css 
WARNING 2023-11-30 11:12:29,135  14196  Not Found: /static/app/assets/css/responsive.css 
WARNING 2023-11-30 11:12:29,138  14196  Not Found: /static/app/assets/css/owl-theme-default-min.css 
WARNING 2023-11-30 11:12:29,152  14196  Not Found: /static/app/assets/css/odometer.min.css 
WARNING 2023-11-30 11:12:29,158  14196  Not Found: /static/app/assets/css/style.css 
WARNING 2023-11-30 11:12:29,207  14196  Not Found: /cdn-cgi/scripts/5c5dd728/cloudflare-static/email-decode.min.js
WARNING 2023-11-30 11:12:29,215  14196  Not Found: /static/app/assets/js/jquery.min.js 
WARNING 2023-11-30 11:12:29,218  14196  Not Found: /static/app/assets/js/bootstrap.bundle.min.js
WARNING 2023-11-30 11:12:29,225  14196  Not Found: /static/app/assets/js/contact-form-script.js 
WARNING 2023-11-30 11:12:29,228  14196  Not Found: /static/app/assets/js/form-validator.min.js 
WARNING 2023-11-30 11:12:29,235  14196  Not Found: /static/app/assets/js/aos.js 
WARNING 2023-11-30 11:12:29,289  14196  Not Found: /static/app/assets/js/owl-thumb.min.js 
WARNING 2023-11-30 11:12:29,294  14196  Not Found: /static/app/assets/js/owl.carousel.min.js 
WARNING 2023-11-30 11:12:29,296  14196  Not Found: /static/app/assets/js/odometer.js 
WARNING 2023-11-30 11:12:29,305  14196  Not Found: /static/app/assets/js/circle-progressbar.min.js 
WARNING 2023-11-30 11:12:29,309  14196  Not Found: /static/app/assets/js/fancybox.js
WARNING 2023-11-30 11:12:29,309  14196  Not Found: /static/app/assets/js/jquery.appear.js 
WARNING 2023-11-30 11:12:29,356  14196  Not Found: /static/app/assets/js/tweenmax.min.js a
WARNING 2023-11-30 11:12:29,367  14196  Not Found: /static/app/assets/js/main.js 
WARNING 2023-11-30 11:12:29,379  14196  Not Found: /static/app/assets/img/china.png 
WARNING 2023-11-30 11:12:29,382  14196  Not Found: /static/app/assets/img/uk.png 
WARNING 2023-11-30 11:12:29,385  14196  Not Found: /static/app/assets/js/contact-form-script.js 
WARNING 2023-11-30 11:12:29,389  14196  Not Found: /static/app/assets/img/uae.png 
WARNING 2023-11-30 11:12:29,431  14196  Not Found: /static/app/assets/img/hero/hero-shape-1.png 
WARNING 2023-11-30 11:12:29,452  14196  Not Found: /static/app/assets/img/logo1.png 
WARNING 2023-11-30 11:12:29,470  14196  Not Found: /static/app/assets/img/hero/sun.png 
WARNING 2023-11-30 11:12:29,480  14196  Not Found: /static/app/assets/img/hero/hero-shape-2.png 
WARNING 2023-11-30 11:12:29,485  14196  Not Found: /static/app/assets/img/hero/bird.png 
WARNING 2023-11-30 11:12:29,489  14196  Not Found: /static/app/assets/js/aos.js 
WARNING 2023-11-30 11:12:29,527  14196  Not Found: /static/app/assets/img/hero/cloud.png 
WARNING 2023-11-30 11:12:29,552  14196  Not Found: /static/app/assets/img/hero/hero-shape-6.png 
WARNING 2023-11-30 11:12:29,569  14196  Not Found: /static/app/assets/img/hero/skull.png
WARNING 2023-11-30 11:12:29,585  14196  Not Found: /static/app/assets/img/project/project-1.jpg 
WARNING 2023-11-30 11:12:29,596  14196  Not Found: /static/app/assets/img/section-shape.png 
WARNING 2023-11-30 11:12:29,605  14196  Not Found: /static/app/assets/img/hero/hero-img-1.png 
WARNING 2023-11-30 11:12:29,650  14196  Not Found: /static/app/assets/js/owl.carousel.min.js 
WARNING 2023-11-30 11:12:29,685  14196  Not Found: /static/app/assets/img/shape-1.png 
WARNING 2023-11-30 11:12:29,698  14196  Not Found: /static/app/assets/img/project/project-2.jpg 
WARNING 2023-11-30 11:12:29,714  14196  Not Found: /static/app/assets/img/shape-1.png
WARNING 2023-11-30 11:12:29,732  14196  Not Found: /static/app/assets/img/project/project-3.jpg 
WARNING 2023-11-30 11:12:29,734  14196  Not Found: /static/app/assets/img/project/project-4.jpg 
WARNING 2023-11-30 11:12:29,780  14196  Not Found: /static/app/assets/img/project/project-6.jpg 
WARNING 2023-11-30 11:12:29,817  14196  Not Found: /static/app/assets/img/shape-2.png 
WARNING 2023-11-30 11:12:29,821  14196  Not Found: /static/app/assets/js/owl-thumb.min.js 
WARNING 2023-11-30 11:12:29,829  14196  Not Found: /static/app/assets/img/about/about-shape-2.png 
WARNING 2023-11-30 11:12:29,855  14196  Not Found: /static/app/assets/img/project/project-15.jpg 
WARNING 2023-11-30 11:12:29,860  14196  Not Found: /static/app/assets/img/about/deer.png 
WARNING 2023-11-30 11:12:29,912  14196  Not Found: /static/app/assets/img/project/project-11.jpg 
WARNING 2023-11-30 11:12:29,946  14196  Not Found: /static/app/assets/img/project/project-13.jpg 
WARNING 2023-11-30 11:12:29,955  14196  Not Found: /static/app/assets/img/project/project-12.jpg 
WARNING 2023-11-30 11:12:29,967  14196  Not Found: /static/app/assets/js/odometer.js 
WARNING 2023-11-30 11:12:29,984  14196  Not Found: /static/app/assets/img/project/project-14.jpg 
WARNING 2023-11-30 11:12:29,999  14196  Not Found: /static/app/assets/img/project/project-16.jpg 
WARNING 2023-11-30 11:12:30,030  14196  Not Found: /static/app/assets/img/shape-6.png 
WARNING 2023-11-30 11:12:30,050  14196  Not Found: /static/app/assets/img/shape-13.png 
WARNING 2023-11-30 11:12:30,065  14196  Not Found: /static/app/assets/img/about/skull.png 
WARNING 2023-11-30 11:12:30,077  14196  Not Found: /static/app/assets/js/circle-progressbar.min.js 
WARNING 2023-11-30 11:12:30,084  14196  Not Found: /static/app/assets/img/about/leaves.png 
WARNING 2023-11-30 11:12:30,105  14196  Not Found: /static/app/assets/img/shape-5.png 
WARNING 2023-11-30 11:12:30,134  14196  Not Found: /static/app/assets/img/event/event-1.jpg 
WARNING 2023-11-30 11:12:30,164  14196  Not Found: /static/app/assets/img/event/event-2.jpg 
WARNING 2023-11-30 11:12:30,194  14196  Not Found: /static/app/assets/img/team/team-1.jpg 
WARNING 2023-11-30 11:12:30,208  14196  Not Found: /static/app/assets/img/team/team-shape-2.png 
WARNING 2023-11-30 11:12:30,213  14196  Not Found: /static/app/assets/js/fancybox.js
WARNING 2023-11-30 11:12:30,224  14196  Not Found: /static/app/assets/img/team/team-2.jpg 
WARNING 2023-11-30 11:12:30,264  14196  Not Found: /static/app/assets/img/team/team-3.jpg 
WARNING 2023-11-30 11:12:30,295  14196  Not Found: /static/app/ assets/img/team/team-shape-2.png
WARNING 2023-11-30 11:12:30,321  14196  Not Found: /static/app/assets/img/team/team-4.jpg 
WARNING 2023-11-30 11:12:30,332  14196  Not Found: /static/app/assets/img/team/team-5.jpg 
WARNING 2023-11-30 11:12:30,334  14196  Not Found: /static/app/assets/img/team/team-6.jpg 
WARNING 2023-11-30 11:12:30,355  14196  Not Found: /static/app/assets/js/jquery.appear.js 
WARNING 2023-11-30 11:12:30,394  14196  Not Found: /static/app/assets/img/bg-shape-5.png 
WARNING 2023-11-30 11:12:30,424  14196  Not Found: /static/app/assets/img/blog/author-1.jpg 
WARNING 2023-11-30 11:12:30,456  14196  Not Found: /static/app/assets/img/blog/author-7.jpg 
WARNING 2023-11-30 11:12:30,463  14196  Not Found: /static/app/assets/img/blog/author-4.jpg 
WARNING 2023-11-30 11:12:30,467  14196  Not Found: /static/app/assets/img/blog/author-3.jpg 
WARNING 2023-11-30 11:12:30,479  14196  Not Found: /static/app/assets/img/blog/author-5.jpg
WARNING 2023-11-30 11:12:30,525  14196  Not Found: /static/app/assets/js/tweenmax.min.js a
WARNING 2023-11-30 11:12:30,549  14196  Not Found: /static/app/assets/img/footer-shape-1.png 
WARNING 2023-11-30 11:12:30,574  14196  Not Found: /static/app/assets/img/sun-2.png 
WARNING 2023-11-30 11:12:30,575  14196  Not Found: /static/app/assets/img/logo.png 
WARNING 2023-11-30 11:12:30,583  14196  Not Found: /static/app/assets/img/bird.png 
WARNING 2023-11-30 11:12:30,590  14196  Not Found: /static/app/assets/js/main.js 
WARNING 2023-11-30 11:12:30,611  14196  Not Found: /static/app/assets/img/favicon.png 
INFO 2023-11-30 11:13:43,500  22996  Watching for file changes with StatReloader
WARNING 2023-11-30 11:13:45,435  22996  Not Found: /static/app/assets/img/logo1.png 
WARNING 2023-11-30 11:13:45,460  22996  Not Found: /cdn-cgi/scripts/5c5dd728/cloudflare-static/email-decode.min.js
WARNING 2023-11-30 11:13:45,506  22996  Not Found: /static/app/assets/js/tweenmax.min.js a
WARNING 2023-11-30 11:13:45,559  22996  Not Found: /static/app/ assets/img/team/team-shape-2.png
WARNING 2023-11-30 11:13:45,584  22996  Not Found: /static/app/assets/img/logo.png 
WARNING 2023-11-30 11:13:46,109  22996  Not Found: /static/app/ assets/img/team/team-shape-2.png
WARNING 2023-11-30 11:13:49,557  22996  Not Found: /static/app/assets/css/bootstrap.min.css
WARNING 2023-11-30 11:13:49,567  22996  Not Found: /static/app/assets/css/flaticon.css 
WARNING 2023-11-30 11:13:49,571  22996  Not Found: /static/app/assets/css/fancybox.css 
WARNING 2023-11-30 11:13:49,579  22996  Not Found: /static/app/assets/css/remixicon.css 
WARNING 2023-11-30 11:13:49,584  22996  Not Found: /static/app/assets/css/aos.css 
WARNING 2023-11-30 11:13:49,590  22996  Not Found: /static/app/assets/css/style.css 
WARNING 2023-11-30 11:13:49,598  22996  Not Found: /static/app/assets/css/responsive.css 
WARNING 2023-11-30 11:13:49,605  22996  Not Found: /static/app/assets/css/dark-theme.css 
WARNING 2023-11-30 11:13:49,609  22996  Not Found: /static/app/assets/css/owl.carousel.min.css 
WARNING 2023-11-30 11:13:49,613  22996  Not Found: /cdn-cgi/scripts/5c5dd728/cloudflare-static/email-decode.min.js
WARNING 2023-11-30 11:13:49,620  22996  Not Found: /static/app/assets/js/jquery.min.js 
WARNING 2023-11-30 11:13:49,623  22996  Not Found: /static/app/assets/js/bootstrap.bundle.min.js
WARNING 2023-11-30 11:13:49,625  22996  Not Found: /static/app/assets/js/form-validator.min.js 
WARNING 2023-11-30 11:13:49,630  22996  Not Found: /static/app/assets/css/owl-theme-default-min.css 
WARNING 2023-11-30 11:13:49,636  22996  Not Found: /static/app/assets/css/odometer.min.css 
WARNING 2023-11-30 11:13:49,639  22996  Not Found: /static/app/assets/js/contact-form-script.js 
WARNING 2023-11-30 11:13:49,644  22996  Not Found: /static/app/assets/js/aos.js 
WARNING 2023-11-30 11:13:49,650  22996  Not Found: /static/app/assets/js/owl.carousel.min.js 
WARNING 2023-11-30 11:13:49,654  22996  Not Found: /static/app/assets/js/owl-thumb.min.js 
WARNING 2023-11-30 11:13:49,656  22996  Not Found: /static/app/assets/js/odometer.js 
WARNING 2023-11-30 11:13:49,661  22996  Not Found: /static/app/assets/js/circle-progressbar.min.js 
WARNING 2023-11-30 11:13:49,670  22996  Not Found: /static/app/assets/js/fancybox.js
WARNING 2023-11-30 11:13:49,678  22996  Not Found: /static/app/assets/js/tweenmax.min.js a
WARNING 2023-11-30 11:13:49,686  22996  Not Found: /static/app/assets/js/main.js 
WARNING 2023-11-30 11:13:49,692  22996  Not Found: /static/app/assets/img/uk.png 
WARNING 2023-11-30 11:13:49,699  22996  Not Found: /static/app/assets/js/jquery.appear.js 
WARNING 2023-11-30 11:13:49,702  22996  Not Found: /static/app/assets/img/china.png 
WARNING 2023-11-30 11:13:49,704  22996  Not Found: /static/app/assets/img/uae.png 
WARNING 2023-11-30 11:13:49,710  22996  Not Found: /static/app/assets/img/logo1.png 
WARNING 2023-11-30 11:13:49,718  22996  Not Found: /static/app/assets/img/hero/hero-shape-1.png 
WARNING 2023-11-30 11:13:49,733  22996  Not Found: /static/app/assets/js/odometer.js 
WARNING 2023-11-30 11:13:49,737  22996  Not Found: /static/app/assets/img/hero/hero-shape-2.png 
WARNING 2023-11-30 11:13:49,740  22996  Not Found: /static/app/assets/img/hero/bird.png 
WARNING 2023-11-30 11:13:49,749  22996  Not Found: /static/app/assets/img/hero/sun.png 
WARNING 2023-11-30 11:13:49,758  22996  Not Found: /static/app/assets/img/hero/hero-shape-6.png 
WARNING 2023-11-30 11:13:49,768  22996  Not Found: /static/app/assets/img/hero/cloud.png 
WARNING 2023-11-30 11:13:49,775  22996  Not Found: /static/app/assets/img/hero/skull.png
WARNING 2023-11-30 11:13:49,783  22996  Not Found: /static/app/assets/img/hero/hero-img-1.png 
WARNING 2023-11-30 11:13:49,786  22996  Not Found: /static/app/assets/js/circle-progressbar.min.js 
WARNING 2023-11-30 11:13:49,799  22996  Not Found: /static/app/assets/img/section-shape.png 
WARNING 2023-11-30 11:13:49,808  22996  Not Found: /static/app/assets/img/project/project-1.jpg 
WARNING 2023-11-30 11:13:49,808  22996  Not Found: /static/app/assets/img/shape-1.png 
WARNING 2023-11-30 11:13:49,818  22996  Not Found: /static/app/assets/img/project/project-2.jpg 
WARNING 2023-11-30 11:13:49,824  22996  Not Found: /static/app/assets/img/shape-1.png
WARNING 2023-11-30 11:13:49,832  22996  Not Found: /static/app/assets/img/project/project-3.jpg 
WARNING 2023-11-30 11:13:49,838  22996  Not Found: /static/app/assets/js/fancybox.js
WARNING 2023-11-30 11:13:49,842  22996  Not Found: /static/app/assets/img/project/project-4.jpg 
WARNING 2023-11-30 11:13:49,852  22996  Not Found: /static/app/assets/img/project/project-6.jpg 
WARNING 2023-11-30 11:13:49,859  22996  Not Found: /static/app/assets/img/about/about-shape-2.png 
WARNING 2023-11-30 11:13:49,869  22996  Not Found: /static/app/assets/img/shape-2.png 
WARNING 2023-11-30 11:13:49,870  22996  Not Found: /static/app/assets/img/about/deer.png 
WARNING 2023-11-30 11:13:49,875  22996  Not Found: /static/app/assets/img/project/project-15.jpg 
WARNING 2023-11-30 11:13:49,883  22996  Not Found: /static/app/assets/img/project/project-11.jpg 
WARNING 2023-11-30 11:13:49,887  22996  Not Found: /static/app/assets/js/jquery.appear.js 
WARNING 2023-11-30 11:13:49,891  22996  Not Found: /static/app/assets/img/project/project-12.jpg 
WARNING 2023-11-30 11:13:49,899  22996  Not Found: /static/app/assets/img/project/project-13.jpg 
WARNING 2023-11-30 11:13:49,906  22996  Not Found: /static/app/assets/img/shape-6.png 
WARNING 2023-11-30 11:13:49,910  22996  Not Found: /static/app/assets/img/project/project-14.jpg 
WARNING 2023-11-30 11:13:49,920  22996  Not Found: /static/app/assets/img/shape-13.png 
WARNING 2023-11-30 11:13:49,934  22996  Not Found: /static/app/assets/js/tweenmax.min.js a
WARNING 2023-11-30 11:13:49,934  22996  Not Found: /static/app/assets/img/project/project-16.jpg 
WARNING 2023-11-30 11:13:49,942  22996  Not Found: /static/app/assets/img/about/skull.png 
WARNING 2023-11-30 11:13:49,950  22996  Not Found: /static/app/assets/img/event/event-1.jpg 
WARNING 2023-11-30 11:13:49,954  22996  Not Found: /static/app/assets/img/about/leaves.png 
WARNING 2023-11-30 11:13:49,967  22996  Not Found: /static/app/assets/img/team/team-1.jpg 
WARNING 2023-11-30 11:13:49,972  22996  Not Found: /static/app/assets/js/main.js 
WARNING 2023-11-30 11:13:49,983  22996  Not Found: /static/app/assets/img/shape-5.png 
WARNING 2023-11-30 11:13:49,988  22996  Not Found: /static/app/assets/img/event/event-2.jpg 
WARNING 2023-11-30 11:13:49,992  22996  Not Found: /static/app/assets/img/team/team-shape-2.png 
WARNING 2023-11-30 11:13:50,001  22996  Not Found: /static/app/assets/img/team/team-2.jpg 
WARNING 2023-11-30 11:13:50,014  22996  Not Found: /static/app/assets/img/team/team-3.jpg 
WARNING 2023-11-30 11:13:50,022  22996  Not Found: /static/app/ assets/img/team/team-shape-2.png
WARNING 2023-11-30 11:13:50,029  22996  Not Found: /static/app/assets/img/team/team-6.jpg 
WARNING 2023-11-30 11:13:50,032  22996  Not Found: /static/app/assets/img/team/team-5.jpg 
WARNING 2023-11-30 11:13:50,037  22996  Not Found: /static/app/assets/img/bg-shape-5.png 
WARNING 2023-11-30 11:13:50,041  22996  Not Found: /static/app/assets/img/blog/author-1.jpg 
WARNING 2023-11-30 11:13:50,048  22996  Not Found: /static/app/assets/img/team/team-4.jpg 
WARNING 2023-11-30 11:13:50,051  22996  Not Found: /static/app/assets/img/blog/author-7.jpg 
WARNING 2023-11-30 11:13:50,057  22996  Not Found: /static/app/assets/img/blog/author-3.jpg 
WARNING 2023-11-30 11:13:50,065  22996  Not Found: /static/app/assets/img/blog/author-4.jpg 
WARNING 2023-11-30 11:13:50,071  22996  Not Found: /static/app/assets/img/blog/author-5.jpg
WARNING 2023-11-30 11:13:50,076  22996  Not Found: /static/app/assets/img/footer-shape-1.png 
WARNING 2023-11-30 11:13:50,084  22996  Not Found: /static/app/assets/img/sun-2.png 
WARNING 2023-11-30 11:13:50,090  22996  Not Found: /static/app/assets/img/bird.png 
WARNING 2023-11-30 11:13:50,094  22996  Not Found: /static/app/assets/img/logo.png 
WARNING 2023-11-30 11:13:51,122  22996  Not Found: /static/app/assets/css/bootstrap.min.css
WARNING 2023-11-30 11:13:51,133  22996  Not Found: /static/app/assets/css/flaticon.css 
WARNING 2023-11-30 11:13:51,151  22996  Not Found: /static/app/assets/css/owl-theme-default-min.css 
WARNING 2023-11-30 11:13:51,152  22996  Not Found: /static/app/assets/css/fancybox.css 
WARNING 2023-11-30 11:13:51,160  22996  Not Found: /static/app/assets/css/owl.carousel.min.css 
WARNING 2023-11-30 11:13:51,168  22996  Not Found: /static/app/assets/css/odometer.min.css 
WARNING 2023-11-30 11:13:51,179  22996  Not Found: /static/app/assets/css/remixicon.css 
WARNING 2023-11-30 11:13:51,191  22996  Not Found: /static/app/assets/css/style.css 
WARNING 2023-11-30 11:13:51,203  22996  Not Found: /static/app/assets/css/aos.css 
WARNING 2023-11-30 11:13:51,216  22996  Not Found: /static/app/assets/css/responsive.css 
WARNING 2023-11-30 11:13:51,230  22996  Not Found: /static/app/assets/css/dark-theme.css 
WARNING 2023-11-30 11:13:51,240  22996  Not Found: /cdn-cgi/scripts/5c5dd728/cloudflare-static/email-decode.min.js
WARNING 2023-11-30 11:13:51,258  22996  Not Found: /static/app/assets/js/jquery.min.js 
WARNING 2023-11-30 11:13:51,268  22996  Not Found: /static/app/assets/js/bootstrap.bundle.min.js
WARNING 2023-11-30 11:13:51,278  22996  Not Found: /static/app/assets/js/form-validator.min.js 
WARNING 2023-11-30 11:13:51,291  22996  Not Found: /static/app/assets/js/contact-form-script.js 
WARNING 2023-11-30 11:13:51,318  22996  Not Found: /static/app/assets/js/aos.js 
WARNING 2023-11-30 11:13:51,335  22996  Not Found: /static/app/assets/js/owl.carousel.min.js 
WARNING 2023-11-30 11:13:51,349  22996  Not Found: /static/app/assets/js/owl-thumb.min.js 
WARNING 2023-11-30 11:13:51,361  22996  Not Found: /static/app/assets/js/circle-progressbar.min.js 
WARNING 2023-11-30 11:13:51,371  22996  Not Found: /static/app/assets/js/odometer.js 
WARNING 2023-11-30 11:13:51,384  22996  Not Found: /static/app/assets/js/tweenmax.min.js a
WARNING 2023-11-30 11:13:51,399  22996  Not Found: /static/app/assets/js/fancybox.js
WARNING 2023-11-30 11:13:51,410  22996  Not Found: /static/app/assets/js/jquery.appear.js 
WARNING 2023-11-30 11:13:51,432  22996  Not Found: /static/app/assets/js/main.js 
WARNING 2023-11-30 11:13:51,454  22996  Not Found: /static/app/assets/js/jquery.min.js 
WARNING 2023-11-30 11:13:51,471  22996  Not Found: /static/app/assets/img/uk.png 
WARNING 2023-11-30 11:13:51,487  22996  Not Found: /static/app/assets/img/china.png 
WARNING 2023-11-30 11:13:51,501  22996  Not Found: /static/app/assets/img/uae.png 
WARNING 2023-11-30 11:13:51,513  22996  Not Found: /static/app/assets/img/hero/hero-shape-1.png 
WARNING 2023-11-30 11:13:51,525  22996  Not Found: /static/app/assets/img/logo1.png 
WARNING 2023-11-30 11:13:51,536  22996  Not Found: /static/app/assets/img/hero/hero-shape-2.png 
WARNING 2023-11-30 11:13:51,550  22996  Not Found: /static/app/assets/js/bootstrap.bundle.min.js
WARNING 2023-11-30 11:13:51,644  22996  Not Found: /static/app/assets/img/hero/bird.png 
WARNING 2023-11-30 11:13:51,705  22996  Not Found: /static/app/assets/img/hero/sun.png 
WARNING 2023-11-30 11:13:51,717  22996  Not Found: /static/app/assets/img/hero/cloud.png 
WARNING 2023-11-30 11:13:51,732  22996  Not Found: /static/app/assets/img/hero/hero-img-1.png 
WARNING 2023-11-30 11:13:51,734  22996  Not Found: /static/app/assets/img/hero/hero-shape-6.png 
WARNING 2023-11-30 11:13:51,738  22996  Not Found: /static/app/assets/img/hero/skull.png
WARNING 2023-11-30 11:13:51,802  22996  Not Found: /static/app/assets/js/form-validator.min.js 
WARNING 2023-11-30 11:13:51,862  22996  Not Found: /static/app/assets/img/section-shape.png 
WARNING 2023-11-30 11:13:51,879  22996  Not Found: /static/app/assets/img/project/project-2.jpg 
WARNING 2023-11-30 11:13:51,881  22996  Not Found: /static/app/assets/img/project/project-1.jpg 
WARNING 2023-11-30 11:13:51,905  22996  Not Found: /static/app/assets/img/shape-1.png
WARNING 2023-11-30 11:13:51,921  22996  Not Found: /static/app/assets/img/shape-1.png 
WARNING 2023-11-30 11:13:51,964  22996  Not Found: /static/app/assets/img/project/project-3.jpg 
WARNING 2023-11-30 11:13:52,018  22996  Not Found: /static/app/assets/js/contact-form-script.js 
WARNING 2023-11-30 11:13:52,032  22996  Not Found: /static/app/assets/img/project/project-4.jpg 
WARNING 2023-11-30 11:13:52,055  22996  Not Found: /static/app/assets/img/project/project-6.jpg 
WARNING 2023-11-30 11:13:52,061  22996  Not Found: /static/app/assets/img/about/about-shape-2.png 
WARNING 2023-11-30 11:13:52,082  22996  Not Found: /static/app/assets/img/shape-2.png 
WARNING 2023-11-30 11:13:52,122  22996  Not Found: /static/app/assets/img/about/deer.png 
WARNING 2023-11-30 11:13:52,149  22996  Not Found: /static/app/assets/img/project/project-15.jpg 
WARNING 2023-11-30 11:13:52,184  22996  Not Found: /static/app/assets/js/aos.js 
WARNING 2023-11-30 11:13:52,204  22996  Not Found: /static/app/assets/img/project/project-12.jpg 
WARNING 2023-11-30 11:13:52,216  22996  Not Found: /static/app/assets/img/project/project-11.jpg 
WARNING 2023-11-30 11:13:52,229  22996  Not Found: /static/app/assets/img/project/project-13.jpg 
WARNING 2023-11-30 11:13:52,264  22996  Not Found: /static/app/assets/img/project/project-14.jpg 
WARNING 2023-11-30 11:13:52,300  22996  Not Found: /static/app/assets/img/project/project-16.jpg 
WARNING 2023-11-30 11:13:52,315  22996  Not Found: /static/app/assets/img/shape-6.png 
WARNING 2023-11-30 11:13:52,329  22996  Not Found: /static/app/assets/js/owl.carousel.min.js 
WARNING 2023-11-30 11:13:52,347  22996  Not Found: /static/app/assets/img/shape-13.png 
WARNING 2023-11-30 11:13:52,364  22996  Not Found: /static/app/assets/img/about/skull.png 
WARNING 2023-11-30 11:13:52,398  22996  Not Found: /static/app/assets/img/about/leaves.png 
WARNING 2023-11-30 11:13:52,438  22996  Not Found: /static/app/assets/img/shape-5.png 
WARNING 2023-11-30 11:13:52,456  22996  Not Found: /static/app/assets/img/event/event-1.jpg 
WARNING 2023-11-30 11:13:52,480  22996  Not Found: /static/app/assets/img/event/event-2.jpg 
WARNING 2023-11-30 11:13:52,500  22996  Not Found: /static/app/assets/js/owl-thumb.min.js 
WARNING 2023-11-30 11:13:52,514  22996  Not Found: /static/app/assets/img/team/team-1.jpg 
WARNING 2023-11-30 11:13:52,542  22996  Not Found: /static/app/assets/img/team/team-shape-2.png 
WARNING 2023-11-30 11:13:52,582  22996  Not Found: /static/app/assets/img/team/team-3.jpg 
WARNING 2023-11-30 11:13:52,594  22996  Not Found: /static/app/assets/img/team/team-2.jpg 
WARNING 2023-11-30 11:13:52,615  22996  Not Found: /static/app/ assets/img/team/team-shape-2.png
WARNING 2023-11-30 11:13:52,634  22996  Not Found: /static/app/assets/img/team/team-4.jpg 
WARNING 2023-11-30 11:13:52,650  22996  Not Found: /static/app/assets/js/odometer.js 
WARNING 2023-11-30 11:13:52,681  22996  Not Found: /static/app/assets/img/team/team-5.jpg 
WARNING 2023-11-30 11:13:52,715  22996  Not Found: /static/app/assets/img/bg-shape-5.png 
WARNING 2023-11-30 11:13:52,720  22996  Not Found: /static/app/assets/img/team/team-6.jpg 
WARNING 2023-11-30 11:13:52,733  22996  Not Found: /static/app/assets/img/blog/author-3.jpg 
WARNING 2023-11-30 11:13:52,736  22996  Not Found: /static/app/assets/img/blog/author-1.jpg 
WARNING 2023-11-30 11:13:52,756  22996  Not Found: /static/app/assets/img/blog/author-7.jpg 
WARNING 2023-11-30 11:13:52,779  22996  Not Found: /static/app/assets/js/circle-progressbar.min.js 
WARNING 2023-11-30 11:13:52,811  22996  Not Found: /static/app/assets/img/blog/author-4.jpg 
WARNING 2023-11-30 11:13:52,815  22996  Not Found: /static/app/assets/img/blog/author-5.jpg
WARNING 2023-11-30 11:13:52,830  22996  Not Found: /static/app/assets/img/sun-2.png 
WARNING 2023-11-30 11:13:52,835  22996  Not Found: /static/app/assets/img/footer-shape-1.png 
WARNING 2023-11-30 11:13:52,839  22996  Not Found: /static/app/assets/img/bird.png 
WARNING 2023-11-30 11:13:52,856  22996  Not Found: /static/app/assets/img/logo.png 
WARNING 2023-11-30 11:13:52,861  22996  Not Found: /static/app/assets/js/fancybox.js
WARNING 2023-11-30 11:13:52,879  22996  Not Found: /static/app/assets/js/jquery.appear.js 
WARNING 2023-11-30 11:13:52,892  22996  Not Found: /static/app/assets/js/tweenmax.min.js a
WARNING 2023-11-30 11:13:52,908  22996  Not Found: /static/app/assets/js/main.js 
INFO 2023-11-30 11:18:50,836  12816  Watching for file changes with StatReloader
WARNING 2023-11-30 11:18:52,837  12816  Not Found: /static/app/assets/img/logo1.png 
WARNING 2023-11-30 11:18:52,862  12816  Not Found: /cdn-cgi/scripts/5c5dd728/cloudflare-static/email-decode.min.js
WARNING 2023-11-30 11:18:52,890  12816  Not Found: /static/app/assets/js/tweenmax.min.js a
WARNING 2023-11-30 11:18:52,939  12816  Not Found: /static/app/ assets/img/team/team-shape-2.png
WARNING 2023-11-30 11:18:52,954  12816  Not Found: /static/app/assets/img/logo.png 
WARNING 2023-11-30 11:18:53,526  12816  Not Found: /static/app/ assets/img/team/team-shape-2.png
INFO 2023-11-30 11:25:01,556  18080  Watching for file changes with StatReloader
WARNING 2023-11-30 11:25:22,147  18080  Not Found: /cdn-cgi/scripts/5c5dd728/cloudflare-static/email-decode.min.js
WARNING 2023-11-30 11:25:26,551  18080  Not Found: /cdn-cgi/scripts/5c5dd728/cloudflare-static/email-decode.min.js
INFO 2023-11-30 11:26:48,075  20180  Watching for file changes with StatReloader
WARNING 2023-11-30 11:26:49,868  20180  Not Found: /cdn-cgi/scripts/5c5dd728/cloudflare-static/email-decode.min.js
INFO 2023-11-30 11:31:33,968  12344  Watching for file changes with StatReloader
WARNING 2023-11-30 11:31:36,408  12344  Not Found: /cdn-cgi/scripts/5c5dd728/cloudflare-static/email-decode.min.js
WARNING 2023-11-30 11:31:54,520  12344  Not Found: /404
WARNING 2023-11-30 11:31:54,681  12344  Not Found: /favicon.ico
INFO 2023-11-30 11:32:20,192  17184  Watching for file changes with StatReloader
WARNING 2023-11-30 11:32:21,986  17184  Not Found: /cdn-cgi/scripts/5c5dd728/cloudflare-static/email-decode.min.js
WARNING 2023-11-30 11:32:22,000  17184  Not Found: /static/app/assets/js/tweenmax.min.js a
WARNING 2023-11-30 11:32:22,045  17184  Not Found: /static/app/ assets/img/team/team-shape-2.png
WARNING 2023-11-30 11:32:22,590  17184  Not Found: /static/app/ assets/img/team/team-shape-2.png
WARNING 2023-11-30 11:32:25,225  17184  Not Found: /static/app/ assets/img/team/team-shape-2.png
WARNING 2023-11-30 11:32:27,828  17184  Not Found: /k
WARNING 2023-11-30 11:32:28,033  17184  Not Found: /static/app/assets/img/404.jpg
WARNING 2023-11-30 11:32:28,040  17184  Not Found: /cdn-cgi/scripts/5c5dd728/cloudflare-static/email-decode.min.js
WARNING 2023-11-30 11:32:28,052  17184  Not Found: /static/app/assets/js/tweenmax.min.js a
INFO 2023-11-30 11:33:20,987  14984  Watching for file changes with StatReloader
WARNING 2023-11-30 11:33:22,830  14984  Not Found: /cdn-cgi/scripts/5c5dd728/cloudflare-static/email-decode.min.js
WARNING 2023-11-30 11:36:39,616  14984  Not Found: /cdn-cgi/scripts/5c5dd728/cloudflare-static/email-decode.min.js
WARNING 2023-11-30 11:40:27,049  14984  Not Found: /k
WARNING 2023-11-30 11:40:27,624  14984  Not Found: /k
WARNING 2023-11-30 11:40:58,052  14984  Not Found: /cdn-cgi/scripts/5c5dd728/cloudflare-static/email-decode.min.js
INFO 2023-11-30 11:49:13,731  23472  Watching for file changes with StatReloader
WARNING 2023-11-30 11:49:16,712  23472  Not Found: /cdn-cgi/scripts/5c5dd728/cloudflare-static/email-decode.min.js
WARNING 2023-11-30 11:49:29,681  23472  Not Found: /assets/img/project/single-project-1.jpg
WARNING 2023-11-30 11:49:29,687  23472  Not Found: /cdn-cgi/scripts/5c5dd728/cloudflare-static/email-decode.min.js
WARNING 2023-11-30 11:49:29,748  23472  Not Found: /assets/img/project/project-2.jpg
WARNING 2023-11-30 11:49:29,756  23472  Not Found: /assets/img/project/project-1.jpg
WARNING 2023-11-30 11:50:50,231  23472  Not Found: /cdn-cgi/scripts/5c5dd728/cloudflare-static/email-decode.min.js
WARNING 2023-11-30 11:50:50,239  23472  Not Found: /assets/img/project/single-project-1.jpg
WARNING 2023-11-30 11:50:50,253  23472  Not Found: /assets/img/project/project-1.jpg
WARNING 2023-11-30 11:50:50,258  23472  Not Found: /assets/img/project/project-2.jpg
INFO 2023-11-30 11:57:11,511  9560  Watching for file changes with StatReloader
WARNING 2023-11-30 11:57:13,707  9560  Not Found: /cdn-cgi/scripts/5c5dd728/cloudflare-static/email-decode.min.js
WARNING 2023-11-30 11:57:26,462  9560  Not Found: /cdn-cgi/scripts/5c5dd728/cloudflare-static/email-decode.min.js
WARNING 2023-11-30 11:57:43,953  9560  Not Found: /cdn-cgi/scripts/5c5dd728/cloudflare-static/email-decode.min.js
WARNING 2023-11-30 11:59:02,658  9560  Not Found: /cdn-cgi/scripts/5c5dd728/cloudflare-static/email-decode.min.js
WARNING 2023-11-30 11:59:06,294  9560  Not Found: /cdn-cgi/scripts/5c5dd728/cloudflare-static/email-decode.min.js
WARNING 2023-11-30 11:59:10,595  9560  Not Found: /cdn-cgi/scripts/5c5dd728/cloudflare-static/email-decode.min.js
WARNING 2023-11-30 11:59:13,849  9560  Not Found: /cdn-cgi/scripts/5c5dd728/cloudflare-static/email-decode.min.js
WARNING 2023-11-30 12:08:49,229  9560  Not Found: /cdn-cgi/scripts/5c5dd728/cloudflare-static/email-decode.min.js
WARNING 2023-11-30 12:08:50,312  9560  Not Found: /cdn-cgi/scripts/5c5dd728/cloudflare-static/email-decode.min.js
WARNING 2023-11-30 12:08:56,542  9560  Not Found: /cdn-cgi/scripts/5c5dd728/cloudflare-static/email-decode.min.js
INFO 2023-11-30 12:10:37,319  11428  Watching for file changes with StatReloader
WARNING 2023-11-30 12:10:41,385  11428  Not Found: /cdn-cgi/scripts/5c5dd728/cloudflare-static/email-decode.min.js
WARNING 2023-11-30 12:11:23,501  11428  Not Found: /cdn-cgi/scripts/5c5dd728/cloudflare-static/email-decode.min.js
WARNING 2023-11-30 12:11:48,617  11428  Not Found: /cdn-cgi/scripts/5c5dd728/cloudflare-static/email-decode.min.js
WARNING 2023-11-30 12:13:40,089  11428  Not Found: /cdn-cgi/scripts/5c5dd728/cloudflare-static/email-decode.min.js
WARNING 2023-11-30 12:17:47,852  11428  Not Found: /cdn-cgi/scripts/5c5dd728/cloudflare-static/email-decode.min.js
WARNING 2023-11-30 12:23:19,204  11428  Not Found: /cdn-cgi/scripts/5c5dd728/cloudflare-static/email-decode.min.js
WARNING 2023-11-30 12:25:27,291  11428  Not Found: /cdn-cgi/scripts/5c5dd728/cloudflare-static/email-decode.min.js
WARNING 2023-11-30 12:25:33,771  11428  Not Found: /cdn-cgi/scripts/5c5dd728/cloudflare-static/email-decode.min.js
WARNING 2023-11-30 12:31:38,209  11428  Not Found: /cdn-cgi/scripts/5c5dd728/cloudflare-static/email-decode.min.js
WARNING 2023-11-30 12:31:49,643  11428  Not Found: /cdn-cgi/scripts/5c5dd728/cloudflare-static/email-decode.min.js
WARNING 2023-11-30 12:31:52,812  11428  Forbidden (Permission denied): /donors
Traceback (most recent call last):
  File "C:\Users\vkori\Desktop\Django2\ClimateActionFrontier_EmobilisProjectShowcasing\venv\Lib\site-packages\django\core\handlers\exception.py", line 55, in inner
    response = get_response(request)
               ^^^^^^^^^^^^^^^^^^^^^
  File "C:\Users\vkori\Desktop\Django2\ClimateActionFrontier_EmobilisProjectShowcasing\venv\Lib\site-packages\django\core\handlers\base.py", line 197, in _get_response
    response = wrapped_callback(request, *callback_args, **callback_kwargs)
               ^^^^^^^^^^^^^^^^^^^^^^^^^^^^^^^^^^^^^^^^^^^^^^^^^^^^^^^^^^^^
  File "C:\Users\vkori\Desktop\Django2\ClimateActionFrontier_EmobilisProjectShowcasing\venv\Lib\site-packages\django\contrib\auth\decorators.py", line 23, in _wrapper_view
    return view_func(request, *args, **kwargs)
           ^^^^^^^^^^^^^^^^^^^^^^^^^^^^^^^^^^^
  File "C:\Users\vkori\Desktop\Django2\ClimateActionFrontier_EmobilisProjectShowcasing\venv\Lib\site-packages\django\contrib\auth\decorators.py", line 22, in _wrapper_view
    if test_func(request.user):
       ^^^^^^^^^^^^^^^^^^^^^^^
  File "C:\Users\vkori\Desktop\Django2\ClimateActionFrontier_EmobilisProjectShowcasing\venv\Lib\site-packages\django\contrib\auth\decorators.py", line 78, in check_perms
    raise PermissionDenied
django.core.exceptions.PermissionDenied
WARNING 2023-11-30 12:31:52,911  11428  Not Found: /cdn-cgi/scripts/5c5dd728/cloudflare-static/email-decode.min.js
INFO 2023-11-30 12:44:37,748  14116  Watching for file changes with StatReloader
WARNING 2023-11-30 12:44:46,308  14116  Forbidden (Permission denied): /donors
Traceback (most recent call last):
  File "C:\Users\vkori\Desktop\Django2\ClimateActionFrontier_EmobilisProjectShowcasing\venv\Lib\site-packages\django\core\handlers\exception.py", line 55, in inner
    response = get_response(request)
               ^^^^^^^^^^^^^^^^^^^^^
  File "C:\Users\vkori\Desktop\Django2\ClimateActionFrontier_EmobilisProjectShowcasing\venv\Lib\site-packages\django\core\handlers\base.py", line 197, in _get_response
    response = wrapped_callback(request, *callback_args, **callback_kwargs)
               ^^^^^^^^^^^^^^^^^^^^^^^^^^^^^^^^^^^^^^^^^^^^^^^^^^^^^^^^^^^^
  File "C:\Users\vkori\Desktop\Django2\ClimateActionFrontier_EmobilisProjectShowcasing\venv\Lib\site-packages\django\contrib\auth\decorators.py", line 23, in _wrapper_view
    return view_func(request, *args, **kwargs)
           ^^^^^^^^^^^^^^^^^^^^^^^^^^^^^^^^^^^
  File "C:\Users\vkori\Desktop\Django2\ClimateActionFrontier_EmobilisProjectShowcasing\venv\Lib\site-packages\django\contrib\auth\decorators.py", line 22, in _wrapper_view
    if test_func(request.user):
       ^^^^^^^^^^^^^^^^^^^^^^^
  File "C:\Users\vkori\Desktop\Django2\ClimateActionFrontier_EmobilisProjectShowcasing\venv\Lib\site-packages\django\contrib\auth\decorators.py", line 78, in check_perms
    raise PermissionDenied
django.core.exceptions.PermissionDenied
WARNING 2023-11-30 12:44:46,627  14116  Not Found: /cdn-cgi/scripts/5c5dd728/cloudflare-static/email-decode.min.js
WARNING 2023-11-30 12:45:31,982  14116  Forbidden (Permission denied): /donors
Traceback (most recent call last):
  File "C:\Users\vkori\Desktop\Django2\ClimateActionFrontier_EmobilisProjectShowcasing\venv\Lib\site-packages\django\core\handlers\exception.py", line 55, in inner
    response = get_response(request)
               ^^^^^^^^^^^^^^^^^^^^^
  File "C:\Users\vkori\Desktop\Django2\ClimateActionFrontier_EmobilisProjectShowcasing\venv\Lib\site-packages\django\core\handlers\base.py", line 197, in _get_response
    response = wrapped_callback(request, *callback_args, **callback_kwargs)
               ^^^^^^^^^^^^^^^^^^^^^^^^^^^^^^^^^^^^^^^^^^^^^^^^^^^^^^^^^^^^
  File "C:\Users\vkori\Desktop\Django2\ClimateActionFrontier_EmobilisProjectShowcasing\venv\Lib\site-packages\django\contrib\auth\decorators.py", line 23, in _wrapper_view
    return view_func(request, *args, **kwargs)
           ^^^^^^^^^^^^^^^^^^^^^^^^^^^^^^^^^^^
  File "C:\Users\vkori\Desktop\Django2\ClimateActionFrontier_EmobilisProjectShowcasing\venv\Lib\site-packages\django\contrib\auth\decorators.py", line 22, in _wrapper_view
    if test_func(request.user):
       ^^^^^^^^^^^^^^^^^^^^^^^
  File "C:\Users\vkori\Desktop\Django2\ClimateActionFrontier_EmobilisProjectShowcasing\venv\Lib\site-packages\django\contrib\auth\decorators.py", line 78, in check_perms
    raise PermissionDenied
django.core.exceptions.PermissionDenied
WARNING 2023-11-30 12:45:32,077  14116  Not Found: /cdn-cgi/scripts/5c5dd728/cloudflare-static/email-decode.min.js
WARNING 2023-11-30 12:46:00,977  14116  Forbidden (Permission denied): /donors
Traceback (most recent call last):
  File "C:\Users\vkori\Desktop\Django2\ClimateActionFrontier_EmobilisProjectShowcasing\venv\Lib\site-packages\django\core\handlers\exception.py", line 55, in inner
    response = get_response(request)
               ^^^^^^^^^^^^^^^^^^^^^
  File "C:\Users\vkori\Desktop\Django2\ClimateActionFrontier_EmobilisProjectShowcasing\venv\Lib\site-packages\django\core\handlers\base.py", line 197, in _get_response
    response = wrapped_callback(request, *callback_args, **callback_kwargs)
               ^^^^^^^^^^^^^^^^^^^^^^^^^^^^^^^^^^^^^^^^^^^^^^^^^^^^^^^^^^^^
  File "C:\Users\vkori\Desktop\Django2\ClimateActionFrontier_EmobilisProjectShowcasing\venv\Lib\site-packages\django\contrib\auth\decorators.py", line 23, in _wrapper_view
    return view_func(request, *args, **kwargs)
           ^^^^^^^^^^^^^^^^^^^^^^^^^^^^^^^^^^^
  File "C:\Users\vkori\Desktop\Django2\ClimateActionFrontier_EmobilisProjectShowcasing\venv\Lib\site-packages\django\contrib\auth\decorators.py", line 22, in _wrapper_view
    if test_func(request.user):
       ^^^^^^^^^^^^^^^^^^^^^^^
  File "C:\Users\vkori\Desktop\Django2\ClimateActionFrontier_EmobilisProjectShowcasing\venv\Lib\site-packages\django\contrib\auth\decorators.py", line 78, in check_perms
    raise PermissionDenied
django.core.exceptions.PermissionDenied
WARNING 2023-11-30 12:46:01,052  14116  Not Found: /cdn-cgi/scripts/5c5dd728/cloudflare-static/email-decode.min.js
WARNING 2023-11-30 12:46:14,231  14116  Not Found: /donorsg
WARNING 2023-11-30 12:46:31,670  14116  Not Found: /donorsg
INFO 2023-11-30 12:46:32,274  14116  C:\Users\vkori\Desktop\Django2\ClimateActionFrontier_EmobilisProjectShowcasing\ClimateActionFrontier_EmobilisProjectShowcasing\settings.py changed, reloading.
INFO 2023-11-30 12:46:33,322  8884  Watching for file changes with StatReloader
WARNING 2023-11-30 12:46:33,960  8884  Not Found: /donorsg
WARNING 2023-11-30 12:46:34,027  8884  Not Found: /cdn-cgi/scripts/5c5dd728/cloudflare-static/email-decode.min.js
WARNING 2023-11-30 12:46:34,036  8884  Not Found: /static/app/assets/js/tweenmax.min.js a
WARNING 2023-11-30 12:47:23,882  8884  Not Found: /donorsg
WARNING 2023-11-30 12:47:23,950  8884  Not Found: /cdn-cgi/scripts/5c5dd728/cloudflare-static/email-decode.min.js
WARNING 2023-11-30 12:47:23,953  8884  Not Found: /static/app/assets/js/tweenmax.min.js a
WARNING 2023-11-30 12:47:24,536  8884  Not Found: /donorsg
WARNING 2023-11-30 12:47:24,603  8884  Not Found: /cdn-cgi/scripts/5c5dd728/cloudflare-static/email-decode.min.js
WARNING 2023-11-30 12:47:24,607  8884  Not Found: /static/app/assets/js/tweenmax.min.js a
WARNING 2023-11-30 12:47:24,894  8884  Not Found: /donorsg
WARNING 2023-11-30 12:47:24,966  8884  Not Found: /cdn-cgi/scripts/5c5dd728/cloudflare-static/email-decode.min.js
WARNING 2023-11-30 12:47:24,971  8884  Not Found: /static/app/assets/js/tweenmax.min.js a
WARNING 2023-11-30 12:47:25,493  8884  Not Found: /donorsg
WARNING 2023-11-30 12:47:25,555  8884  Not Found: /cdn-cgi/scripts/5c5dd728/cloudflare-static/email-decode.min.js
WARNING 2023-11-30 12:47:25,559  8884  Not Found: /static/app/assets/js/tweenmax.min.js a
WARNING 2023-11-30 12:47:25,655  8884  Not Found: /donorsg
WARNING 2023-11-30 12:47:25,727  8884  Not Found: /cdn-cgi/scripts/5c5dd728/cloudflare-static/email-decode.min.js
WARNING 2023-11-30 12:47:25,730  8884  Not Found: /static/app/assets/js/tweenmax.min.js a
WARNING 2023-11-30 12:47:25,934  8884  Not Found: /donorsg
WARNING 2023-11-30 12:47:26,005  8884  Not Found: /cdn-cgi/scripts/5c5dd728/cloudflare-static/email-decode.min.js
WARNING 2023-11-30 12:47:26,010  8884  Not Found: /static/app/assets/js/tweenmax.min.js a
WARNING 2023-11-30 12:47:26,479  8884  Not Found: /donorsg
WARNING 2023-11-30 12:47:26,551  8884  Not Found: /cdn-cgi/scripts/5c5dd728/cloudflare-static/email-decode.min.js
WARNING 2023-11-30 12:47:26,554  8884  Not Found: /static/app/assets/js/tweenmax.min.js a
INFO 2023-11-30 12:47:33,803  13520  Watching for file changes with StatReloader
WARNING 2023-11-30 12:47:35,353  13520  Not Found: /cdn-cgi/scripts/5c5dd728/cloudflare-static/email-decode.min.js
WARNING 2023-11-30 12:47:35,376  13520  Not Found: /static/app/assets/js/tweenmax.min.js a
WARNING 2023-11-30 12:47:39,975  13520  Not Found: /donorsg
WARNING 2023-11-30 12:47:40,045  13520  Not Found: /cdn-cgi/scripts/5c5dd728/cloudflare-static/email-decode.min.js
WARNING 2023-11-30 12:47:40,049  13520  Not Found: /static/app/assets/js/tweenmax.min.js a
INFO 2023-11-30 12:48:02,341  20484  Watching for file changes with StatReloader
WARNING 2023-11-30 12:48:04,352  20484  Not Found: /cdn-cgi/scripts/5c5dd728/cloudflare-static/email-decode.min.js
WARNING 2023-11-30 12:48:04,381  20484  Not Found: /static/app/assets/js/tweenmax.min.js a
WARNING 2023-11-30 12:50:07,494  20484  Not Found: /cdn-cgi/scripts/5c5dd728/cloudflare-static/email-decode.min.js
WARNING 2023-11-30 12:50:07,552  20484  Not Found: /static/app/assets/js/tweenmax.min.js a
WARNING 2023-11-30 12:52:14,824  20484  Not Found: /cdn-cgi/scripts/5c5dd728/cloudflare-static/email-decode.min.js
WARNING 2023-11-30 12:52:14,830  20484  Not Found: /static/app/assets/js/tweenmax.min.js a
WARNING 2023-11-30 12:52:18,109  20484  Not Found: /cdn-cgi/scripts/5c5dd728/cloudflare-static/email-decode.min.js
WARNING 2023-11-30 12:52:18,114  20484  Not Found: /static/app/assets/js/tweenmax.min.js a
WARNING 2023-11-30 12:53:36,668  20484  Not Found: /static/app/assets/js/tweenmax.min.js a
WARNING 2023-11-30 12:53:36,671  20484  Not Found: /cdn-cgi/scripts/5c5dd728/cloudflare-static/email-decode.min.js
WARNING 2023-11-30 12:55:31,122  20484  Not Found: /cdn-cgi/scripts/5c5dd728/cloudflare-static/email-decode.min.js
WARNING 2023-11-30 12:55:31,127  20484  Not Found: /static/app/assets/js/tweenmax.min.js a
WARNING 2023-11-30 12:55:39,758  20484  Not Found: /cdn-cgi/scripts/5c5dd728/cloudflare-static/email-decode.min.js
WARNING 2023-11-30 12:55:39,762  20484  Not Found: /static/app/assets/js/tweenmax.min.js a
WARNING 2023-11-30 12:56:19,392  20484  Not Found: /cdn-cgi/scripts/5c5dd728/cloudflare-static/email-decode.min.js
WARNING 2023-11-30 12:56:19,473  20484  Not Found: /static/app/assets/js/tweenmax.min.js a
INFO 2023-11-30 13:00:31,211  12280  Watching for file changes with StatReloader
WARNING 2023-11-30 13:00:34,427  12280  Not Found: /cdn-cgi/scripts/5c5dd728/cloudflare-static/email-decode.min.js
WARNING 2023-11-30 13:00:34,448  12280  Not Found: /static/app/assets/js/tweenmax.min.js a
WARNING 2023-11-30 13:00:34,786  12280  Not Found: /cdn-cgi/scripts/5c5dd728/cloudflare-static/email-decode.min.js
WARNING 2023-11-30 13:00:34,833  12280  Not Found: /static/app/assets/js/tweenmax.min.js a
WARNING 2023-11-30 13:00:37,647  12280  Not Found: /cdn-cgi/scripts/5c5dd728/cloudflare-static/email-decode.min.js
WARNING 2023-11-30 13:00:37,665  12280  Not Found: /static/app/assets/js/tweenmax.min.js a
WARNING 2023-11-30 13:00:40,082  12280  Not Found: /cdn-cgi/scripts/5c5dd728/cloudflare-static/email-decode.min.js
WARNING 2023-11-30 13:00:40,105  12280  Not Found: /static/app/assets/js/tweenmax.min.js a
WARNING 2023-11-30 13:02:00,322  12280  Not Found: /cdn-cgi/scripts/5c5dd728/cloudflare-static/email-decode.min.js
WARNING 2023-11-30 13:02:00,332  12280  Not Found: /static/app/assets/js/tweenmax.min.js a
INFO 2023-11-30 13:04:29,256  23648  Watching for file changes with StatReloader
WARNING 2023-11-30 13:04:31,454  23648  Not Found: /cdn-cgi/scripts/5c5dd728/cloudflare-static/email-decode.min.js
WARNING 2023-11-30 13:04:31,477  23648  Not Found: /static/app/assets/js/tweenmax.min.js a
WARNING 2023-11-30 13:04:34,186  23648  Not Found: /static/app/assets/js/tweenmax.min.js a
WARNING 2023-11-30 13:04:34,188  23648  Not Found: /cdn-cgi/scripts/5c5dd728/cloudflare-static/email-decode.min.js
WARNING 2023-11-30 13:05:49,254  23648  Not Found: /cdn-cgi/scripts/5c5dd728/cloudflare-static/email-decode.min.js
WARNING 2023-11-30 13:05:49,259  23648  Not Found: /static/app/assets/js/tweenmax.min.js a
WARNING 2023-11-30 13:06:00,406  23648  Not Found: /cdn-cgi/scripts/5c5dd728/cloudflare-static/email-decode.min.js
WARNING 2023-11-30 13:06:00,424  23648  Not Found: /static/app/assets/js/tweenmax.min.js a
WARNING 2023-11-30 13:06:02,819  23648  Not Found: /cdn-cgi/scripts/5c5dd728/cloudflare-static/email-decode.min.js
WARNING 2023-11-30 13:06:02,829  23648  Not Found: /static/app/assets/js/tweenmax.min.js a
WARNING 2023-11-30 13:06:06,298  23648  Not Found: /cdn-cgi/scripts/5c5dd728/cloudflare-static/email-decode.min.js
WARNING 2023-11-30 13:06:06,320  23648  Not Found: /static/app/assets/js/tweenmax.min.js a
WARNING 2023-11-30 13:06:13,325  23648  Not Found: /cdn-cgi/scripts/5c5dd728/cloudflare-static/email-decode.min.js
WARNING 2023-11-30 13:06:13,330  23648  Not Found: /static/app/assets/js/tweenmax.min.js a
WARNING 2023-11-30 14:28:54,456  23648  Not Found: /cdn-cgi/scripts/5c5dd728/cloudflare-static/email-decode.min.js
WARNING 2023-11-30 14:28:54,471  23648  Not Found: /static/app/assets/js/tweenmax.min.js a
WARNING 2023-11-30 14:29:04,989  23648  Not Found: /delete
WARNING 2023-11-30 14:29:05,069  23648  Not Found: /cdn-cgi/scripts/5c5dd728/cloudflare-static/email-decode.min.js
WARNING 2023-11-30 14:29:05,079  23648  Not Found: /static/app/assets/js/tweenmax.min.js a
WARNING 2023-11-30 14:29:11,838  23648  Not Found: /cdn-cgi/scripts/5c5dd728/cloudflare-static/email-decode.min.js
WARNING 2023-11-30 14:29:11,840  23648  Not Found: /static/app/assets/js/tweenmax.min.js a
WARNING 2023-11-30 14:29:18,570  23648  Forbidden (Permission denied): /donors
Traceback (most recent call last):
  File "C:\Users\vkori\Desktop\Django2\ClimateActionFrontier_EmobilisProjectShowcasing\venv\Lib\site-packages\django\core\handlers\exception.py", line 55, in inner
    response = get_response(request)
               ^^^^^^^^^^^^^^^^^^^^^
  File "C:\Users\vkori\Desktop\Django2\ClimateActionFrontier_EmobilisProjectShowcasing\venv\Lib\site-packages\django\core\handlers\base.py", line 197, in _get_response
    response = wrapped_callback(request, *callback_args, **callback_kwargs)
               ^^^^^^^^^^^^^^^^^^^^^^^^^^^^^^^^^^^^^^^^^^^^^^^^^^^^^^^^^^^^
  File "C:\Users\vkori\Desktop\Django2\ClimateActionFrontier_EmobilisProjectShowcasing\venv\Lib\site-packages\django\contrib\auth\decorators.py", line 23, in _wrapper_view
    return view_func(request, *args, **kwargs)
           ^^^^^^^^^^^^^^^^^^^^^^^^^^^^^^^^^^^
  File "C:\Users\vkori\Desktop\Django2\ClimateActionFrontier_EmobilisProjectShowcasing\venv\Lib\site-packages\django\contrib\auth\decorators.py", line 22, in _wrapper_view
    if test_func(request.user):
       ^^^^^^^^^^^^^^^^^^^^^^^
  File "C:\Users\vkori\Desktop\Django2\ClimateActionFrontier_EmobilisProjectShowcasing\venv\Lib\site-packages\django\contrib\auth\decorators.py", line 78, in check_perms
    raise PermissionDenied
django.core.exceptions.PermissionDenied
WARNING 2023-11-30 14:29:18,911  23648  Not Found: /static/app/assets/img/403.jpg
WARNING 2023-11-30 14:29:18,926  23648  Not Found: /cdn-cgi/scripts/5c5dd728/cloudflare-static/email-decode.min.js
WARNING 2023-11-30 14:29:18,941  23648  Not Found: /static/app/assets/js/tweenmax.min.js a
WARNING 2023-11-30 14:29:22,531  23648  Forbidden (Permission denied): /donors
Traceback (most recent call last):
  File "C:\Users\vkori\Desktop\Django2\ClimateActionFrontier_EmobilisProjectShowcasing\venv\Lib\site-packages\django\core\handlers\exception.py", line 55, in inner
    response = get_response(request)
               ^^^^^^^^^^^^^^^^^^^^^
  File "C:\Users\vkori\Desktop\Django2\ClimateActionFrontier_EmobilisProjectShowcasing\venv\Lib\site-packages\django\core\handlers\base.py", line 197, in _get_response
    response = wrapped_callback(request, *callback_args, **callback_kwargs)
               ^^^^^^^^^^^^^^^^^^^^^^^^^^^^^^^^^^^^^^^^^^^^^^^^^^^^^^^^^^^^
  File "C:\Users\vkori\Desktop\Django2\ClimateActionFrontier_EmobilisProjectShowcasing\venv\Lib\site-packages\django\contrib\auth\decorators.py", line 23, in _wrapper_view
    return view_func(request, *args, **kwargs)
           ^^^^^^^^^^^^^^^^^^^^^^^^^^^^^^^^^^^
  File "C:\Users\vkori\Desktop\Django2\ClimateActionFrontier_EmobilisProjectShowcasing\venv\Lib\site-packages\django\contrib\auth\decorators.py", line 22, in _wrapper_view
    if test_func(request.user):
       ^^^^^^^^^^^^^^^^^^^^^^^
  File "C:\Users\vkori\Desktop\Django2\ClimateActionFrontier_EmobilisProjectShowcasing\venv\Lib\site-packages\django\contrib\auth\decorators.py", line 78, in check_perms
    raise PermissionDenied
django.core.exceptions.PermissionDenied
WARNING 2023-11-30 14:29:22,642  23648  Not Found: /static/app/assets/img/403.jpg
WARNING 2023-11-30 14:29:22,646  23648  Not Found: /cdn-cgi/scripts/5c5dd728/cloudflare-static/email-decode.min.js
WARNING 2023-11-30 14:29:22,651  23648  Not Found: /static/app/assets/js/tweenmax.min.js a
WARNING 2023-11-30 14:29:23,618  23648  Forbidden (Permission denied): /donors
Traceback (most recent call last):
  File "C:\Users\vkori\Desktop\Django2\ClimateActionFrontier_EmobilisProjectShowcasing\venv\Lib\site-packages\django\core\handlers\exception.py", line 55, in inner
    response = get_response(request)
               ^^^^^^^^^^^^^^^^^^^^^
  File "C:\Users\vkori\Desktop\Django2\ClimateActionFrontier_EmobilisProjectShowcasing\venv\Lib\site-packages\django\core\handlers\base.py", line 197, in _get_response
    response = wrapped_callback(request, *callback_args, **callback_kwargs)
               ^^^^^^^^^^^^^^^^^^^^^^^^^^^^^^^^^^^^^^^^^^^^^^^^^^^^^^^^^^^^
  File "C:\Users\vkori\Desktop\Django2\ClimateActionFrontier_EmobilisProjectShowcasing\venv\Lib\site-packages\django\contrib\auth\decorators.py", line 23, in _wrapper_view
    return view_func(request, *args, **kwargs)
           ^^^^^^^^^^^^^^^^^^^^^^^^^^^^^^^^^^^
  File "C:\Users\vkori\Desktop\Django2\ClimateActionFrontier_EmobilisProjectShowcasing\venv\Lib\site-packages\django\contrib\auth\decorators.py", line 22, in _wrapper_view
    if test_func(request.user):
       ^^^^^^^^^^^^^^^^^^^^^^^
  File "C:\Users\vkori\Desktop\Django2\ClimateActionFrontier_EmobilisProjectShowcasing\venv\Lib\site-packages\django\contrib\auth\decorators.py", line 78, in check_perms
    raise PermissionDenied
django.core.exceptions.PermissionDenied
WARNING 2023-11-30 14:29:23,691  23648  Not Found: /static/app/assets/img/403.jpg
WARNING 2023-11-30 14:29:23,699  23648  Not Found: /cdn-cgi/scripts/5c5dd728/cloudflare-static/email-decode.min.js
WARNING 2023-11-30 14:29:23,706  23648  Not Found: /static/app/assets/js/tweenmax.min.js a
WARNING 2023-11-30 14:29:23,957  23648  Forbidden (Permission denied): /donors
Traceback (most recent call last):
  File "C:\Users\vkori\Desktop\Django2\ClimateActionFrontier_EmobilisProjectShowcasing\venv\Lib\site-packages\django\core\handlers\exception.py", line 55, in inner
    response = get_response(request)
               ^^^^^^^^^^^^^^^^^^^^^
  File "C:\Users\vkori\Desktop\Django2\ClimateActionFrontier_EmobilisProjectShowcasing\venv\Lib\site-packages\django\core\handlers\base.py", line 197, in _get_response
    response = wrapped_callback(request, *callback_args, **callback_kwargs)
               ^^^^^^^^^^^^^^^^^^^^^^^^^^^^^^^^^^^^^^^^^^^^^^^^^^^^^^^^^^^^
  File "C:\Users\vkori\Desktop\Django2\ClimateActionFrontier_EmobilisProjectShowcasing\venv\Lib\site-packages\django\contrib\auth\decorators.py", line 23, in _wrapper_view
    return view_func(request, *args, **kwargs)
           ^^^^^^^^^^^^^^^^^^^^^^^^^^^^^^^^^^^
  File "C:\Users\vkori\Desktop\Django2\ClimateActionFrontier_EmobilisProjectShowcasing\venv\Lib\site-packages\django\contrib\auth\decorators.py", line 22, in _wrapper_view
    if test_func(request.user):
       ^^^^^^^^^^^^^^^^^^^^^^^
  File "C:\Users\vkori\Desktop\Django2\ClimateActionFrontier_EmobilisProjectShowcasing\venv\Lib\site-packages\django\contrib\auth\decorators.py", line 78, in check_perms
    raise PermissionDenied
django.core.exceptions.PermissionDenied
WARNING 2023-11-30 14:29:24,031  23648  Not Found: /cdn-cgi/scripts/5c5dd728/cloudflare-static/email-decode.min.js
WARNING 2023-11-30 14:29:24,034  23648  Not Found: /static/app/assets/img/403.jpg
WARNING 2023-11-30 14:29:24,044  23648  Not Found: /static/app/assets/js/tweenmax.min.js a
INFO 2023-11-30 17:27:28,231  18932  Watching for file changes with StatReloader
INFO 2023-11-30 17:27:56,688  30360  Watching for file changes with StatReloader
WARNING 2023-11-30 17:27:58,288  30360  Not Found: /cdn-cgi/scripts/5c5dd728/cloudflare-static/email-decode.min.js
WARNING 2023-11-30 17:27:58,313  30360  Not Found: /static/app/assets/js/tweenmax.min.js a
INFO 2023-11-30 17:28:14,936  30360  C:\Users\vkori\Desktop\NEW\ClimateActionFrontier_EmobilisProjectShowcasing\ClimateActionFrontier_EmobilisProjectShowcasing\urls.py changed, reloading.
INFO 2023-11-30 17:28:15,921  28488  Watching for file changes with StatReloader
ERROR 2023-11-30 17:28:18,750  28488  Internal Server Error: /login
Traceback (most recent call last):
  File "C:\Users\vkori\Desktop\Django2\ClimateActionFrontier_EmobilisProjectShowcasing\venv\Lib\site-packages\django\core\handlers\exception.py", line 55, in inner
    response = get_response(request)
               ^^^^^^^^^^^^^^^^^^^^^
  File "C:\Users\vkori\Desktop\Django2\ClimateActionFrontier_EmobilisProjectShowcasing\venv\Lib\site-packages\django\core\handlers\base.py", line 197, in _get_response
    response = wrapped_callback(request, *callback_args, **callback_kwargs)
               ^^^^^^^^^^^^^^^^^^^^^^^^^^^^^^^^^^^^^^^^^^^^^^^^^^^^^^^^^^^^
TypeError: login() missing 1 required positional argument: 'user'
ERROR 2023-11-30 17:28:22,918  28488  Internal Server Error: /
Traceback (most recent call last):
  File "C:\Users\vkori\Desktop\Django2\ClimateActionFrontier_EmobilisProjectShowcasing\venv\Lib\site-packages\django\core\handlers\exception.py", line 55, in inner
    response = get_response(request)
               ^^^^^^^^^^^^^^^^^^^^^
  File "C:\Users\vkori\Desktop\Django2\ClimateActionFrontier_EmobilisProjectShowcasing\venv\Lib\site-packages\django\core\handlers\base.py", line 204, in _get_response
    self.check_response(response, callback)
  File "C:\Users\vkori\Desktop\Django2\ClimateActionFrontier_EmobilisProjectShowcasing\venv\Lib\site-packages\django\core\handlers\base.py", line 332, in check_response
    raise ValueError(
ValueError: The view mainapp.views.register_request didn't return an HttpResponse object. It returned None instead.
INFO 2023-11-30 17:28:34,126  9468  Watching for file changes with StatReloader
ERROR 2023-11-30 17:28:35,524  9468  Internal Server Error: /
Traceback (most recent call last):
  File "C:\Users\vkori\Desktop\Django2\ClimateActionFrontier_EmobilisProjectShowcasing\venv\Lib\site-packages\django\core\handlers\exception.py", line 55, in inner
    response = get_response(request)
               ^^^^^^^^^^^^^^^^^^^^^
  File "C:\Users\vkori\Desktop\Django2\ClimateActionFrontier_EmobilisProjectShowcasing\venv\Lib\site-packages\django\core\handlers\base.py", line 204, in _get_response
    self.check_response(response, callback)
  File "C:\Users\vkori\Desktop\Django2\ClimateActionFrontier_EmobilisProjectShowcasing\venv\Lib\site-packages\django\core\handlers\base.py", line 332, in check_response
    raise ValueError(
ValueError: The view mainapp.views.register_request didn't return an HttpResponse object. It returned None instead.
INFO 2023-11-30 17:28:58,752  27180  Watching for file changes with StatReloader
ERROR 2023-11-30 17:29:00,062  27180  Internal Server Error: /
Traceback (most recent call last):
  File "C:\Users\vkori\Desktop\Django2\ClimateActionFrontier_EmobilisProjectShowcasing\venv\Lib\site-packages\django\core\handlers\exception.py", line 55, in inner
    response = get_response(request)
               ^^^^^^^^^^^^^^^^^^^^^
  File "C:\Users\vkori\Desktop\Django2\ClimateActionFrontier_EmobilisProjectShowcasing\venv\Lib\site-packages\django\core\handlers\base.py", line 204, in _get_response
    self.check_response(response, callback)
  File "C:\Users\vkori\Desktop\Django2\ClimateActionFrontier_EmobilisProjectShowcasing\venv\Lib\site-packages\django\core\handlers\base.py", line 332, in check_response
    raise ValueError(
ValueError: The view mainapp.views.register_request didn't return an HttpResponse object. It returned None instead.
INFO 2023-11-30 17:30:33,256  28952  Watching for file changes with StatReloader
INFO 2023-11-30 17:31:00,822  28044  Watching for file changes with StatReloader
WARNING 2023-11-30 17:31:03,445  28044  Not Found: /cdn-cgi/scripts/5c5dd728/cloudflare-static/email-decode.min.js
ERROR 2023-11-30 17:31:55,247  28044  Internal Server Error: /login
Traceback (most recent call last):
  File "C:\Users\vkori\Desktop\Django2\ClimateActionFrontier_EmobilisProjectShowcasing\venv\Lib\site-packages\django\core\handlers\exception.py", line 55, in inner
    response = get_response(request)
               ^^^^^^^^^^^^^^^^^^^^^
  File "C:\Users\vkori\Desktop\Django2\ClimateActionFrontier_EmobilisProjectShowcasing\venv\Lib\site-packages\django\core\handlers\base.py", line 197, in _get_response
    response = wrapped_callback(request, *callback_args, **callback_kwargs)
               ^^^^^^^^^^^^^^^^^^^^^^^^^^^^^^^^^^^^^^^^^^^^^^^^^^^^^^^^^^^^
TypeError: login() missing 1 required positional argument: 'user'
WARNING 2023-11-30 17:32:26,174  28044  Not Found: /cdn-cgi/scripts/5c5dd728/cloudflare-static/email-decode.min.js
INFO 2023-11-30 17:33:02,995  28044  C:\Users\vkori\Desktop\NEW\ClimateActionFrontier_EmobilisProjectShowcasing\mainapp\views.py changed, reloading.
INFO 2023-11-30 17:33:04,123  29424  Watching for file changes with StatReloader
WARNING 2023-11-30 17:33:25,735  29424  Not Found: /cdn-cgi/scripts/5c5dd728/cloudflare-static/email-decode.min.js
INFO 2023-11-30 17:34:55,338  25320  Watching for file changes with StatReloader
WARNING 2023-11-30 17:34:57,513  25320  Not Found: /cdn-cgi/scripts/5c5dd728/cloudflare-static/email-decode.min.js
WARNING 2023-11-30 17:35:17,825  25320  Not Found: /cdn-cgi/scripts/5c5dd728/cloudflare-static/email-decode.min.js
WARNING 2023-11-30 17:35:33,804  25320  Not Found: /cdn-cgi/scripts/5c5dd728/cloudflare-static/email-decode.min.js
ERROR 2023-11-30 17:35:40,619  25320  Internal Server Error: /login
Traceback (most recent call last):
  File "C:\Users\vkori\Desktop\Django2\ClimateActionFrontier_EmobilisProjectShowcasing\venv\Lib\site-packages\django\core\handlers\exception.py", line 55, in inner
    response = get_response(request)
               ^^^^^^^^^^^^^^^^^^^^^
  File "C:\Users\vkori\Desktop\Django2\ClimateActionFrontier_EmobilisProjectShowcasing\venv\Lib\site-packages\django\core\handlers\base.py", line 197, in _get_response
    response = wrapped_callback(request, *callback_args, **callback_kwargs)
               ^^^^^^^^^^^^^^^^^^^^^^^^^^^^^^^^^^^^^^^^^^^^^^^^^^^^^^^^^^^^
TypeError: login() missing 1 required positional argument: 'user'
INFO 2023-11-30 17:39:41,398  27344  Watching for file changes with StatReloader
WARNING 2023-11-30 17:39:42,920  27344  Not Found: /cdn-cgi/scripts/5c5dd728/cloudflare-static/email-decode.min.js
WARNING 2023-11-30 17:39:47,042  27344  Not Found: /cdn-cgi/scripts/5c5dd728/cloudflare-static/email-decode.min.js
INFO 2023-11-30 17:41:31,678  12696  Watching for file changes with StatReloader
WARNING 2023-11-30 17:41:34,092  12696  Not Found: /cdn-cgi/scripts/5c5dd728/cloudflare-static/email-decode.min.js
WARNING 2023-11-30 17:41:43,202  12696  Not Found: /cdn-cgi/scripts/5c5dd728/cloudflare-static/email-decode.min.js
WARNING 2023-11-30 17:41:50,341  12696  Not Found: /cdn-cgi/scripts/5c5dd728/cloudflare-static/email-decode.min.js
INFO 2023-11-30 17:48:41,448  4656  Watching for file changes with StatReloader
WARNING 2023-11-30 17:48:43,130  4656  Not Found: /cdn-cgi/scripts/5c5dd728/cloudflare-static/email-decode.min.js
ERROR 2023-11-30 17:48:49,747  4656  Internal Server Error: /register
Traceback (most recent call last):
  File "C:\Users\vkori\Desktop\Django2\ClimateActionFrontier_EmobilisProjectShowcasing\venv\Lib\site-packages\django\core\handlers\exception.py", line 55, in inner
    response = get_response(request)
               ^^^^^^^^^^^^^^^^^^^^^
  File "C:\Users\vkori\Desktop\Django2\ClimateActionFrontier_EmobilisProjectShowcasing\venv\Lib\site-packages\django\core\handlers\base.py", line 197, in _get_response
    response = wrapped_callback(request, *callback_args, **callback_kwargs)
               ^^^^^^^^^^^^^^^^^^^^^^^^^^^^^^^^^^^^^^^^^^^^^^^^^^^^^^^^^^^^
  File "C:\Users\vkori\Desktop\NEW\ClimateActionFrontier_EmobilisProjectShowcasing\mainapp\views.py", line 483, in register_request
    return render(request=request, template_name="register.html", context={"register_form": form})
           ^^^^^^^^^^^^^^^^^^^^^^^^^^^^^^^^^^^^^^^^^^^^^^^^^^^^^^^^^^^^^^^^^^^^^^^^^^^^^^^^^^^^^^^
  File "C:\Users\vkori\Desktop\Django2\ClimateActionFrontier_EmobilisProjectShowcasing\venv\Lib\site-packages\django\shortcuts.py", line 24, in render
    content = loader.render_to_string(template_name, context, request, using=using)
              ^^^^^^^^^^^^^^^^^^^^^^^^^^^^^^^^^^^^^^^^^^^^^^^^^^^^^^^^^^^^^^^^^^^^^
  File "C:\Users\vkori\Desktop\Django2\ClimateActionFrontier_EmobilisProjectShowcasing\venv\Lib\site-packages\django\template\loader.py", line 62, in render_to_string
    return template.render(context, request)
           ^^^^^^^^^^^^^^^^^^^^^^^^^^^^^^^^^
  File "C:\Users\vkori\Desktop\Django2\ClimateActionFrontier_EmobilisProjectShowcasing\venv\Lib\site-packages\django\template\backends\django.py", line 61, in render
    return self.template.render(context)
           ^^^^^^^^^^^^^^^^^^^^^^^^^^^^^
  File "C:\Users\vkori\Desktop\Django2\ClimateActionFrontier_EmobilisProjectShowcasing\venv\Lib\site-packages\django\template\base.py", line 175, in render
    return self._render(context)
           ^^^^^^^^^^^^^^^^^^^^^
  File "C:\Users\vkori\Desktop\Django2\ClimateActionFrontier_EmobilisProjectShowcasing\venv\Lib\site-packages\django\template\base.py", line 167, in _render
    return self.nodelist.render(context)
           ^^^^^^^^^^^^^^^^^^^^^^^^^^^^^
  File "C:\Users\vkori\Desktop\Django2\ClimateActionFrontier_EmobilisProjectShowcasing\venv\Lib\site-packages\django\template\base.py", line 1005, in render
    return SafeString("".join([node.render_annotated(context) for node in self]))
                               ^^^^^^^^^^^^^^^^^^^^^^^^^^^^^^
  File "C:\Users\vkori\Desktop\Django2\ClimateActionFrontier_EmobilisProjectShowcasing\venv\Lib\site-packages\django\template\base.py", line 966, in render_annotated
    return self.render(context)
           ^^^^^^^^^^^^^^^^^^^^
  File "C:\Users\vkori\Desktop\Django2\ClimateActionFrontier_EmobilisProjectShowcasing\venv\Lib\site-packages\django\template\loader_tags.py", line 157, in render
    return compiled_parent._render(context)
           ^^^^^^^^^^^^^^^^^^^^^^^^^^^^^^^^
  File "C:\Users\vkori\Desktop\Django2\ClimateActionFrontier_EmobilisProjectShowcasing\venv\Lib\site-packages\django\template\base.py", line 167, in _render
    return self.nodelist.render(context)
           ^^^^^^^^^^^^^^^^^^^^^^^^^^^^^
  File "C:\Users\vkori\Desktop\Django2\ClimateActionFrontier_EmobilisProjectShowcasing\venv\Lib\site-packages\django\template\base.py", line 1005, in render
    return SafeString("".join([node.render_annotated(context) for node in self]))
                               ^^^^^^^^^^^^^^^^^^^^^^^^^^^^^^
  File "C:\Users\vkori\Desktop\Django2\ClimateActionFrontier_EmobilisProjectShowcasing\venv\Lib\site-packages\django\template\base.py", line 966, in render_annotated
    return self.render(context)
           ^^^^^^^^^^^^^^^^^^^^
  File "C:\Users\vkori\Desktop\Django2\ClimateActionFrontier_EmobilisProjectShowcasing\venv\Lib\site-packages\django\template\loader_tags.py", line 63, in render
    result = block.nodelist.render(context)
             ^^^^^^^^^^^^^^^^^^^^^^^^^^^^^^
  File "C:\Users\vkori\Desktop\Django2\ClimateActionFrontier_EmobilisProjectShowcasing\venv\Lib\site-packages\django\template\base.py", line 1005, in render
    return SafeString("".join([node.render_annotated(context) for node in self]))
                               ^^^^^^^^^^^^^^^^^^^^^^^^^^^^^^
  File "C:\Users\vkori\Desktop\Django2\ClimateActionFrontier_EmobilisProjectShowcasing\venv\Lib\site-packages\django\template\base.py", line 966, in render_annotated
    return self.render(context)
           ^^^^^^^^^^^^^^^^^^^^
  File "C:\Users\vkori\Desktop\Django2\ClimateActionFrontier_EmobilisProjectShowcasing\venv\Lib\site-packages\django\template\defaulttags.py", line 471, in render
    url = reverse(view_name, args=args, kwargs=kwargs, current_app=current_app)
          ^^^^^^^^^^^^^^^^^^^^^^^^^^^^^^^^^^^^^^^^^^^^^^^^^^^^^^^^^^^^^^^^^^^^^
  File "C:\Users\vkori\Desktop\Django2\ClimateActionFrontier_EmobilisProjectShowcasing\venv\Lib\site-packages\django\urls\base.py", line 88, in reverse
    return resolver._reverse_with_prefix(view, prefix, *args, **kwargs)
           ^^^^^^^^^^^^^^^^^^^^^^^^^^^^^^^^^^^^^^^^^^^^^^^^^^^^^^^^^^^^
  File "C:\Users\vkori\Desktop\Django2\ClimateActionFrontier_EmobilisProjectShowcasing\venv\Lib\site-packages\django\urls\resolvers.py", line 828, in _reverse_with_prefix
    raise NoReverseMatch(msg)
django.urls.exceptions.NoReverseMatch: Reverse for 'signup' not found. 'signup' is not a valid view function or pattern name.
WARNING 2023-11-30 17:49:08,035  4656  Not Found: /cdn-cgi/scripts/5c5dd728/cloudflare-static/email-decode.min.js
INFO 2023-11-30 17:50:39,392  29324  Watching for file changes with StatReloader
WARNING 2023-11-30 17:50:41,233  29324  Not Found: /cdn-cgi/scripts/5c5dd728/cloudflare-static/email-decode.min.js
WARNING 2023-11-30 17:50:44,158  29324  Not Found: /cdn-cgi/scripts/5c5dd728/cloudflare-static/email-decode.min.js
INFO 2023-11-30 17:51:44,907  7248  Watching for file changes with StatReloader
WARNING 2023-11-30 17:51:46,352  7248  Not Found: /cdn-cgi/scripts/5c5dd728/cloudflare-static/email-decode.min.js
WARNING 2023-11-30 17:51:51,453  7248  Not Found: /cdn-cgi/scripts/5c5dd728/cloudflare-static/email-decode.min.js
INFO 2023-11-30 17:54:21,127  25360  Watching for file changes with StatReloader
WARNING 2023-11-30 17:54:22,777  25360  Not Found: /cdn-cgi/scripts/5c5dd728/cloudflare-static/email-decode.min.js
WARNING 2023-11-30 17:54:24,924  25360  Not Found: /cdn-cgi/scripts/5c5dd728/cloudflare-static/email-decode.min.js
WARNING 2023-11-30 17:55:14,002  25360  Not Found: /cdn-cgi/scripts/5c5dd728/cloudflare-static/email-decode.min.js
WARNING 2023-11-30 17:55:15,087  25360  Not Found: /cdn-cgi/scripts/5c5dd728/cloudflare-static/email-decode.min.js
INFO 2023-11-30 17:55:47,602  5476  Watching for file changes with StatReloader
WARNING 2023-11-30 17:55:49,205  5476  Not Found: /cdn-cgi/scripts/5c5dd728/cloudflare-static/email-decode.min.js
WARNING 2023-11-30 17:55:51,264  5476  Not Found: /cdn-cgi/scripts/5c5dd728/cloudflare-static/email-decode.min.js
WARNING 2023-11-30 17:56:02,689  5476  Not Found: /cdn-cgi/scripts/5c5dd728/cloudflare-static/email-decode.min.js
WARNING 2023-11-30 17:56:06,071  5476  Not Found: /cdn-cgi/scripts/5c5dd728/cloudflare-static/email-decode.min.js
WARNING 2023-11-30 17:56:12,338  5476  Not Found: /cdn-cgi/scripts/5c5dd728/cloudflare-static/email-decode.min.js
WARNING 2023-11-30 17:56:31,960  5476  Not Found: /cdn-cgi/scripts/5c5dd728/cloudflare-static/email-decode.min.js
WARNING 2023-11-30 17:57:31,125  5476  Not Found: /cdn-cgi/scripts/5c5dd728/cloudflare-static/email-decode.min.js
WARNING 2023-11-30 17:57:33,934  5476  Not Found: /cdn-cgi/scripts/5c5dd728/cloudflare-static/email-decode.min.js
INFO 2023-11-30 18:04:30,914  28624  Watching for file changes with StatReloader
WARNING 2023-11-30 18:04:32,909  28624  Not Found: /cdn-cgi/scripts/5c5dd728/cloudflare-static/email-decode.min.js
WARNING 2023-11-30 18:04:42,848  28624  Not Found: /cdn-cgi/scripts/5c5dd728/cloudflare-static/email-decode.min.js
WARNING 2023-11-30 18:04:47,539  28624  Not Found: /cdn-cgi/scripts/5c5dd728/cloudflare-static/email-decode.min.js
WARNING 2023-11-30 18:04:47,958  28624  Not Found: /cdn-cgi/scripts/5c5dd728/cloudflare-static/email-decode.min.js
WARNING 2023-11-30 18:05:39,128  28624  Not Found: /cdn-cgi/scripts/5c5dd728/cloudflare-static/email-decode.min.js
INFO 2023-11-30 18:08:24,701  28356  Watching for file changes with StatReloader
WARNING 2023-11-30 18:08:26,261  28356  Not Found: /cdn-cgi/scripts/5c5dd728/cloudflare-static/email-decode.min.js
WARNING 2023-11-30 18:08:41,441  28356  Not Found: /cdn-cgi/scripts/5c5dd728/cloudflare-static/email-decode.min.js
WARNING 2023-11-30 18:08:45,614  28356  Not Found: /cdn-cgi/scripts/5c5dd728/cloudflare-static/email-decode.min.js
WARNING 2023-11-30 18:08:48,213  28356  Not Found: /cdn-cgi/scripts/5c5dd728/cloudflare-static/email-decode.min.js
WARNING 2023-11-30 18:08:48,960  28356  Not Found: /cdn-cgi/scripts/5c5dd728/cloudflare-static/email-decode.min.js
INFO 2023-11-30 18:10:17,110  15076  Watching for file changes with StatReloader
ERROR 2023-11-30 18:10:22,084  15076  Internal Server Error: /donors
Traceback (most recent call last):
  File "C:\Users\vkori\Desktop\Django2\ClimateActionFrontier_EmobilisProjectShowcasing\venv\Lib\site-packages\django\template\base.py", line 505, in parse
    compile_func = self.tags[command]
                   ~~~~~~~~~^^^^^^^^^
KeyError: 'static'

During handling of the above exception, another exception occurred:

Traceback (most recent call last):
  File "C:\Users\vkori\Desktop\Django2\ClimateActionFrontier_EmobilisProjectShowcasing\venv\Lib\site-packages\django\core\handlers\exception.py", line 55, in inner
    response = get_response(request)
               ^^^^^^^^^^^^^^^^^^^^^
  File "C:\Users\vkori\Desktop\Django2\ClimateActionFrontier_EmobilisProjectShowcasing\venv\Lib\site-packages\django\core\handlers\base.py", line 197, in _get_response
    response = wrapped_callback(request, *callback_args, **callback_kwargs)
               ^^^^^^^^^^^^^^^^^^^^^^^^^^^^^^^^^^^^^^^^^^^^^^^^^^^^^^^^^^^^
  File "C:\Users\vkori\Desktop\Django2\ClimateActionFrontier_EmobilisProjectShowcasing\venv\Lib\site-packages\django\contrib\auth\decorators.py", line 23, in _wrapper_view
    return view_func(request, *args, **kwargs)
           ^^^^^^^^^^^^^^^^^^^^^^^^^^^^^^^^^^^
  File "C:\Users\vkori\Desktop\Django2\ClimateActionFrontier_EmobilisProjectShowcasing\venv\Lib\site-packages\django\contrib\auth\decorators.py", line 23, in _wrapper_view
    return view_func(request, *args, **kwargs)
           ^^^^^^^^^^^^^^^^^^^^^^^^^^^^^^^^^^^
  File "C:\Users\vkori\Desktop\NEW\ClimateActionFrontier_EmobilisProjectShowcasing\mainapp\views.py", line 63, in all_donors
    return render(request, "all_donors.html", {"donors": data})
           ^^^^^^^^^^^^^^^^^^^^^^^^^^^^^^^^^^^^^^^^^^^^^^^^^^^^
  File "C:\Users\vkori\Desktop\Django2\ClimateActionFrontier_EmobilisProjectShowcasing\venv\Lib\site-packages\django\shortcuts.py", line 24, in render
    content = loader.render_to_string(template_name, context, request, using=using)
              ^^^^^^^^^^^^^^^^^^^^^^^^^^^^^^^^^^^^^^^^^^^^^^^^^^^^^^^^^^^^^^^^^^^^^
  File "C:\Users\vkori\Desktop\Django2\ClimateActionFrontier_EmobilisProjectShowcasing\venv\Lib\site-packages\django\template\loader.py", line 61, in render_to_string
    template = get_template(template_name, using=using)
               ^^^^^^^^^^^^^^^^^^^^^^^^^^^^^^^^^^^^^^^^
  File "C:\Users\vkori\Desktop\Django2\ClimateActionFrontier_EmobilisProjectShowcasing\venv\Lib\site-packages\django\template\loader.py", line 15, in get_template
    return engine.get_template(template_name)
           ^^^^^^^^^^^^^^^^^^^^^^^^^^^^^^^^^^
  File "C:\Users\vkori\Desktop\Django2\ClimateActionFrontier_EmobilisProjectShowcasing\venv\Lib\site-packages\django\template\backends\django.py", line 33, in get_template
    return Template(self.engine.get_template(template_name), self)
                    ^^^^^^^^^^^^^^^^^^^^^^^^^^^^^^^^^^^^^^^
  File "C:\Users\vkori\Desktop\Django2\ClimateActionFrontier_EmobilisProjectShowcasing\venv\Lib\site-packages\django\template\engine.py", line 175, in get_template
    template, origin = self.find_template(template_name)
                       ^^^^^^^^^^^^^^^^^^^^^^^^^^^^^^^^^
  File "C:\Users\vkori\Desktop\Django2\ClimateActionFrontier_EmobilisProjectShowcasing\venv\Lib\site-packages\django\template\engine.py", line 157, in find_template
    template = loader.get_template(name, skip=skip)
               ^^^^^^^^^^^^^^^^^^^^^^^^^^^^^^^^^^^^
  File "C:\Users\vkori\Desktop\Django2\ClimateActionFrontier_EmobilisProjectShowcasing\venv\Lib\site-packages\django\template\loaders\cached.py", line 57, in get_template
    template = super().get_template(template_name, skip)
               ^^^^^^^^^^^^^^^^^^^^^^^^^^^^^^^^^^^^^^^^^
  File "C:\Users\vkori\Desktop\Django2\ClimateActionFrontier_EmobilisProjectShowcasing\venv\Lib\site-packages\django\template\loaders\base.py", line 28, in get_template
    return Template(
           ^^^^^^^^^
  File "C:\Users\vkori\Desktop\Django2\ClimateActionFrontier_EmobilisProjectShowcasing\venv\Lib\site-packages\django\template\base.py", line 154, in __init__
    self.nodelist = self.compile_nodelist()
                    ^^^^^^^^^^^^^^^^^^^^^^^
  File "C:\Users\vkori\Desktop\Django2\ClimateActionFrontier_EmobilisProjectShowcasing\venv\Lib\site-packages\django\template\base.py", line 200, in compile_nodelist
    return parser.parse()
           ^^^^^^^^^^^^^^
  File "C:\Users\vkori\Desktop\Django2\ClimateActionFrontier_EmobilisProjectShowcasing\venv\Lib\site-packages\django\template\base.py", line 513, in parse
    raise self.error(token, e)
  File "C:\Users\vkori\Desktop\Django2\ClimateActionFrontier_EmobilisProjectShowcasing\venv\Lib\site-packages\django\template\base.py", line 511, in parse
    compiled_result = compile_func(self, token)
                      ^^^^^^^^^^^^^^^^^^^^^^^^^
  File "C:\Users\vkori\Desktop\Django2\ClimateActionFrontier_EmobilisProjectShowcasing\venv\Lib\site-packages\django\template\loader_tags.py", line 293, in do_extends
    nodelist = parser.parse()
               ^^^^^^^^^^^^^^
  File "C:\Users\vkori\Desktop\Django2\ClimateActionFrontier_EmobilisProjectShowcasing\venv\Lib\site-packages\django\template\base.py", line 513, in parse
    raise self.error(token, e)
  File "C:\Users\vkori\Desktop\Django2\ClimateActionFrontier_EmobilisProjectShowcasing\venv\Lib\site-packages\django\template\base.py", line 511, in parse
    compiled_result = compile_func(self, token)
                      ^^^^^^^^^^^^^^^^^^^^^^^^^
  File "C:\Users\vkori\Desktop\Django2\ClimateActionFrontier_EmobilisProjectShowcasing\venv\Lib\site-packages\django\template\loader_tags.py", line 232, in do_block
    nodelist = parser.parse(("endblock",))
               ^^^^^^^^^^^^^^^^^^^^^^^^^^^
  File "C:\Users\vkori\Desktop\Django2\ClimateActionFrontier_EmobilisProjectShowcasing\venv\Lib\site-packages\django\template\base.py", line 507, in parse
    self.invalid_block_tag(token, command, parse_until)
  File "C:\Users\vkori\Desktop\Django2\ClimateActionFrontier_EmobilisProjectShowcasing\venv\Lib\site-packages\django\template\base.py", line 558, in invalid_block_tag
    raise self.error(
django.template.exceptions.TemplateSyntaxError: Invalid block tag on line 11: 'static', expected 'endblock'. Did you forget to register or load this tag?
ERROR 2023-11-30 18:10:44,665  15076  Internal Server Error: /donors
Traceback (most recent call last):
  File "C:\Users\vkori\Desktop\Django2\ClimateActionFrontier_EmobilisProjectShowcasing\venv\Lib\site-packages\django\template\base.py", line 505, in parse
    compile_func = self.tags[command]
                   ~~~~~~~~~^^^^^^^^^
KeyError: 'static'

During handling of the above exception, another exception occurred:

Traceback (most recent call last):
  File "C:\Users\vkori\Desktop\Django2\ClimateActionFrontier_EmobilisProjectShowcasing\venv\Lib\site-packages\django\core\handlers\exception.py", line 55, in inner
    response = get_response(request)
               ^^^^^^^^^^^^^^^^^^^^^
  File "C:\Users\vkori\Desktop\Django2\ClimateActionFrontier_EmobilisProjectShowcasing\venv\Lib\site-packages\django\core\handlers\base.py", line 197, in _get_response
    response = wrapped_callback(request, *callback_args, **callback_kwargs)
               ^^^^^^^^^^^^^^^^^^^^^^^^^^^^^^^^^^^^^^^^^^^^^^^^^^^^^^^^^^^^
  File "C:\Users\vkori\Desktop\Django2\ClimateActionFrontier_EmobilisProjectShowcasing\venv\Lib\site-packages\django\contrib\auth\decorators.py", line 23, in _wrapper_view
    return view_func(request, *args, **kwargs)
           ^^^^^^^^^^^^^^^^^^^^^^^^^^^^^^^^^^^
  File "C:\Users\vkori\Desktop\Django2\ClimateActionFrontier_EmobilisProjectShowcasing\venv\Lib\site-packages\django\contrib\auth\decorators.py", line 23, in _wrapper_view
    return view_func(request, *args, **kwargs)
           ^^^^^^^^^^^^^^^^^^^^^^^^^^^^^^^^^^^
  File "C:\Users\vkori\Desktop\NEW\ClimateActionFrontier_EmobilisProjectShowcasing\mainapp\views.py", line 63, in all_donors
    return render(request, "all_donors.html", {"donors": data})
           ^^^^^^^^^^^^^^^^^^^^^^^^^^^^^^^^^^^^^^^^^^^^^^^^^^^^
  File "C:\Users\vkori\Desktop\Django2\ClimateActionFrontier_EmobilisProjectShowcasing\venv\Lib\site-packages\django\shortcuts.py", line 24, in render
    content = loader.render_to_string(template_name, context, request, using=using)
              ^^^^^^^^^^^^^^^^^^^^^^^^^^^^^^^^^^^^^^^^^^^^^^^^^^^^^^^^^^^^^^^^^^^^^
  File "C:\Users\vkori\Desktop\Django2\ClimateActionFrontier_EmobilisProjectShowcasing\venv\Lib\site-packages\django\template\loader.py", line 61, in render_to_string
    template = get_template(template_name, using=using)
               ^^^^^^^^^^^^^^^^^^^^^^^^^^^^^^^^^^^^^^^^
  File "C:\Users\vkori\Desktop\Django2\ClimateActionFrontier_EmobilisProjectShowcasing\venv\Lib\site-packages\django\template\loader.py", line 15, in get_template
    return engine.get_template(template_name)
           ^^^^^^^^^^^^^^^^^^^^^^^^^^^^^^^^^^
  File "C:\Users\vkori\Desktop\Django2\ClimateActionFrontier_EmobilisProjectShowcasing\venv\Lib\site-packages\django\template\backends\django.py", line 33, in get_template
    return Template(self.engine.get_template(template_name), self)
                    ^^^^^^^^^^^^^^^^^^^^^^^^^^^^^^^^^^^^^^^
  File "C:\Users\vkori\Desktop\Django2\ClimateActionFrontier_EmobilisProjectShowcasing\venv\Lib\site-packages\django\template\engine.py", line 175, in get_template
    template, origin = self.find_template(template_name)
                       ^^^^^^^^^^^^^^^^^^^^^^^^^^^^^^^^^
  File "C:\Users\vkori\Desktop\Django2\ClimateActionFrontier_EmobilisProjectShowcasing\venv\Lib\site-packages\django\template\engine.py", line 157, in find_template
    template = loader.get_template(name, skip=skip)
               ^^^^^^^^^^^^^^^^^^^^^^^^^^^^^^^^^^^^
  File "C:\Users\vkori\Desktop\Django2\ClimateActionFrontier_EmobilisProjectShowcasing\venv\Lib\site-packages\django\template\loaders\cached.py", line 57, in get_template
    template = super().get_template(template_name, skip)
               ^^^^^^^^^^^^^^^^^^^^^^^^^^^^^^^^^^^^^^^^^
  File "C:\Users\vkori\Desktop\Django2\ClimateActionFrontier_EmobilisProjectShowcasing\venv\Lib\site-packages\django\template\loaders\base.py", line 28, in get_template
    return Template(
           ^^^^^^^^^
  File "C:\Users\vkori\Desktop\Django2\ClimateActionFrontier_EmobilisProjectShowcasing\venv\Lib\site-packages\django\template\base.py", line 154, in __init__
    self.nodelist = self.compile_nodelist()
                    ^^^^^^^^^^^^^^^^^^^^^^^
  File "C:\Users\vkori\Desktop\Django2\ClimateActionFrontier_EmobilisProjectShowcasing\venv\Lib\site-packages\django\template\base.py", line 200, in compile_nodelist
    return parser.parse()
           ^^^^^^^^^^^^^^
  File "C:\Users\vkori\Desktop\Django2\ClimateActionFrontier_EmobilisProjectShowcasing\venv\Lib\site-packages\django\template\base.py", line 513, in parse
    raise self.error(token, e)
  File "C:\Users\vkori\Desktop\Django2\ClimateActionFrontier_EmobilisProjectShowcasing\venv\Lib\site-packages\django\template\base.py", line 511, in parse
    compiled_result = compile_func(self, token)
                      ^^^^^^^^^^^^^^^^^^^^^^^^^
  File "C:\Users\vkori\Desktop\Django2\ClimateActionFrontier_EmobilisProjectShowcasing\venv\Lib\site-packages\django\template\loader_tags.py", line 293, in do_extends
    nodelist = parser.parse()
               ^^^^^^^^^^^^^^
  File "C:\Users\vkori\Desktop\Django2\ClimateActionFrontier_EmobilisProjectShowcasing\venv\Lib\site-packages\django\template\base.py", line 513, in parse
    raise self.error(token, e)
  File "C:\Users\vkori\Desktop\Django2\ClimateActionFrontier_EmobilisProjectShowcasing\venv\Lib\site-packages\django\template\base.py", line 511, in parse
    compiled_result = compile_func(self, token)
                      ^^^^^^^^^^^^^^^^^^^^^^^^^
  File "C:\Users\vkori\Desktop\Django2\ClimateActionFrontier_EmobilisProjectShowcasing\venv\Lib\site-packages\django\template\loader_tags.py", line 232, in do_block
    nodelist = parser.parse(("endblock",))
               ^^^^^^^^^^^^^^^^^^^^^^^^^^^
  File "C:\Users\vkori\Desktop\Django2\ClimateActionFrontier_EmobilisProjectShowcasing\venv\Lib\site-packages\django\template\base.py", line 507, in parse
    self.invalid_block_tag(token, command, parse_until)
  File "C:\Users\vkori\Desktop\Django2\ClimateActionFrontier_EmobilisProjectShowcasing\venv\Lib\site-packages\django\template\base.py", line 558, in invalid_block_tag
    raise self.error(
django.template.exceptions.TemplateSyntaxError: Invalid block tag on line 11: 'static', expected 'endblock'. Did you forget to register or load this tag?
ERROR 2023-11-30 18:10:46,219  15076  Internal Server Error: /donors
Traceback (most recent call last):
  File "C:\Users\vkori\Desktop\Django2\ClimateActionFrontier_EmobilisProjectShowcasing\venv\Lib\site-packages\django\template\base.py", line 505, in parse
    compile_func = self.tags[command]
                   ~~~~~~~~~^^^^^^^^^
KeyError: 'static'

During handling of the above exception, another exception occurred:

Traceback (most recent call last):
  File "C:\Users\vkori\Desktop\Django2\ClimateActionFrontier_EmobilisProjectShowcasing\venv\Lib\site-packages\django\core\handlers\exception.py", line 55, in inner
    response = get_response(request)
               ^^^^^^^^^^^^^^^^^^^^^
  File "C:\Users\vkori\Desktop\Django2\ClimateActionFrontier_EmobilisProjectShowcasing\venv\Lib\site-packages\django\core\handlers\base.py", line 197, in _get_response
    response = wrapped_callback(request, *callback_args, **callback_kwargs)
               ^^^^^^^^^^^^^^^^^^^^^^^^^^^^^^^^^^^^^^^^^^^^^^^^^^^^^^^^^^^^
  File "C:\Users\vkori\Desktop\Django2\ClimateActionFrontier_EmobilisProjectShowcasing\venv\Lib\site-packages\django\contrib\auth\decorators.py", line 23, in _wrapper_view
    return view_func(request, *args, **kwargs)
           ^^^^^^^^^^^^^^^^^^^^^^^^^^^^^^^^^^^
  File "C:\Users\vkori\Desktop\Django2\ClimateActionFrontier_EmobilisProjectShowcasing\venv\Lib\site-packages\django\contrib\auth\decorators.py", line 23, in _wrapper_view
    return view_func(request, *args, **kwargs)
           ^^^^^^^^^^^^^^^^^^^^^^^^^^^^^^^^^^^
  File "C:\Users\vkori\Desktop\NEW\ClimateActionFrontier_EmobilisProjectShowcasing\mainapp\views.py", line 63, in all_donors
    return render(request, "all_donors.html", {"donors": data})
           ^^^^^^^^^^^^^^^^^^^^^^^^^^^^^^^^^^^^^^^^^^^^^^^^^^^^
  File "C:\Users\vkori\Desktop\Django2\ClimateActionFrontier_EmobilisProjectShowcasing\venv\Lib\site-packages\django\shortcuts.py", line 24, in render
    content = loader.render_to_string(template_name, context, request, using=using)
              ^^^^^^^^^^^^^^^^^^^^^^^^^^^^^^^^^^^^^^^^^^^^^^^^^^^^^^^^^^^^^^^^^^^^^
  File "C:\Users\vkori\Desktop\Django2\ClimateActionFrontier_EmobilisProjectShowcasing\venv\Lib\site-packages\django\template\loader.py", line 61, in render_to_string
    template = get_template(template_name, using=using)
               ^^^^^^^^^^^^^^^^^^^^^^^^^^^^^^^^^^^^^^^^
  File "C:\Users\vkori\Desktop\Django2\ClimateActionFrontier_EmobilisProjectShowcasing\venv\Lib\site-packages\django\template\loader.py", line 15, in get_template
    return engine.get_template(template_name)
           ^^^^^^^^^^^^^^^^^^^^^^^^^^^^^^^^^^
  File "C:\Users\vkori\Desktop\Django2\ClimateActionFrontier_EmobilisProjectShowcasing\venv\Lib\site-packages\django\template\backends\django.py", line 33, in get_template
    return Template(self.engine.get_template(template_name), self)
                    ^^^^^^^^^^^^^^^^^^^^^^^^^^^^^^^^^^^^^^^
  File "C:\Users\vkori\Desktop\Django2\ClimateActionFrontier_EmobilisProjectShowcasing\venv\Lib\site-packages\django\template\engine.py", line 175, in get_template
    template, origin = self.find_template(template_name)
                       ^^^^^^^^^^^^^^^^^^^^^^^^^^^^^^^^^
  File "C:\Users\vkori\Desktop\Django2\ClimateActionFrontier_EmobilisProjectShowcasing\venv\Lib\site-packages\django\template\engine.py", line 157, in find_template
    template = loader.get_template(name, skip=skip)
               ^^^^^^^^^^^^^^^^^^^^^^^^^^^^^^^^^^^^
  File "C:\Users\vkori\Desktop\Django2\ClimateActionFrontier_EmobilisProjectShowcasing\venv\Lib\site-packages\django\template\loaders\cached.py", line 57, in get_template
    template = super().get_template(template_name, skip)
               ^^^^^^^^^^^^^^^^^^^^^^^^^^^^^^^^^^^^^^^^^
  File "C:\Users\vkori\Desktop\Django2\ClimateActionFrontier_EmobilisProjectShowcasing\venv\Lib\site-packages\django\template\loaders\base.py", line 28, in get_template
    return Template(
           ^^^^^^^^^
  File "C:\Users\vkori\Desktop\Django2\ClimateActionFrontier_EmobilisProjectShowcasing\venv\Lib\site-packages\django\template\base.py", line 154, in __init__
    self.nodelist = self.compile_nodelist()
                    ^^^^^^^^^^^^^^^^^^^^^^^
  File "C:\Users\vkori\Desktop\Django2\ClimateActionFrontier_EmobilisProjectShowcasing\venv\Lib\site-packages\django\template\base.py", line 200, in compile_nodelist
    return parser.parse()
           ^^^^^^^^^^^^^^
  File "C:\Users\vkori\Desktop\Django2\ClimateActionFrontier_EmobilisProjectShowcasing\venv\Lib\site-packages\django\template\base.py", line 513, in parse
    raise self.error(token, e)
  File "C:\Users\vkori\Desktop\Django2\ClimateActionFrontier_EmobilisProjectShowcasing\venv\Lib\site-packages\django\template\base.py", line 511, in parse
    compiled_result = compile_func(self, token)
                      ^^^^^^^^^^^^^^^^^^^^^^^^^
  File "C:\Users\vkori\Desktop\Django2\ClimateActionFrontier_EmobilisProjectShowcasing\venv\Lib\site-packages\django\template\loader_tags.py", line 293, in do_extends
    nodelist = parser.parse()
               ^^^^^^^^^^^^^^
  File "C:\Users\vkori\Desktop\Django2\ClimateActionFrontier_EmobilisProjectShowcasing\venv\Lib\site-packages\django\template\base.py", line 513, in parse
    raise self.error(token, e)
  File "C:\Users\vkori\Desktop\Django2\ClimateActionFrontier_EmobilisProjectShowcasing\venv\Lib\site-packages\django\template\base.py", line 511, in parse
    compiled_result = compile_func(self, token)
                      ^^^^^^^^^^^^^^^^^^^^^^^^^
  File "C:\Users\vkori\Desktop\Django2\ClimateActionFrontier_EmobilisProjectShowcasing\venv\Lib\site-packages\django\template\loader_tags.py", line 232, in do_block
    nodelist = parser.parse(("endblock",))
               ^^^^^^^^^^^^^^^^^^^^^^^^^^^
  File "C:\Users\vkori\Desktop\Django2\ClimateActionFrontier_EmobilisProjectShowcasing\venv\Lib\site-packages\django\template\base.py", line 507, in parse
    self.invalid_block_tag(token, command, parse_until)
  File "C:\Users\vkori\Desktop\Django2\ClimateActionFrontier_EmobilisProjectShowcasing\venv\Lib\site-packages\django\template\base.py", line 558, in invalid_block_tag
    raise self.error(
django.template.exceptions.TemplateSyntaxError: Invalid block tag on line 11: 'static', expected 'endblock'. Did you forget to register or load this tag?
WARNING 2023-11-30 18:11:01,387  15076  Not Found: /cdn-cgi/scripts/5c5dd728/cloudflare-static/email-decode.min.js
INFO 2023-11-30 18:13:55,402  30536  Watching for file changes with StatReloader
INFO 2023-11-30 18:15:06,016  13260  Watching for file changes with StatReloader
WARNING 2023-11-30 18:15:07,623  13260  Not Found: /cdn-cgi/scripts/5c5dd728/cloudflare-static/email-decode.min.js
ERROR 2023-11-30 18:15:10,519  13260  Internal Server Error: /member
Traceback (most recent call last):
  File "C:\Users\vkori\Desktop\Django2\ClimateActionFrontier_EmobilisProjectShowcasing\venv\Lib\site-packages\django\template\base.py", line 505, in parse
    compile_func = self.tags[command]
                   ~~~~~~~~~^^^^^^^^^
KeyError: 'static'

During handling of the above exception, another exception occurred:

Traceback (most recent call last):
  File "C:\Users\vkori\Desktop\Django2\ClimateActionFrontier_EmobilisProjectShowcasing\venv\Lib\site-packages\django\core\handlers\exception.py", line 55, in inner
    response = get_response(request)
               ^^^^^^^^^^^^^^^^^^^^^
  File "C:\Users\vkori\Desktop\Django2\ClimateActionFrontier_EmobilisProjectShowcasing\venv\Lib\site-packages\django\core\handlers\base.py", line 197, in _get_response
    response = wrapped_callback(request, *callback_args, **callback_kwargs)
               ^^^^^^^^^^^^^^^^^^^^^^^^^^^^^^^^^^^^^^^^^^^^^^^^^^^^^^^^^^^^
  File "C:\Users\vkori\Desktop\NEW\ClimateActionFrontier_EmobilisProjectShowcasing\mainapp\views.py", line 40, in member
    return render(request, "donors.html", {"form": form})
           ^^^^^^^^^^^^^^^^^^^^^^^^^^^^^^^^^^^^^^^^^^^^^^
  File "C:\Users\vkori\Desktop\Django2\ClimateActionFrontier_EmobilisProjectShowcasing\venv\Lib\site-packages\django\shortcuts.py", line 24, in render
    content = loader.render_to_string(template_name, context, request, using=using)
              ^^^^^^^^^^^^^^^^^^^^^^^^^^^^^^^^^^^^^^^^^^^^^^^^^^^^^^^^^^^^^^^^^^^^^
  File "C:\Users\vkori\Desktop\Django2\ClimateActionFrontier_EmobilisProjectShowcasing\venv\Lib\site-packages\django\template\loader.py", line 61, in render_to_string
    template = get_template(template_name, using=using)
               ^^^^^^^^^^^^^^^^^^^^^^^^^^^^^^^^^^^^^^^^
  File "C:\Users\vkori\Desktop\Django2\ClimateActionFrontier_EmobilisProjectShowcasing\venv\Lib\site-packages\django\template\loader.py", line 15, in get_template
    return engine.get_template(template_name)
           ^^^^^^^^^^^^^^^^^^^^^^^^^^^^^^^^^^
  File "C:\Users\vkori\Desktop\Django2\ClimateActionFrontier_EmobilisProjectShowcasing\venv\Lib\site-packages\django\template\backends\django.py", line 33, in get_template
    return Template(self.engine.get_template(template_name), self)
                    ^^^^^^^^^^^^^^^^^^^^^^^^^^^^^^^^^^^^^^^
  File "C:\Users\vkori\Desktop\Django2\ClimateActionFrontier_EmobilisProjectShowcasing\venv\Lib\site-packages\django\template\engine.py", line 175, in get_template
    template, origin = self.find_template(template_name)
                       ^^^^^^^^^^^^^^^^^^^^^^^^^^^^^^^^^
  File "C:\Users\vkori\Desktop\Django2\ClimateActionFrontier_EmobilisProjectShowcasing\venv\Lib\site-packages\django\template\engine.py", line 157, in find_template
    template = loader.get_template(name, skip=skip)
               ^^^^^^^^^^^^^^^^^^^^^^^^^^^^^^^^^^^^
  File "C:\Users\vkori\Desktop\Django2\ClimateActionFrontier_EmobilisProjectShowcasing\venv\Lib\site-packages\django\template\loaders\cached.py", line 57, in get_template
    template = super().get_template(template_name, skip)
               ^^^^^^^^^^^^^^^^^^^^^^^^^^^^^^^^^^^^^^^^^
  File "C:\Users\vkori\Desktop\Django2\ClimateActionFrontier_EmobilisProjectShowcasing\venv\Lib\site-packages\django\template\loaders\base.py", line 28, in get_template
    return Template(
           ^^^^^^^^^
  File "C:\Users\vkori\Desktop\Django2\ClimateActionFrontier_EmobilisProjectShowcasing\venv\Lib\site-packages\django\template\base.py", line 154, in __init__
    self.nodelist = self.compile_nodelist()
                    ^^^^^^^^^^^^^^^^^^^^^^^
  File "C:\Users\vkori\Desktop\Django2\ClimateActionFrontier_EmobilisProjectShowcasing\venv\Lib\site-packages\django\template\base.py", line 200, in compile_nodelist
    return parser.parse()
           ^^^^^^^^^^^^^^
  File "C:\Users\vkori\Desktop\Django2\ClimateActionFrontier_EmobilisProjectShowcasing\venv\Lib\site-packages\django\template\base.py", line 513, in parse
    raise self.error(token, e)
  File "C:\Users\vkori\Desktop\Django2\ClimateActionFrontier_EmobilisProjectShowcasing\venv\Lib\site-packages\django\template\base.py", line 511, in parse
    compiled_result = compile_func(self, token)
                      ^^^^^^^^^^^^^^^^^^^^^^^^^
  File "C:\Users\vkori\Desktop\Django2\ClimateActionFrontier_EmobilisProjectShowcasing\venv\Lib\site-packages\django\template\loader_tags.py", line 293, in do_extends
    nodelist = parser.parse()
               ^^^^^^^^^^^^^^
  File "C:\Users\vkori\Desktop\Django2\ClimateActionFrontier_EmobilisProjectShowcasing\venv\Lib\site-packages\django\template\base.py", line 513, in parse
    raise self.error(token, e)
  File "C:\Users\vkori\Desktop\Django2\ClimateActionFrontier_EmobilisProjectShowcasing\venv\Lib\site-packages\django\template\base.py", line 511, in parse
    compiled_result = compile_func(self, token)
                      ^^^^^^^^^^^^^^^^^^^^^^^^^
  File "C:\Users\vkori\Desktop\Django2\ClimateActionFrontier_EmobilisProjectShowcasing\venv\Lib\site-packages\django\template\loader_tags.py", line 232, in do_block
    nodelist = parser.parse(("endblock",))
               ^^^^^^^^^^^^^^^^^^^^^^^^^^^
  File "C:\Users\vkori\Desktop\Django2\ClimateActionFrontier_EmobilisProjectShowcasing\venv\Lib\site-packages\django\template\base.py", line 507, in parse
    self.invalid_block_tag(token, command, parse_until)
  File "C:\Users\vkori\Desktop\Django2\ClimateActionFrontier_EmobilisProjectShowcasing\venv\Lib\site-packages\django\template\base.py", line 558, in invalid_block_tag
    raise self.error(
django.template.exceptions.TemplateSyntaxError: Invalid block tag on line 11: 'static', expected 'endblock'. Did you forget to register or load this tag?
INFO 2023-11-30 18:16:06,486  13700  Watching for file changes with StatReloader
WARNING 2023-11-30 18:16:08,201  13700  Not Found: /cdn-cgi/scripts/5c5dd728/cloudflare-static/email-decode.min.js
WARNING 2023-11-30 18:16:13,571  13700  Not Found: /cdn-cgi/scripts/5c5dd728/cloudflare-static/email-decode.min.js
WARNING 2023-11-30 18:16:18,526  13700  Not Found: /cdn-cgi/scripts/5c5dd728/cloudflare-static/email-decode.min.js
INFO 2023-11-30 18:19:38,392  9500  Watching for file changes with StatReloader
WARNING 2023-11-30 18:19:40,000  9500  Not Found: /cdn-cgi/scripts/5c5dd728/cloudflare-static/email-decode.min.js
WARNING 2023-11-30 18:19:41,371  9500  Not Found: /cdn-cgi/scripts/5c5dd728/cloudflare-static/email-decode.min.js
WARNING 2023-11-30 18:19:44,038  9500  Not Found: /cdn-cgi/scripts/5c5dd728/cloudflare-static/email-decode.min.js
WARNING 2023-11-30 18:20:20,768  9500  Not Found: /cdn-cgi/scripts/5c5dd728/cloudflare-static/email-decode.min.js
WARNING 2023-11-30 18:20:33,993  9500  Not Found: /cdn-cgi/scripts/5c5dd728/cloudflare-static/email-decode.min.js
WARNING 2023-11-30 18:20:37,089  9500  Not Found: /cdn-cgi/scripts/5c5dd728/cloudflare-static/email-decode.min.js
WARNING 2023-11-30 18:20:38,742  9500  Not Found: /cdn-cgi/scripts/5c5dd728/cloudflare-static/email-decode.min.js
WARNING 2023-11-30 18:20:53,537  9500  Not Found: /cdn-cgi/scripts/5c5dd728/cloudflare-static/email-decode.min.js
INFO 2023-11-30 18:24:38,431  26876  Watching for file changes with StatReloader
WARNING 2023-11-30 18:24:40,342  26876  Not Found: /cdn-cgi/scripts/5c5dd728/cloudflare-static/email-decode.min.js
ERROR 2023-11-30 18:24:49,338  26876  Internal Server Error: /login
Traceback (most recent call last):
  File "C:\Users\vkori\Desktop\Django2\ClimateActionFrontier_EmobilisProjectShowcasing\venv\Lib\site-packages\django\core\handlers\exception.py", line 55, in inner
    response = get_response(request)
               ^^^^^^^^^^^^^^^^^^^^^
  File "C:\Users\vkori\Desktop\Django2\ClimateActionFrontier_EmobilisProjectShowcasing\venv\Lib\site-packages\django\core\handlers\base.py", line 197, in _get_response
    response = wrapped_callback(request, *callback_args, **callback_kwargs)
               ^^^^^^^^^^^^^^^^^^^^^^^^^^^^^^^^^^^^^^^^^^^^^^^^^^^^^^^^^^^^
TypeError: login() missing 1 required positional argument: 'user'
WARNING 2023-11-30 18:24:59,499  26876  Not Found: /cdn-cgi/scripts/5c5dd728/cloudflare-static/email-decode.min.js
ERROR 2023-11-30 18:25:16,677  26876  Internal Server Error: /contact/
Traceback (most recent call last):
  File "C:\Users\vkori\Desktop\Django2\ClimateActionFrontier_EmobilisProjectShowcasing\venv\Lib\site-packages\django\template\base.py", line 505, in parse
    compile_func = self.tags[command]
                   ~~~~~~~~~^^^^^^^^^
KeyError: 'endblock'

During handling of the above exception, another exception occurred:

Traceback (most recent call last):
  File "C:\Users\vkori\Desktop\Django2\ClimateActionFrontier_EmobilisProjectShowcasing\venv\Lib\site-packages\django\core\handlers\exception.py", line 55, in inner
    response = get_response(request)
               ^^^^^^^^^^^^^^^^^^^^^
  File "C:\Users\vkori\Desktop\Django2\ClimateActionFrontier_EmobilisProjectShowcasing\venv\Lib\site-packages\django\core\handlers\base.py", line 197, in _get_response
    response = wrapped_callback(request, *callback_args, **callback_kwargs)
               ^^^^^^^^^^^^^^^^^^^^^^^^^^^^^^^^^^^^^^^^^^^^^^^^^^^^^^^^^^^^
  File "C:\Users\vkori\Desktop\NEW\ClimateActionFrontier_EmobilisProjectShowcasing\mainapp\views.py", line 181, in contact
    return render(request, "contact.html", {})
           ^^^^^^^^^^^^^^^^^^^^^^^^^^^^^^^^^^^
  File "C:\Users\vkori\Desktop\Django2\ClimateActionFrontier_EmobilisProjectShowcasing\venv\Lib\site-packages\django\shortcuts.py", line 24, in render
    content = loader.render_to_string(template_name, context, request, using=using)
              ^^^^^^^^^^^^^^^^^^^^^^^^^^^^^^^^^^^^^^^^^^^^^^^^^^^^^^^^^^^^^^^^^^^^^
  File "C:\Users\vkori\Desktop\Django2\ClimateActionFrontier_EmobilisProjectShowcasing\venv\Lib\site-packages\django\template\loader.py", line 61, in render_to_string
    template = get_template(template_name, using=using)
               ^^^^^^^^^^^^^^^^^^^^^^^^^^^^^^^^^^^^^^^^
  File "C:\Users\vkori\Desktop\Django2\ClimateActionFrontier_EmobilisProjectShowcasing\venv\Lib\site-packages\django\template\loader.py", line 15, in get_template
    return engine.get_template(template_name)
           ^^^^^^^^^^^^^^^^^^^^^^^^^^^^^^^^^^
  File "C:\Users\vkori\Desktop\Django2\ClimateActionFrontier_EmobilisProjectShowcasing\venv\Lib\site-packages\django\template\backends\django.py", line 33, in get_template
    return Template(self.engine.get_template(template_name), self)
                    ^^^^^^^^^^^^^^^^^^^^^^^^^^^^^^^^^^^^^^^
  File "C:\Users\vkori\Desktop\Django2\ClimateActionFrontier_EmobilisProjectShowcasing\venv\Lib\site-packages\django\template\engine.py", line 175, in get_template
    template, origin = self.find_template(template_name)
                       ^^^^^^^^^^^^^^^^^^^^^^^^^^^^^^^^^
  File "C:\Users\vkori\Desktop\Django2\ClimateActionFrontier_EmobilisProjectShowcasing\venv\Lib\site-packages\django\template\engine.py", line 157, in find_template
    template = loader.get_template(name, skip=skip)
               ^^^^^^^^^^^^^^^^^^^^^^^^^^^^^^^^^^^^
  File "C:\Users\vkori\Desktop\Django2\ClimateActionFrontier_EmobilisProjectShowcasing\venv\Lib\site-packages\django\template\loaders\cached.py", line 57, in get_template
    template = super().get_template(template_name, skip)
               ^^^^^^^^^^^^^^^^^^^^^^^^^^^^^^^^^^^^^^^^^
  File "C:\Users\vkori\Desktop\Django2\ClimateActionFrontier_EmobilisProjectShowcasing\venv\Lib\site-packages\django\template\loaders\base.py", line 28, in get_template
    return Template(
           ^^^^^^^^^
  File "C:\Users\vkori\Desktop\Django2\ClimateActionFrontier_EmobilisProjectShowcasing\venv\Lib\site-packages\django\template\base.py", line 154, in __init__
    self.nodelist = self.compile_nodelist()
                    ^^^^^^^^^^^^^^^^^^^^^^^
  File "C:\Users\vkori\Desktop\Django2\ClimateActionFrontier_EmobilisProjectShowcasing\venv\Lib\site-packages\django\template\base.py", line 200, in compile_nodelist
    return parser.parse()
           ^^^^^^^^^^^^^^
  File "C:\Users\vkori\Desktop\Django2\ClimateActionFrontier_EmobilisProjectShowcasing\venv\Lib\site-packages\django\template\base.py", line 513, in parse
    raise self.error(token, e)
  File "C:\Users\vkori\Desktop\Django2\ClimateActionFrontier_EmobilisProjectShowcasing\venv\Lib\site-packages\django\template\base.py", line 511, in parse
    compiled_result = compile_func(self, token)
                      ^^^^^^^^^^^^^^^^^^^^^^^^^
  File "C:\Users\vkori\Desktop\Django2\ClimateActionFrontier_EmobilisProjectShowcasing\venv\Lib\site-packages\django\template\loader_tags.py", line 293, in do_extends
    nodelist = parser.parse()
               ^^^^^^^^^^^^^^
  File "C:\Users\vkori\Desktop\Django2\ClimateActionFrontier_EmobilisProjectShowcasing\venv\Lib\site-packages\django\template\base.py", line 513, in parse
    raise self.error(token, e)
  File "C:\Users\vkori\Desktop\Django2\ClimateActionFrontier_EmobilisProjectShowcasing\venv\Lib\site-packages\django\template\base.py", line 511, in parse
    compiled_result = compile_func(self, token)
                      ^^^^^^^^^^^^^^^^^^^^^^^^^
  File "C:\Users\vkori\Desktop\Django2\ClimateActionFrontier_EmobilisProjectShowcasing\venv\Lib\site-packages\django\template\loader_tags.py", line 232, in do_block
    nodelist = parser.parse(("endblock",))
               ^^^^^^^^^^^^^^^^^^^^^^^^^^^
  File "C:\Users\vkori\Desktop\Django2\ClimateActionFrontier_EmobilisProjectShowcasing\venv\Lib\site-packages\django\template\base.py", line 513, in parse
    raise self.error(token, e)
  File "C:\Users\vkori\Desktop\Django2\ClimateActionFrontier_EmobilisProjectShowcasing\venv\Lib\site-packages\django\template\base.py", line 511, in parse
    compiled_result = compile_func(self, token)
                      ^^^^^^^^^^^^^^^^^^^^^^^^^
  File "C:\Users\vkori\Desktop\Django2\ClimateActionFrontier_EmobilisProjectShowcasing\venv\Lib\site-packages\django\template\defaulttags.py", line 967, in do_if
    nodelist = parser.parse(("endif",))
               ^^^^^^^^^^^^^^^^^^^^^^^^
  File "C:\Users\vkori\Desktop\Django2\ClimateActionFrontier_EmobilisProjectShowcasing\venv\Lib\site-packages\django\template\base.py", line 507, in parse
    self.invalid_block_tag(token, command, parse_until)
  File "C:\Users\vkori\Desktop\Django2\ClimateActionFrontier_EmobilisProjectShowcasing\venv\Lib\site-packages\django\template\base.py", line 558, in invalid_block_tag
    raise self.error(
django.template.exceptions.TemplateSyntaxError: Invalid block tag on line 69: 'endblock', expected 'endif'. Did you forget to register or load this tag?
INFO 2023-11-30 18:28:35,261  27492  Watching for file changes with StatReloader
WARNING 2023-11-30 18:28:37,594  27492  Not Found: /cdn-cgi/scripts/5c5dd728/cloudflare-static/email-decode.min.js
INFO 2023-11-30 18:31:17,672  8884  Watching for file changes with StatReloader
WARNING 2023-11-30 18:31:24,582  8884  Not Found: /cdn-cgi/scripts/5c5dd728/cloudflare-static/email-decode.min.js
WARNING 2023-11-30 18:31:31,016  8884  Not Found: /cdn-cgi/scripts/5c5dd728/cloudflare-static/email-decode.min.js
WARNING 2023-11-30 18:31:34,425  8884  Not Found: /cdn-cgi/scripts/5c5dd728/cloudflare-static/email-decode.min.js
WARNING 2023-11-30 18:31:36,568  8884  Not Found: /cdn-cgi/scripts/5c5dd728/cloudflare-static/email-decode.min.js
WARNING 2023-11-30 18:31:39,426  8884  Not Found: /cdn-cgi/scripts/5c5dd728/cloudflare-static/email-decode.min.js
WARNING 2023-11-30 18:31:46,946  8884  Not Found: /cdn-cgi/scripts/5c5dd728/cloudflare-static/email-decode.min.js
WARNING 2023-11-30 18:31:50,102  8884  Not Found: /cdn-cgi/scripts/5c5dd728/cloudflare-static/email-decode.min.js
WARNING 2023-11-30 18:31:51,610  8884  Not Found: /cdn-cgi/scripts/5c5dd728/cloudflare-static/email-decode.min.js
WARNING 2023-11-30 18:32:00,342  8884  Not Found: /update
WARNING 2023-11-30 18:35:26,050  8884  Not Found: /cdn-cgi/scripts/5c5dd728/cloudflare-static/email-decode.min.js
WARNING 2023-11-30 18:35:34,505  8884  Not Found: /cdn-cgi/scripts/5c5dd728/cloudflare-static/email-decode.min.js
WARNING 2023-11-30 18:35:36,619  8884  Not Found: /cdn-cgi/scripts/5c5dd728/cloudflare-static/email-decode.min.js
WARNING 2023-11-30 18:35:39,170  8884  Not Found: /cdn-cgi/scripts/5c5dd728/cloudflare-static/email-decode.min.js
WARNING 2023-11-30 18:35:47,066  8884  Not Found: /cdn-cgi/scripts/5c5dd728/cloudflare-static/email-decode.min.js
WARNING 2023-11-30 18:37:28,644  8884  Not Found: /cdn-cgi/scripts/5c5dd728/cloudflare-static/email-decode.min.js
WARNING 2023-11-30 18:37:32,863  8884  Not Found: /cdn-cgi/scripts/5c5dd728/cloudflare-static/email-decode.min.js
WARNING 2023-11-30 18:37:34,098  8884  Not Found: /cdn-cgi/scripts/5c5dd728/cloudflare-static/email-decode.min.js
WARNING 2023-11-30 18:37:34,588  8884  Not Found: /cdn-cgi/scripts/5c5dd728/cloudflare-static/email-decode.min.js
WARNING 2023-11-30 18:37:35,653  8884  Not Found: /cdn-cgi/scripts/5c5dd728/cloudflare-static/email-decode.min.js
WARNING 2023-11-30 18:37:44,582  8884  Not Found: /cdn-cgi/scripts/5c5dd728/cloudflare-static/email-decode.min.js
WARNING 2023-11-30 18:37:50,552  8884  Not Found: /cdn-cgi/scripts/5c5dd728/cloudflare-static/email-decode.min.js
WARNING 2023-11-30 18:37:52,388  8884  Not Found: /cdn-cgi/scripts/5c5dd728/cloudflare-static/email-decode.min.js
INFO 2023-11-30 18:41:09,585  5476  Watching for file changes with StatReloader
WARNING 2023-11-30 18:41:15,366  5476  Not Found: /cdn-cgi/scripts/5c5dd728/cloudflare-static/email-decode.min.js
WARNING 2023-11-30 18:41:48,713  5476  Not Found: /cdn-cgi/scripts/5c5dd728/cloudflare-static/email-decode.min.js
ERROR 2023-11-30 18:41:59,030  5476  Internal Server Error: /donors/update/1
Traceback (most recent call last):
  File "C:\Users\vkori\Desktop\Django2\ClimateActionFrontier_EmobilisProjectShowcasing\venv\Lib\site-packages\django\core\handlers\exception.py", line 55, in inner
    response = get_response(request)
               ^^^^^^^^^^^^^^^^^^^^^
  File "C:\Users\vkori\Desktop\Django2\ClimateActionFrontier_EmobilisProjectShowcasing\venv\Lib\site-packages\django\core\handlers\base.py", line 197, in _get_response
    response = wrapped_callback(request, *callback_args, **callback_kwargs)
               ^^^^^^^^^^^^^^^^^^^^^^^^^^^^^^^^^^^^^^^^^^^^^^^^^^^^^^^^^^^^
  File "C:\Users\vkori\Desktop\Django2\ClimateActionFrontier_EmobilisProjectShowcasing\venv\Lib\site-packages\django\contrib\auth\decorators.py", line 23, in _wrapper_view
    return view_func(request, *args, **kwargs)
           ^^^^^^^^^^^^^^^^^^^^^^^^^^^^^^^^^^^
  File "C:\Users\vkori\Desktop\Django2\ClimateActionFrontier_EmobilisProjectShowcasing\venv\Lib\site-packages\django\contrib\auth\decorators.py", line 23, in _wrapper_view
    return view_func(request, *args, **kwargs)
           ^^^^^^^^^^^^^^^^^^^^^^^^^^^^^^^^^^^
  File "C:\Users\vkori\Desktop\NEW\ClimateActionFrontier_EmobilisProjectShowcasing\mainapp\views.py", line 102, in donor_update
    form = donorForm(request.POST, request.FILES, instance=donor)
           ^^^^^^^^^
NameError: name 'donorForm' is not defined. Did you mean: 'DonorForm'?
ERROR 2023-11-30 18:43:19,541  5476  Internal Server Error: /donors/update/1
Traceback (most recent call last):
  File "C:\Users\vkori\Desktop\Django2\ClimateActionFrontier_EmobilisProjectShowcasing\venv\Lib\site-packages\django\core\handlers\exception.py", line 55, in inner
    response = get_response(request)
               ^^^^^^^^^^^^^^^^^^^^^
  File "C:\Users\vkori\Desktop\Django2\ClimateActionFrontier_EmobilisProjectShowcasing\venv\Lib\site-packages\django\core\handlers\base.py", line 197, in _get_response
    response = wrapped_callback(request, *callback_args, **callback_kwargs)
               ^^^^^^^^^^^^^^^^^^^^^^^^^^^^^^^^^^^^^^^^^^^^^^^^^^^^^^^^^^^^
  File "C:\Users\vkori\Desktop\Django2\ClimateActionFrontier_EmobilisProjectShowcasing\venv\Lib\site-packages\django\contrib\auth\decorators.py", line 23, in _wrapper_view
    return view_func(request, *args, **kwargs)
           ^^^^^^^^^^^^^^^^^^^^^^^^^^^^^^^^^^^
  File "C:\Users\vkori\Desktop\Django2\ClimateActionFrontier_EmobilisProjectShowcasing\venv\Lib\site-packages\django\contrib\auth\decorators.py", line 23, in _wrapper_view
    return view_func(request, *args, **kwargs)
           ^^^^^^^^^^^^^^^^^^^^^^^^^^^^^^^^^^^
  File "C:\Users\vkori\Desktop\NEW\ClimateActionFrontier_EmobilisProjectShowcasing\mainapp\views.py", line 102, in donor_update
    form = donorForm(request.POST, request.FILES, instance=donor)
           ^^^^^^^^^
NameError: name 'donorForm' is not defined. Did you mean: 'DonorForm'?
ERROR 2023-11-30 18:43:25,007  5476  Internal Server Error: /donors/update/1
Traceback (most recent call last):
  File "C:\Users\vkori\Desktop\Django2\ClimateActionFrontier_EmobilisProjectShowcasing\venv\Lib\site-packages\django\core\handlers\exception.py", line 55, in inner
    response = get_response(request)
               ^^^^^^^^^^^^^^^^^^^^^
  File "C:\Users\vkori\Desktop\Django2\ClimateActionFrontier_EmobilisProjectShowcasing\venv\Lib\site-packages\django\core\handlers\base.py", line 197, in _get_response
    response = wrapped_callback(request, *callback_args, **callback_kwargs)
               ^^^^^^^^^^^^^^^^^^^^^^^^^^^^^^^^^^^^^^^^^^^^^^^^^^^^^^^^^^^^
  File "C:\Users\vkori\Desktop\Django2\ClimateActionFrontier_EmobilisProjectShowcasing\venv\Lib\site-packages\django\contrib\auth\decorators.py", line 23, in _wrapper_view
    return view_func(request, *args, **kwargs)
           ^^^^^^^^^^^^^^^^^^^^^^^^^^^^^^^^^^^
  File "C:\Users\vkori\Desktop\Django2\ClimateActionFrontier_EmobilisProjectShowcasing\venv\Lib\site-packages\django\contrib\auth\decorators.py", line 23, in _wrapper_view
    return view_func(request, *args, **kwargs)
           ^^^^^^^^^^^^^^^^^^^^^^^^^^^^^^^^^^^
  File "C:\Users\vkori\Desktop\NEW\ClimateActionFrontier_EmobilisProjectShowcasing\mainapp\views.py", line 102, in donor_update
    form = donorForm(request.POST, request.FILES, instance=donor)
           ^^^^^^^^^
NameError: name 'donorForm' is not defined. Did you mean: 'DonorForm'?
INFO 2023-11-30 18:45:12,223  5476  C:\Users\vkori\Desktop\NEW\ClimateActionFrontier_EmobilisProjectShowcasing\mainapp\views.py changed, reloading.
INFO 2023-11-30 18:45:13,082  9344  Watching for file changes with StatReloader
WARNING 2023-11-30 18:45:14,647  9344  Not Found: /cdn-cgi/scripts/5c5dd728/cloudflare-static/email-decode.min.js
WARNING 2023-11-30 18:45:19,544  9344  Not Found: /cdn-cgi/scripts/5c5dd728/cloudflare-static/email-decode.min.js
DEBUG 2023-11-30 18:45:30,695  9344  STREAM b'IHDR' 16 13
DEBUG 2023-11-30 18:45:30,695  9344  STREAM b'sRGB' 41 1
DEBUG 2023-11-30 18:45:30,695  9344  STREAM b'gAMA' 54 4
DEBUG 2023-11-30 18:45:30,695  9344  STREAM b'pHYs' 70 9
DEBUG 2023-11-30 18:45:30,695  9344  STREAM b'iTXt' 91 101
DEBUG 2023-11-30 18:45:30,695  9344  STREAM b'IDAT' 204 65332
DEBUG 2023-11-30 18:45:30,695  9344  Importing BlpImagePlugin
DEBUG 2023-11-30 18:45:30,695  9344  Importing BmpImagePlugin
DEBUG 2023-11-30 18:45:30,695  9344  Importing BufrStubImagePlugin
DEBUG 2023-11-30 18:45:30,704  9344  Importing CurImagePlugin
DEBUG 2023-11-30 18:45:30,707  9344  Importing DcxImagePlugin
DEBUG 2023-11-30 18:45:30,708  9344  Importing DdsImagePlugin
DEBUG 2023-11-30 18:45:30,708  9344  Importing EpsImagePlugin
DEBUG 2023-11-30 18:45:30,708  9344  Importing FitsImagePlugin
DEBUG 2023-11-30 18:45:30,708  9344  Importing FliImagePlugin
DEBUG 2023-11-30 18:45:30,721  9344  Importing FpxImagePlugin
DEBUG 2023-11-30 18:45:30,724  9344  Image: failed to import FpxImagePlugin: No module named 'olefile'
DEBUG 2023-11-30 18:45:30,724  9344  Importing FtexImagePlugin
DEBUG 2023-11-30 18:45:30,726  9344  Importing GbrImagePlugin
DEBUG 2023-11-30 18:45:30,726  9344  Importing GifImagePlugin
DEBUG 2023-11-30 18:45:30,726  9344  Importing GribStubImagePlugin
DEBUG 2023-11-30 18:45:30,726  9344  Importing Hdf5StubImagePlugin
DEBUG 2023-11-30 18:45:30,729  9344  Importing IcnsImagePlugin
DEBUG 2023-11-30 18:45:30,735  9344  Importing IcoImagePlugin
DEBUG 2023-11-30 18:45:30,737  9344  Importing ImImagePlugin
DEBUG 2023-11-30 18:45:30,739  9344  Importing ImtImagePlugin
DEBUG 2023-11-30 18:45:30,742  9344  Importing IptcImagePlugin
DEBUG 2023-11-30 18:45:30,742  9344  Importing JpegImagePlugin
DEBUG 2023-11-30 18:45:30,742  9344  Importing Jpeg2KImagePlugin
DEBUG 2023-11-30 18:45:30,742  9344  Importing McIdasImagePlugin
DEBUG 2023-11-30 18:45:30,742  9344  Importing MicImagePlugin
DEBUG 2023-11-30 18:45:30,742  9344  Image: failed to import MicImagePlugin: No module named 'olefile'
DEBUG 2023-11-30 18:45:30,742  9344  Importing MpegImagePlugin
DEBUG 2023-11-30 18:45:30,754  9344  Importing MpoImagePlugin
DEBUG 2023-11-30 18:45:30,765  9344  Importing MspImagePlugin
DEBUG 2023-11-30 18:45:30,773  9344  Importing PalmImagePlugin
DEBUG 2023-11-30 18:45:30,782  9344  Importing PcdImagePlugin
DEBUG 2023-11-30 18:45:30,782  9344  Importing PcxImagePlugin
DEBUG 2023-11-30 18:45:30,784  9344  Importing PdfImagePlugin
DEBUG 2023-11-30 18:45:30,843  9344  Importing PixarImagePlugin
DEBUG 2023-11-30 18:45:30,864  9344  Importing PngImagePlugin
DEBUG 2023-11-30 18:45:30,864  9344  Importing PpmImagePlugin
DEBUG 2023-11-30 18:45:30,871  9344  Importing PsdImagePlugin
DEBUG 2023-11-30 18:45:30,890  9344  Importing QoiImagePlugin
DEBUG 2023-11-30 18:45:30,895  9344  Importing SgiImagePlugin
DEBUG 2023-11-30 18:45:30,895  9344  Importing SpiderImagePlugin
DEBUG 2023-11-30 18:45:30,895  9344  Importing SunImagePlugin
DEBUG 2023-11-30 18:45:30,900  9344  Importing TgaImagePlugin
DEBUG 2023-11-30 18:45:30,900  9344  Importing TiffImagePlugin
DEBUG 2023-11-30 18:45:30,900  9344  Importing WebPImagePlugin
DEBUG 2023-11-30 18:45:30,954  9344  Importing WmfImagePlugin
DEBUG 2023-11-30 18:45:30,957  9344  Importing XbmImagePlugin
DEBUG 2023-11-30 18:45:30,959  9344  Importing XpmImagePlugin
DEBUG 2023-11-30 18:45:30,961  9344  Importing XVThumbImagePlugin
WARNING 2023-11-30 18:45:31,133  9344  Not Found: /cdn-cgi/scripts/5c5dd728/cloudflare-static/email-decode.min.js
INFO 2023-11-30 18:46:23,625  9768  Watching for file changes with StatReloader
WARNING 2023-11-30 18:46:25,924  9768  Not Found: /cdn-cgi/scripts/5c5dd728/cloudflare-static/email-decode.min.js
WARNING 2023-11-30 18:46:27,528  9768  Not Found: /cdn-cgi/scripts/5c5dd728/cloudflare-static/email-decode.min.js
WARNING 2023-11-30 18:46:28,918  9768  Not Found: /cdn-cgi/scripts/5c5dd728/cloudflare-static/email-decode.min.js
WARNING 2023-11-30 18:46:40,571  9768  Not Found: /cdn-cgi/scripts/5c5dd728/cloudflare-static/email-decode.min.js
WARNING 2023-11-30 18:46:42,939  9768  Not Found: /cdn-cgi/scripts/5c5dd728/cloudflare-static/email-decode.min.js
WARNING 2023-11-30 18:46:50,638  9768  Not Found: /cdn-cgi/scripts/5c5dd728/cloudflare-static/email-decode.min.js
WARNING 2023-11-30 18:46:58,193  9768  Not Found: /cdn-cgi/scripts/5c5dd728/cloudflare-static/email-decode.min.js
WARNING 2023-11-30 18:51:45,017  9768  Not Found: /cdn-cgi/scripts/5c5dd728/cloudflare-static/email-decode.min.js
WARNING 2023-11-30 18:51:56,246  9768  Not Found: /cdn-cgi/scripts/5c5dd728/cloudflare-static/email-decode.min.js
INFO 2023-11-30 18:53:58,471  24952  Watching for file changes with StatReloader
WARNING 2023-11-30 18:54:00,299  24952  Not Found: /cdn-cgi/scripts/5c5dd728/cloudflare-static/email-decode.min.js
WARNING 2023-11-30 18:54:01,746  24952  Not Found: /cdn-cgi/scripts/5c5dd728/cloudflare-static/email-decode.min.js
INFO 2023-11-30 18:54:51,552  22940  Watching for file changes with StatReloader
ERROR 2023-11-30 18:58:49,322  22940  Internal Server Error: /member
Traceback (most recent call last):
  File "C:\Users\vkori\Desktop\Django2\ClimateActionFrontier_EmobilisProjectShowcasing\venv\Lib\site-packages\django\template\base.py", line 505, in parse
    compile_func = self.tags[command]
                   ~~~~~~~~~^^^^^^^^^
KeyError: 'else'

During handling of the above exception, another exception occurred:

Traceback (most recent call last):
  File "C:\Users\vkori\Desktop\Django2\ClimateActionFrontier_EmobilisProjectShowcasing\venv\Lib\site-packages\django\core\handlers\exception.py", line 55, in inner
    response = get_response(request)
               ^^^^^^^^^^^^^^^^^^^^^
  File "C:\Users\vkori\Desktop\Django2\ClimateActionFrontier_EmobilisProjectShowcasing\venv\Lib\site-packages\django\core\handlers\base.py", line 197, in _get_response
    response = wrapped_callback(request, *callback_args, **callback_kwargs)
               ^^^^^^^^^^^^^^^^^^^^^^^^^^^^^^^^^^^^^^^^^^^^^^^^^^^^^^^^^^^^
  File "C:\Users\vkori\Desktop\NEW\ClimateActionFrontier_EmobilisProjectShowcasing\mainapp\views.py", line 40, in member
    return render(request, "donors.html", {"form": form})
           ^^^^^^^^^^^^^^^^^^^^^^^^^^^^^^^^^^^^^^^^^^^^^^
  File "C:\Users\vkori\Desktop\Django2\ClimateActionFrontier_EmobilisProjectShowcasing\venv\Lib\site-packages\django\shortcuts.py", line 24, in render
    content = loader.render_to_string(template_name, context, request, using=using)
              ^^^^^^^^^^^^^^^^^^^^^^^^^^^^^^^^^^^^^^^^^^^^^^^^^^^^^^^^^^^^^^^^^^^^^
  File "C:\Users\vkori\Desktop\Django2\ClimateActionFrontier_EmobilisProjectShowcasing\venv\Lib\site-packages\django\template\loader.py", line 61, in render_to_string
    template = get_template(template_name, using=using)
               ^^^^^^^^^^^^^^^^^^^^^^^^^^^^^^^^^^^^^^^^
  File "C:\Users\vkori\Desktop\Django2\ClimateActionFrontier_EmobilisProjectShowcasing\venv\Lib\site-packages\django\template\loader.py", line 15, in get_template
    return engine.get_template(template_name)
           ^^^^^^^^^^^^^^^^^^^^^^^^^^^^^^^^^^
  File "C:\Users\vkori\Desktop\Django2\ClimateActionFrontier_EmobilisProjectShowcasing\venv\Lib\site-packages\django\template\backends\django.py", line 33, in get_template
    return Template(self.engine.get_template(template_name), self)
                    ^^^^^^^^^^^^^^^^^^^^^^^^^^^^^^^^^^^^^^^
  File "C:\Users\vkori\Desktop\Django2\ClimateActionFrontier_EmobilisProjectShowcasing\venv\Lib\site-packages\django\template\engine.py", line 175, in get_template
    template, origin = self.find_template(template_name)
                       ^^^^^^^^^^^^^^^^^^^^^^^^^^^^^^^^^
  File "C:\Users\vkori\Desktop\Django2\ClimateActionFrontier_EmobilisProjectShowcasing\venv\Lib\site-packages\django\template\engine.py", line 157, in find_template
    template = loader.get_template(name, skip=skip)
               ^^^^^^^^^^^^^^^^^^^^^^^^^^^^^^^^^^^^
  File "C:\Users\vkori\Desktop\Django2\ClimateActionFrontier_EmobilisProjectShowcasing\venv\Lib\site-packages\django\template\loaders\cached.py", line 57, in get_template
    template = super().get_template(template_name, skip)
               ^^^^^^^^^^^^^^^^^^^^^^^^^^^^^^^^^^^^^^^^^
  File "C:\Users\vkori\Desktop\Django2\ClimateActionFrontier_EmobilisProjectShowcasing\venv\Lib\site-packages\django\template\loaders\base.py", line 28, in get_template
    return Template(
           ^^^^^^^^^
  File "C:\Users\vkori\Desktop\Django2\ClimateActionFrontier_EmobilisProjectShowcasing\venv\Lib\site-packages\django\template\base.py", line 154, in __init__
    self.nodelist = self.compile_nodelist()
                    ^^^^^^^^^^^^^^^^^^^^^^^
  File "C:\Users\vkori\Desktop\Django2\ClimateActionFrontier_EmobilisProjectShowcasing\venv\Lib\site-packages\django\template\base.py", line 200, in compile_nodelist
    return parser.parse()
           ^^^^^^^^^^^^^^
  File "C:\Users\vkori\Desktop\Django2\ClimateActionFrontier_EmobilisProjectShowcasing\venv\Lib\site-packages\django\template\base.py", line 513, in parse
    raise self.error(token, e)
  File "C:\Users\vkori\Desktop\Django2\ClimateActionFrontier_EmobilisProjectShowcasing\venv\Lib\site-packages\django\template\base.py", line 511, in parse
    compiled_result = compile_func(self, token)
                      ^^^^^^^^^^^^^^^^^^^^^^^^^
  File "C:\Users\vkori\Desktop\Django2\ClimateActionFrontier_EmobilisProjectShowcasing\venv\Lib\site-packages\django\template\loader_tags.py", line 293, in do_extends
    nodelist = parser.parse()
               ^^^^^^^^^^^^^^
  File "C:\Users\vkori\Desktop\Django2\ClimateActionFrontier_EmobilisProjectShowcasing\venv\Lib\site-packages\django\template\base.py", line 513, in parse
    raise self.error(token, e)
  File "C:\Users\vkori\Desktop\Django2\ClimateActionFrontier_EmobilisProjectShowcasing\venv\Lib\site-packages\django\template\base.py", line 511, in parse
    compiled_result = compile_func(self, token)
                      ^^^^^^^^^^^^^^^^^^^^^^^^^
  File "C:\Users\vkori\Desktop\Django2\ClimateActionFrontier_EmobilisProjectShowcasing\venv\Lib\site-packages\django\template\loader_tags.py", line 232, in do_block
    nodelist = parser.parse(("endblock",))
               ^^^^^^^^^^^^^^^^^^^^^^^^^^^
  File "C:\Users\vkori\Desktop\Django2\ClimateActionFrontier_EmobilisProjectShowcasing\venv\Lib\site-packages\django\template\base.py", line 513, in parse
    raise self.error(token, e)
  File "C:\Users\vkori\Desktop\Django2\ClimateActionFrontier_EmobilisProjectShowcasing\venv\Lib\site-packages\django\template\base.py", line 511, in parse
    compiled_result = compile_func(self, token)
                      ^^^^^^^^^^^^^^^^^^^^^^^^^
  File "C:\Users\vkori\Desktop\Django2\ClimateActionFrontier_EmobilisProjectShowcasing\venv\Lib\site-packages\django\template\defaulttags.py", line 967, in do_if
    nodelist = parser.parse(("endif",))
               ^^^^^^^^^^^^^^^^^^^^^^^^
  File "C:\Users\vkori\Desktop\Django2\ClimateActionFrontier_EmobilisProjectShowcasing\venv\Lib\site-packages\django\template\base.py", line 507, in parse
    self.invalid_block_tag(token, command, parse_until)
  File "C:\Users\vkori\Desktop\Django2\ClimateActionFrontier_EmobilisProjectShowcasing\venv\Lib\site-packages\django\template\base.py", line 558, in invalid_block_tag
    raise self.error(
django.template.exceptions.TemplateSyntaxError: Invalid block tag on line 38: 'else', expected 'endif'. Did you forget to register or load this tag?
WARNING 2023-11-30 18:59:00,718  22940  Not Found: /cdn-cgi/scripts/5c5dd728/cloudflare-static/email-decode.min.js
WARNING 2023-11-30 18:59:16,215  22940  Not Found: /cdn-cgi/scripts/5c5dd728/cloudflare-static/email-decode.min.js
WARNING 2023-11-30 18:59:23,296  22940  Not Found: /cdn-cgi/scripts/5c5dd728/cloudflare-static/email-decode.min.js
INFO 2023-11-30 19:03:29,930  21560  Watching for file changes with StatReloader
INFO 2023-11-30 19:07:28,177  16856  Watching for file changes with StatReloader
WARNING 2023-11-30 19:07:30,167  16856  Not Found: /cdn-cgi/scripts/5c5dd728/cloudflare-static/email-decode.min.js
ERROR 2023-11-30 19:07:33,597  16856  Internal Server Error: /member
Traceback (most recent call last):
  File "C:\Users\vkori\Desktop\Django2\ClimateActionFrontier_EmobilisProjectShowcasing\venv\Lib\site-packages\django\template\smartif.py", line 179, in translate_token
    op = OPERATORS[token]
         ~~~~~~~~~^^^^^^^
KeyError: 'form.is_valid()'

During handling of the above exception, another exception occurred:

Traceback (most recent call last):
  File "C:\Users\vkori\Desktop\Django2\ClimateActionFrontier_EmobilisProjectShowcasing\venv\Lib\site-packages\django\core\handlers\exception.py", line 55, in inner
    response = get_response(request)
               ^^^^^^^^^^^^^^^^^^^^^
  File "C:\Users\vkori\Desktop\Django2\ClimateActionFrontier_EmobilisProjectShowcasing\venv\Lib\site-packages\django\core\handlers\base.py", line 197, in _get_response
    response = wrapped_callback(request, *callback_args, **callback_kwargs)
               ^^^^^^^^^^^^^^^^^^^^^^^^^^^^^^^^^^^^^^^^^^^^^^^^^^^^^^^^^^^^
  File "C:\Users\vkori\Desktop\NEW\ClimateActionFrontier_EmobilisProjectShowcasing\mainapp\views.py", line 40, in member
    return render(request, "donors.html", {"form": form})
           ^^^^^^^^^^^^^^^^^^^^^^^^^^^^^^^^^^^^^^^^^^^^^^
  File "C:\Users\vkori\Desktop\Django2\ClimateActionFrontier_EmobilisProjectShowcasing\venv\Lib\site-packages\django\shortcuts.py", line 24, in render
    content = loader.render_to_string(template_name, context, request, using=using)
              ^^^^^^^^^^^^^^^^^^^^^^^^^^^^^^^^^^^^^^^^^^^^^^^^^^^^^^^^^^^^^^^^^^^^^
  File "C:\Users\vkori\Desktop\Django2\ClimateActionFrontier_EmobilisProjectShowcasing\venv\Lib\site-packages\django\template\loader.py", line 61, in render_to_string
    template = get_template(template_name, using=using)
               ^^^^^^^^^^^^^^^^^^^^^^^^^^^^^^^^^^^^^^^^
  File "C:\Users\vkori\Desktop\Django2\ClimateActionFrontier_EmobilisProjectShowcasing\venv\Lib\site-packages\django\template\loader.py", line 15, in get_template
    return engine.get_template(template_name)
           ^^^^^^^^^^^^^^^^^^^^^^^^^^^^^^^^^^
  File "C:\Users\vkori\Desktop\Django2\ClimateActionFrontier_EmobilisProjectShowcasing\venv\Lib\site-packages\django\template\backends\django.py", line 33, in get_template
    return Template(self.engine.get_template(template_name), self)
                    ^^^^^^^^^^^^^^^^^^^^^^^^^^^^^^^^^^^^^^^
  File "C:\Users\vkori\Desktop\Django2\ClimateActionFrontier_EmobilisProjectShowcasing\venv\Lib\site-packages\django\template\engine.py", line 175, in get_template
    template, origin = self.find_template(template_name)
                       ^^^^^^^^^^^^^^^^^^^^^^^^^^^^^^^^^
  File "C:\Users\vkori\Desktop\Django2\ClimateActionFrontier_EmobilisProjectShowcasing\venv\Lib\site-packages\django\template\engine.py", line 157, in find_template
    template = loader.get_template(name, skip=skip)
               ^^^^^^^^^^^^^^^^^^^^^^^^^^^^^^^^^^^^
  File "C:\Users\vkori\Desktop\Django2\ClimateActionFrontier_EmobilisProjectShowcasing\venv\Lib\site-packages\django\template\loaders\cached.py", line 57, in get_template
    template = super().get_template(template_name, skip)
               ^^^^^^^^^^^^^^^^^^^^^^^^^^^^^^^^^^^^^^^^^
  File "C:\Users\vkori\Desktop\Django2\ClimateActionFrontier_EmobilisProjectShowcasing\venv\Lib\site-packages\django\template\loaders\base.py", line 28, in get_template
    return Template(
           ^^^^^^^^^
  File "C:\Users\vkori\Desktop\Django2\ClimateActionFrontier_EmobilisProjectShowcasing\venv\Lib\site-packages\django\template\base.py", line 154, in __init__
    self.nodelist = self.compile_nodelist()
                    ^^^^^^^^^^^^^^^^^^^^^^^
  File "C:\Users\vkori\Desktop\Django2\ClimateActionFrontier_EmobilisProjectShowcasing\venv\Lib\site-packages\django\template\base.py", line 200, in compile_nodelist
    return parser.parse()
           ^^^^^^^^^^^^^^
  File "C:\Users\vkori\Desktop\Django2\ClimateActionFrontier_EmobilisProjectShowcasing\venv\Lib\site-packages\django\template\base.py", line 513, in parse
    raise self.error(token, e)
  File "C:\Users\vkori\Desktop\Django2\ClimateActionFrontier_EmobilisProjectShowcasing\venv\Lib\site-packages\django\template\base.py", line 511, in parse
    compiled_result = compile_func(self, token)
                      ^^^^^^^^^^^^^^^^^^^^^^^^^
  File "C:\Users\vkori\Desktop\Django2\ClimateActionFrontier_EmobilisProjectShowcasing\venv\Lib\site-packages\django\template\loader_tags.py", line 293, in do_extends
    nodelist = parser.parse()
               ^^^^^^^^^^^^^^
  File "C:\Users\vkori\Desktop\Django2\ClimateActionFrontier_EmobilisProjectShowcasing\venv\Lib\site-packages\django\template\base.py", line 513, in parse
    raise self.error(token, e)
  File "C:\Users\vkori\Desktop\Django2\ClimateActionFrontier_EmobilisProjectShowcasing\venv\Lib\site-packages\django\template\base.py", line 511, in parse
    compiled_result = compile_func(self, token)
                      ^^^^^^^^^^^^^^^^^^^^^^^^^
  File "C:\Users\vkori\Desktop\Django2\ClimateActionFrontier_EmobilisProjectShowcasing\venv\Lib\site-packages\django\template\loader_tags.py", line 232, in do_block
    nodelist = parser.parse(("endblock",))
               ^^^^^^^^^^^^^^^^^^^^^^^^^^^
  File "C:\Users\vkori\Desktop\Django2\ClimateActionFrontier_EmobilisProjectShowcasing\venv\Lib\site-packages\django\template\base.py", line 513, in parse
    raise self.error(token, e)
  File "C:\Users\vkori\Desktop\Django2\ClimateActionFrontier_EmobilisProjectShowcasing\venv\Lib\site-packages\django\template\base.py", line 511, in parse
    compiled_result = compile_func(self, token)
                      ^^^^^^^^^^^^^^^^^^^^^^^^^
  File "C:\Users\vkori\Desktop\Django2\ClimateActionFrontier_EmobilisProjectShowcasing\venv\Lib\site-packages\django\template\defaulttags.py", line 952, in do_if
    condition = TemplateIfParser(parser, bits).parse()
                ^^^^^^^^^^^^^^^^^^^^^^^^^^^^^^
  File "C:\Users\vkori\Desktop\Django2\ClimateActionFrontier_EmobilisProjectShowcasing\venv\Lib\site-packages\django\template\defaulttags.py", line 885, in __init__
    super().__init__(*args, **kwargs)
  File "C:\Users\vkori\Desktop\Django2\ClimateActionFrontier_EmobilisProjectShowcasing\venv\Lib\site-packages\django\template\smartif.py", line 170, in __init__
    mapped_tokens.append(self.translate_token(token))
                         ^^^^^^^^^^^^^^^^^^^^^^^^^^^
  File "C:\Users\vkori\Desktop\Django2\ClimateActionFrontier_EmobilisProjectShowcasing\venv\Lib\site-packages\django\template\smartif.py", line 181, in translate_token
    return self.create_var(token)
           ^^^^^^^^^^^^^^^^^^^^^^
  File "C:\Users\vkori\Desktop\Django2\ClimateActionFrontier_EmobilisProjectShowcasing\venv\Lib\site-packages\django\template\defaulttags.py", line 888, in create_var
    return TemplateLiteral(self.template_parser.compile_filter(value), value)
                           ^^^^^^^^^^^^^^^^^^^^^^^^^^^^^^^^^^^^^^^^^^
  File "C:\Users\vkori\Desktop\Django2\ClimateActionFrontier_EmobilisProjectShowcasing\venv\Lib\site-packages\django\template\base.py", line 600, in compile_filter
    return FilterExpression(token, self)
           ^^^^^^^^^^^^^^^^^^^^^^^^^^^^^
  File "C:\Users\vkori\Desktop\Django2\ClimateActionFrontier_EmobilisProjectShowcasing\venv\Lib\site-packages\django\template\base.py", line 703, in __init__
    raise TemplateSyntaxError(
django.template.exceptions.TemplateSyntaxError: Could not parse the remainder: '()' from 'form.is_valid()'
INFO 2023-11-30 19:10:30,444  13660  Watching for file changes with StatReloader
WARNING 2023-11-30 19:10:32,127  13660  Not Found: /cdn-cgi/scripts/5c5dd728/cloudflare-static/email-decode.min.js
ERROR 2023-11-30 19:10:33,612  13660  Internal Server Error: /member
Traceback (most recent call last):
  File "C:\Users\vkori\Desktop\Django2\ClimateActionFrontier_EmobilisProjectShowcasing\venv\Lib\site-packages\django\template\smartif.py", line 179, in translate_token
    op = OPERATORS[token]
         ~~~~~~~~~^^^^^^^
KeyError: 'is_valid()'

During handling of the above exception, another exception occurred:

Traceback (most recent call last):
  File "C:\Users\vkori\Desktop\Django2\ClimateActionFrontier_EmobilisProjectShowcasing\venv\Lib\site-packages\django\core\handlers\exception.py", line 55, in inner
    response = get_response(request)
               ^^^^^^^^^^^^^^^^^^^^^
  File "C:\Users\vkori\Desktop\Django2\ClimateActionFrontier_EmobilisProjectShowcasing\venv\Lib\site-packages\django\core\handlers\base.py", line 197, in _get_response
    response = wrapped_callback(request, *callback_args, **callback_kwargs)
               ^^^^^^^^^^^^^^^^^^^^^^^^^^^^^^^^^^^^^^^^^^^^^^^^^^^^^^^^^^^^
  File "C:\Users\vkori\Desktop\NEW\ClimateActionFrontier_EmobilisProjectShowcasing\mainapp\views.py", line 40, in member
    return render(request, "donors.html", {"form": form})
           ^^^^^^^^^^^^^^^^^^^^^^^^^^^^^^^^^^^^^^^^^^^^^^
  File "C:\Users\vkori\Desktop\Django2\ClimateActionFrontier_EmobilisProjectShowcasing\venv\Lib\site-packages\django\shortcuts.py", line 24, in render
    content = loader.render_to_string(template_name, context, request, using=using)
              ^^^^^^^^^^^^^^^^^^^^^^^^^^^^^^^^^^^^^^^^^^^^^^^^^^^^^^^^^^^^^^^^^^^^^
  File "C:\Users\vkori\Desktop\Django2\ClimateActionFrontier_EmobilisProjectShowcasing\venv\Lib\site-packages\django\template\loader.py", line 61, in render_to_string
    template = get_template(template_name, using=using)
               ^^^^^^^^^^^^^^^^^^^^^^^^^^^^^^^^^^^^^^^^
  File "C:\Users\vkori\Desktop\Django2\ClimateActionFrontier_EmobilisProjectShowcasing\venv\Lib\site-packages\django\template\loader.py", line 15, in get_template
    return engine.get_template(template_name)
           ^^^^^^^^^^^^^^^^^^^^^^^^^^^^^^^^^^
  File "C:\Users\vkori\Desktop\Django2\ClimateActionFrontier_EmobilisProjectShowcasing\venv\Lib\site-packages\django\template\backends\django.py", line 33, in get_template
    return Template(self.engine.get_template(template_name), self)
                    ^^^^^^^^^^^^^^^^^^^^^^^^^^^^^^^^^^^^^^^
  File "C:\Users\vkori\Desktop\Django2\ClimateActionFrontier_EmobilisProjectShowcasing\venv\Lib\site-packages\django\template\engine.py", line 175, in get_template
    template, origin = self.find_template(template_name)
                       ^^^^^^^^^^^^^^^^^^^^^^^^^^^^^^^^^
  File "C:\Users\vkori\Desktop\Django2\ClimateActionFrontier_EmobilisProjectShowcasing\venv\Lib\site-packages\django\template\engine.py", line 157, in find_template
    template = loader.get_template(name, skip=skip)
               ^^^^^^^^^^^^^^^^^^^^^^^^^^^^^^^^^^^^
  File "C:\Users\vkori\Desktop\Django2\ClimateActionFrontier_EmobilisProjectShowcasing\venv\Lib\site-packages\django\template\loaders\cached.py", line 57, in get_template
    template = super().get_template(template_name, skip)
               ^^^^^^^^^^^^^^^^^^^^^^^^^^^^^^^^^^^^^^^^^
  File "C:\Users\vkori\Desktop\Django2\ClimateActionFrontier_EmobilisProjectShowcasing\venv\Lib\site-packages\django\template\loaders\base.py", line 28, in get_template
    return Template(
           ^^^^^^^^^
  File "C:\Users\vkori\Desktop\Django2\ClimateActionFrontier_EmobilisProjectShowcasing\venv\Lib\site-packages\django\template\base.py", line 154, in __init__
    self.nodelist = self.compile_nodelist()
                    ^^^^^^^^^^^^^^^^^^^^^^^
  File "C:\Users\vkori\Desktop\Django2\ClimateActionFrontier_EmobilisProjectShowcasing\venv\Lib\site-packages\django\template\base.py", line 200, in compile_nodelist
    return parser.parse()
           ^^^^^^^^^^^^^^
  File "C:\Users\vkori\Desktop\Django2\ClimateActionFrontier_EmobilisProjectShowcasing\venv\Lib\site-packages\django\template\base.py", line 513, in parse
    raise self.error(token, e)
  File "C:\Users\vkori\Desktop\Django2\ClimateActionFrontier_EmobilisProjectShowcasing\venv\Lib\site-packages\django\template\base.py", line 511, in parse
    compiled_result = compile_func(self, token)
                      ^^^^^^^^^^^^^^^^^^^^^^^^^
  File "C:\Users\vkori\Desktop\Django2\ClimateActionFrontier_EmobilisProjectShowcasing\venv\Lib\site-packages\django\template\loader_tags.py", line 293, in do_extends
    nodelist = parser.parse()
               ^^^^^^^^^^^^^^
  File "C:\Users\vkori\Desktop\Django2\ClimateActionFrontier_EmobilisProjectShowcasing\venv\Lib\site-packages\django\template\base.py", line 513, in parse
    raise self.error(token, e)
  File "C:\Users\vkori\Desktop\Django2\ClimateActionFrontier_EmobilisProjectShowcasing\venv\Lib\site-packages\django\template\base.py", line 511, in parse
    compiled_result = compile_func(self, token)
                      ^^^^^^^^^^^^^^^^^^^^^^^^^
  File "C:\Users\vkori\Desktop\Django2\ClimateActionFrontier_EmobilisProjectShowcasing\venv\Lib\site-packages\django\template\loader_tags.py", line 232, in do_block
    nodelist = parser.parse(("endblock",))
               ^^^^^^^^^^^^^^^^^^^^^^^^^^^
  File "C:\Users\vkori\Desktop\Django2\ClimateActionFrontier_EmobilisProjectShowcasing\venv\Lib\site-packages\django\template\base.py", line 513, in parse
    raise self.error(token, e)
  File "C:\Users\vkori\Desktop\Django2\ClimateActionFrontier_EmobilisProjectShowcasing\venv\Lib\site-packages\django\template\base.py", line 511, in parse
    compiled_result = compile_func(self, token)
                      ^^^^^^^^^^^^^^^^^^^^^^^^^
  File "C:\Users\vkori\Desktop\Django2\ClimateActionFrontier_EmobilisProjectShowcasing\venv\Lib\site-packages\django\template\defaulttags.py", line 952, in do_if
    condition = TemplateIfParser(parser, bits).parse()
                ^^^^^^^^^^^^^^^^^^^^^^^^^^^^^^
  File "C:\Users\vkori\Desktop\Django2\ClimateActionFrontier_EmobilisProjectShowcasing\venv\Lib\site-packages\django\template\defaulttags.py", line 885, in __init__
    super().__init__(*args, **kwargs)
  File "C:\Users\vkori\Desktop\Django2\ClimateActionFrontier_EmobilisProjectShowcasing\venv\Lib\site-packages\django\template\smartif.py", line 170, in __init__
    mapped_tokens.append(self.translate_token(token))
                         ^^^^^^^^^^^^^^^^^^^^^^^^^^^
  File "C:\Users\vkori\Desktop\Django2\ClimateActionFrontier_EmobilisProjectShowcasing\venv\Lib\site-packages\django\template\smartif.py", line 181, in translate_token
    return self.create_var(token)
           ^^^^^^^^^^^^^^^^^^^^^^
  File "C:\Users\vkori\Desktop\Django2\ClimateActionFrontier_EmobilisProjectShowcasing\venv\Lib\site-packages\django\template\defaulttags.py", line 888, in create_var
    return TemplateLiteral(self.template_parser.compile_filter(value), value)
                           ^^^^^^^^^^^^^^^^^^^^^^^^^^^^^^^^^^^^^^^^^^
  File "C:\Users\vkori\Desktop\Django2\ClimateActionFrontier_EmobilisProjectShowcasing\venv\Lib\site-packages\django\template\base.py", line 600, in compile_filter
    return FilterExpression(token, self)
           ^^^^^^^^^^^^^^^^^^^^^^^^^^^^^
  File "C:\Users\vkori\Desktop\Django2\ClimateActionFrontier_EmobilisProjectShowcasing\venv\Lib\site-packages\django\template\base.py", line 703, in __init__
    raise TemplateSyntaxError(
django.template.exceptions.TemplateSyntaxError: Could not parse the remainder: '()' from 'is_valid()'
INFO 2023-11-30 19:10:59,132  25840  Watching for file changes with StatReloader
INFO 2023-11-30 19:11:40,875  26016  Watching for file changes with StatReloader
WARNING 2023-11-30 19:11:42,954  26016  Not Found: /cdn-cgi/scripts/5c5dd728/cloudflare-static/email-decode.min.js
